[0.614s] Invoking command in '/home/ros/chess_robot_ws/build/chess_robot_simulation': PYTHONPATH=/home/ros/chess_robot_ws/build/chess_robot_simulation/prefix_override:/usr/lib/python3/dist-packages/colcon_core/task/python/colcon_distutils_commands:/home/ros/chess_robot_ws/install/chess_robot_simulation/lib/python3.10/site-packages:${PYTHONPATH} /usr/bin/python3 -W ignore:setup.py install is deprecated -W ignore:easy_install command is deprecated setup.py develop --editable --build-directory /home/ros/chess_robot_ws/build/chess_robot_simulation/build --no-deps symlink_data --force
[0.873s] running develop
[1.041s] running egg_info
[1.041s] writing chess_robot_simulation.egg-info/PKG-INFO
[1.042s] writing dependency_links to chess_robot_simulation.egg-info/dependency_links.txt
[1.042s] writing entry points to chess_robot_simulation.egg-info/entry_points.txt
[1.043s] writing requirements to chess_robot_simulation.egg-info/requires.txt
[1.043s] writing top-level names to chess_robot_simulation.egg-info/top_level.txt
[1.045s] reading manifest file 'chess_robot_simulation.egg-info/SOURCES.txt'
[1.048s] writing manifest file 'chess_robot_simulation.egg-info/SOURCES.txt'
[1.049s] running build_ext
[1.049s] Creating /home/ros/chess_robot_ws/install/chess_robot_simulation/lib/python3.10/site-packages/chess-robot-simulation.egg-link (link to .)
[1.050s] Installing chess_robot_node script to /home/ros/chess_robot_ws/install/chess_robot_simulation/lib/chess_robot_simulation
[1.051s] Installing minimal_node script to /home/ros/chess_robot_ws/install/chess_robot_simulation/lib/chess_robot_simulation
[1.051s] Installing minimal_publisher script to /home/ros/chess_robot_ws/install/chess_robot_simulation/lib/chess_robot_simulation
[1.052s] 
[1.052s] Installed /home/ros/chess_robot_ws/build/chess_robot_simulation
[1.052s] running symlink_data
[1.052s] symbolically linking /home/ros/chess_robot_ws/build/chess_robot_simulation/resource/chess_robot_simulation -> /home/ros/chess_robot_ws/install/chess_robot_simulation/share/ament_index/resource_index/packages
[1.052s] symbolically linking /home/ros/chess_robot_ws/build/chess_robot_simulation/package.xml -> /home/ros/chess_robot_ws/install/chess_robot_simulation/share/chess_robot_simulation
[1.052s] symbolically linking /home/ros/chess_robot_ws/build/chess_robot_simulation/launch/debug.launch.py -> /home/ros/chess_robot_ws/install/chess_robot_simulation/share/chess_robot_simulation
[1.053s] symbolically linking /home/ros/chess_robot_ws/build/chess_robot_simulation/launch/chess_robot.launch.py -> /home/ros/chess_robot_ws/install/chess_robot_simulation/share/chess_robot_simulation
[1.091s] Invoked command in '/home/ros/chess_robot_ws/build/chess_robot_simulation' returned '0': PYTHONPATH=/home/ros/chess_robot_ws/build/chess_robot_simulation/prefix_override:/usr/lib/python3/dist-packages/colcon_core/task/python/colcon_distutils_commands:/home/ros/chess_robot_ws/install/chess_robot_simulation/lib/python3.10/site-packages:${PYTHONPATH} /usr/bin/python3 -W ignore:setup.py install is deprecated -W ignore:easy_install command is deprecated setup.py develop --editable --build-directory /home/ros/chess_robot_ws/build/chess_robot_simulation/build --no-deps symlink_data --force
