-- The CXX compiler identification is GNU 11.4.0
-- Detecting CXX compiler ABI info
-- Detecting CXX compiler ABI info - done
-- Check for working CXX compiler: /usr/bin/c++ - skipped
-- Detecting CXX compile features
-- Detecting CXX compile features - done
-- Found Boost: /usr/lib/x86_64-linux-gnu/cmake/Boost-1.74.0/BoostConfig.cmake (found version "1.74.0")  
-- Found ament_cmake: 1.3.11 (/opt/ros/humble/share/ament_cmake/cmake)
-- Found Python3: /usr/bin/python3 (found version "3.10.12") found components: Interpreter 
-- Override CMake install command with custom implementation using symlinks instead of copying resources
-- Found urdf: 2.6.1 (/opt/ros/humble/share/urdf/cmake)
-- Found TinyXML2 via Config file: TinyXML2_DIR-NOTFOUND
-- Found ament_cmake_gtest: 1.3.11 (/opt/ros/humble/share/ament_cmake_gtest/cmake)
-- Found ament_cmake_pytest: 1.3.11 (/opt/ros/humble/share/ament_cmake_pytest/cmake)
-- Found gtest sources under '/opt/ros/humble/src/gtest_vendor': C++ tests using 'Google Test' will be built
-- The C compiler identification is GNU 11.4.0
-- Detecting C compiler ABI info
-- Detecting C compiler ABI info - done
-- Check for working C compiler: /usr/bin/cc - skipped
-- Detecting C compile features
-- Detecting C compile features - done
-- Looking for C++ include pthread.h
-- Looking for C++ include pthread.h - found
-- Performing Test CMAKE_HAVE_LIBC_PTHREAD
-- Performing Test CMAKE_HAVE_LIBC_PTHREAD - Success
-- Found Threads: TRUE  
-- Found ament_lint_auto: 0.12.12 (/opt/ros/humble/share/ament_lint_auto/cmake)
-- Configuring done
-- Generating done
-- Build files have been written to: /home/will/chess_robot_ws/build/srdfdom
[  9%] [32mBuilding CXX object CMakeFiles/srdfdom.dir/src/model.cpp.o[0m
[ 18%] [32mBuilding CXX object gtest/CMakeFiles/gtest_main.dir/src/gtest_main.cc.o[0m
[ 27%] [32mBuilding CXX object gtest/CMakeFiles/gtest.dir/src/gtest-all.cc.o[0m
[ 27%] Built target ament_cmake_python_symlink_srdfdom
running egg_info
creating srdfdom.egg-info
writing srdfdom.egg-info/PKG-INFO
writing dependency_links to srdfdom.egg-info/dependency_links.txt
writing top-level names to srdfdom.egg-info/top_level.txt
writing manifest file 'srdfdom.egg-info/SOURCES.txt'
reading manifest file 'srdfdom.egg-info/SOURCES.txt'
writing manifest file 'srdfdom.egg-info/SOURCES.txt'
[ 27%] Built target ament_cmake_python_build_srdfdom_egg
[ 36%] [32mBuilding CXX object CMakeFiles/srdfdom.dir/src/srdf_writer.cpp.o[0m
[ 45%] [32m[1mLinking CXX static library libgtest_main.a[0m
[ 45%] Built target gtest_main
[ 54%] [32m[1mLinking CXX shared library libsrdfdom.so[0m
[ 54%] Built target srdfdom
[ 63%] [32m[1mLinking CXX static library libgtest.a[0m
[ 63%] Built target gtest
[ 72%] [32mBuilding CXX object CMakeFiles/test_cpp_C.dir/test/test_parser.cpp.o[0m
[ 81%] [32mBuilding CXX object CMakeFiles/test_cpp_nl_NL.UTF-8.dir/test/test_parser.cpp.o[0m
[ 90%] [32m[1mLinking CXX executable test_cpp_nl_NL.UTF-8[0m
[100%] [32m[1mLinking CXX executable test_cpp_C[0m
[100%] Built target test_cpp_nl_NL.UTF-8
[100%] Built target test_cpp_C
-- Install configuration: ""
-- Execute custom install script
-- Symlinking: /home/will/chess_robot_ws/install/srdfdom/include/srdfdom/srdfdom/model.h
-- Symlinking: /home/will/chess_robot_ws/install/srdfdom/include/srdfdom/srdfdom/srdf_writer.h
-- Symlinking: /home/will/chess_robot_ws/install/srdfdom/include/srdfdom/srdfdom/visibility_control.h
-- Symlinking: /home/will/chess_robot_ws/install/srdfdom/lib/srdfdom/display_srdf
-- Symlinking: /home/will/chess_robot_ws/install/srdfdom/share/srdfdom/environment/pythonpath.sh
-- Symlinking: /home/will/chess_robot_ws/install/srdfdom/share/srdfdom/environment/pythonpath.dsv
-- Symlinking: /home/will/chess_robot_ws/install/srdfdom/local/lib/python3.10/dist-packages/srdfdom-2.0.7-py3.10.egg-info/PKG-INFO
-- Symlinking: /home/will/chess_robot_ws/install/srdfdom/local/lib/python3.10/dist-packages/srdfdom-2.0.7-py3.10.egg-info/SOURCES.txt
-- Symlinking: /home/will/chess_robot_ws/install/srdfdom/local/lib/python3.10/dist-packages/srdfdom-2.0.7-py3.10.egg-info/dependency_links.txt
-- Symlinking: /home/will/chess_robot_ws/install/srdfdom/local/lib/python3.10/dist-packages/srdfdom-2.0.7-py3.10.egg-info/top_level.txt
-- Symlinking: /home/will/chess_robot_ws/install/srdfdom/local/lib/python3.10/dist-packages/srdfdom/__init__.py
-- Symlinking: /home/will/chess_robot_ws/install/srdfdom/local/lib/python3.10/dist-packages/srdfdom/srdf.py
-- Symlinking: /home/will/chess_robot_ws/install/srdfdom/share/srdfdom/environment/library_path.sh
-- Symlinking: /home/will/chess_robot_ws/install/srdfdom/share/srdfdom/environment/library_path.dsv
-- Symlinking: /home/will/chess_robot_ws/install/srdfdom/share/ament_index/resource_index/package_run_dependencies/srdfdom
-- Symlinking: /home/will/chess_robot_ws/install/srdfdom/share/ament_index/resource_index/parent_prefix_path/srdfdom
-- Symlinking: /home/will/chess_robot_ws/install/srdfdom/share/srdfdom/environment/ament_prefix_path.sh
-- Symlinking: /home/will/chess_robot_ws/install/srdfdom/share/srdfdom/environment/ament_prefix_path.dsv
-- Symlinking: /home/will/chess_robot_ws/install/srdfdom/share/srdfdom/environment/path.sh
-- Symlinking: /home/will/chess_robot_ws/install/srdfdom/share/srdfdom/environment/path.dsv
-- Symlinking: /home/will/chess_robot_ws/install/srdfdom/share/srdfdom/local_setup.bash
-- Symlinking: /home/will/chess_robot_ws/install/srdfdom/share/srdfdom/local_setup.sh
-- Symlinking: /home/will/chess_robot_ws/install/srdfdom/share/srdfdom/local_setup.zsh
-- Symlinking: /home/will/chess_robot_ws/install/srdfdom/share/srdfdom/local_setup.dsv
-- Symlinking: /home/will/chess_robot_ws/install/srdfdom/share/srdfdom/package.dsv
-- Symlinking: /home/will/chess_robot_ws/install/srdfdom/share/ament_index/resource_index/packages/srdfdom
-- Symlinking: /home/will/chess_robot_ws/install/srdfdom/share/srdfdom/cmake/ament_cmake_export_targets-extras.cmake
-- Symlinking: /home/will/chess_robot_ws/install/srdfdom/share/srdfdom/cmake/ament_cmake_export_dependencies-extras.cmake
-- Symlinking: /home/will/chess_robot_ws/install/srdfdom/share/srdfdom/cmake/srdfdomConfig.cmake
-- Symlinking: /home/will/chess_robot_ws/install/srdfdom/share/srdfdom/cmake/srdfdomConfig-version.cmake
-- Symlinking: /home/will/chess_robot_ws/install/srdfdom/share/srdfdom/package.xml
-- Installing: /home/will/chess_robot_ws/install/srdfdom/lib/libsrdfdom.so.2.0.7
-- Set runtime path of "/home/will/chess_robot_ws/install/srdfdom/lib/libsrdfdom.so.2.0.7" to ""
-- Installing: /home/will/chess_robot_ws/install/srdfdom/lib/libsrdfdom.so
Listing '/home/will/chess_robot_ws/install/srdfdom/local/lib/python3.10/dist-packages/srdfdom'...
Compiling '/home/will/chess_robot_ws/install/srdfdom/local/lib/python3.10/dist-packages/srdfdom/__init__.py'...
Compiling '/home/will/chess_robot_ws/install/srdfdom/local/lib/python3.10/dist-packages/srdfdom/srdf.py'...
-- Installing: /home/will/chess_robot_ws/install/srdfdom/share/srdfdom/cmake/srdfdomTargetsExport.cmake
-- Installing: /home/will/chess_robot_ws/install/srdfdom/share/srdfdom/cmake/srdfdomTargetsExport-noconfig.cmake
