[2.827s] DEBUG:colcon:Command line arguments: ['/usr/bin/colcon', 'build']
[2.827s] DEBUG:colcon:Parsed command line arguments: Namespace(log_base=None, log_level=None, verb_name='build', build_base='build', install_base='install', merge_install=False, symlink_install=False, test_result_base=None, continue_on_error=False, executor='parallel', parallel_workers=8, event_handlers=None, ignore_user_meta=False, metas=['./colcon.meta'], base_paths=['.'], packages_ignore=None, packages_ignore_regex=None, paths=None, packages_up_to=None, packages_up_to_regex=None, packages_above=None, packages_above_and_dependencies=None, packages_above_depth=None, packages_select_by_dep=None, packages_skip_by_dep=None, packages_skip_up_to=None, packages_select_build_failed=False, packages_skip_build_finished=False, packages_select_test_failures=False, packages_skip_test_passed=False, packages_select=None, packages_skip=None, packages_select_regex=None, packages_skip_regex=None, packages_start=None, packages_end=None, allow_overriding=[], cmake_args=None, cmake_target=None, cmake_target_skip_unavailable=False, cmake_clean_cache=False, cmake_clean_first=False, cmake_force_configure=False, ament_cmake_args=None, catkin_cmake_args=None, catkin_skip_building_tests=False, mixin_files=None, mixin=None, verb_parser=<colcon_mixin.mixin.mixin_argument.MixinArgumentDecorator object at 0x735c9b8374f0>, verb_extension=<colcon_core.verb.build.BuildVerb object at 0x735c9b837160>, main=<bound method BuildVerb.main of <colcon_core.verb.build.BuildVerb object at 0x735c9b837160>>, mixin_verb=('build',))
[4.927s] Level 1:colcon.colcon_core.package_discovery:discover_packages(colcon_meta) check parameters
[4.928s] Level 1:colcon.colcon_core.package_discovery:discover_packages(recursive) check parameters
[4.928s] Level 1:colcon.colcon_core.package_discovery:discover_packages(ignore) check parameters
[4.928s] Level 1:colcon.colcon_core.package_discovery:discover_packages(path) check parameters
[4.928s] Level 1:colcon.colcon_core.package_discovery:discover_packages(colcon_meta) discover
[4.928s] Level 1:colcon.colcon_core.package_discovery:discover_packages(recursive) discover
[4.928s] INFO:colcon.colcon_core.package_discovery:Crawling recursively for packages in '/home/ros/chess_robot_ws'
[4.928s] Level 1:colcon.colcon_core.package_identification:_identify(.) by extensions ['ignore', 'ignore_ament_install']
[4.928s] Level 1:colcon.colcon_core.package_identification:_identify(.) by extension 'ignore'
[4.929s] Level 1:colcon.colcon_core.package_identification:_identify(.) by extension 'ignore_ament_install'
[4.929s] Level 1:colcon.colcon_core.package_identification:_identify(.) by extensions ['colcon_pkg']
[4.930s] Level 1:colcon.colcon_core.package_identification:_identify(.) by extension 'colcon_pkg'
[4.930s] Level 1:colcon.colcon_core.package_identification:_identify(.) by extensions ['colcon_meta']
[4.930s] Level 1:colcon.colcon_core.package_identification:_identify(.) by extension 'colcon_meta'
[4.930s] Level 1:colcon.colcon_core.package_identification:_identify(.) by extensions ['ros']
[4.930s] Level 1:colcon.colcon_core.package_identification:_identify(.) by extension 'ros'
[5.033s] Level 1:colcon.colcon_core.package_identification:_identify(.) by extensions ['cmake', 'python']
[5.039s] Level 1:colcon.colcon_core.package_identification:_identify(.) by extension 'cmake'
[5.039s] Level 1:colcon.colcon_core.package_identification:_identify(.) by extension 'python'
[5.039s] Level 1:colcon.colcon_core.package_identification:_identify(.) by extensions ['python_setup_py']
[5.039s] Level 1:colcon.colcon_core.package_identification:_identify(.) by extension 'python_setup_py'
[5.040s] Level 1:colcon.colcon_core.package_identification:_identify(build) by extensions ['ignore', 'ignore_ament_install']
[5.042s] Level 1:colcon.colcon_core.package_identification:_identify(build) by extension 'ignore'
[5.042s] Level 1:colcon.colcon_core.package_identification:_identify(build) ignored
[5.042s] Level 1:colcon.colcon_core.package_identification:_identify(install) by extensions ['ignore', 'ignore_ament_install']
[5.043s] Level 1:colcon.colcon_core.package_identification:_identify(install) by extension 'ignore'
[5.043s] Level 1:colcon.colcon_core.package_identification:_identify(install) ignored
[5.043s] Level 1:colcon.colcon_core.package_identification:_identify(log) by extensions ['ignore', 'ignore_ament_install']
[5.043s] Level 1:colcon.colcon_core.package_identification:_identify(log) by extension 'ignore'
[5.043s] Level 1:colcon.colcon_core.package_identification:_identify(log) ignored
[5.048s] Level 1:colcon.colcon_core.package_identification:_identify(src) by extensions ['ignore', 'ignore_ament_install']
[5.055s] Level 1:colcon.colcon_core.package_identification:_identify(src) by extension 'ignore'
[5.058s] Level 1:colcon.colcon_core.package_identification:_identify(src) by extension 'ignore_ament_install'
[5.058s] Level 1:colcon.colcon_core.package_identification:_identify(src) by extensions ['colcon_pkg']
[5.058s] Level 1:colcon.colcon_core.package_identification:_identify(src) by extension 'colcon_pkg'
[5.058s] Level 1:colcon.colcon_core.package_identification:_identify(src) by extensions ['colcon_meta']
[5.063s] Level 1:colcon.colcon_core.package_identification:_identify(src) by extension 'colcon_meta'
[5.063s] Level 1:colcon.colcon_core.package_identification:_identify(src) by extensions ['ros']
[5.064s] Level 1:colcon.colcon_core.package_identification:_identify(src) by extension 'ros'
[5.064s] Level 1:colcon.colcon_core.package_identification:_identify(src) by extensions ['cmake', 'python']
[5.064s] Level 1:colcon.colcon_core.package_identification:_identify(src) by extension 'cmake'
[5.064s] Level 1:colcon.colcon_core.package_identification:_identify(src) by extension 'python'
[5.064s] Level 1:colcon.colcon_core.package_identification:_identify(src) by extensions ['python_setup_py']
[5.064s] Level 1:colcon.colcon_core.package_identification:_identify(src) by extension 'python_setup_py'
[5.064s] Level 1:colcon.colcon_core.package_identification:_identify(src/chess_robot_simulation) by extensions ['ignore', 'ignore_ament_install']
[5.066s] Level 1:colcon.colcon_core.package_identification:_identify(src/chess_robot_simulation) by extension 'ignore'
[5.066s] Level 1:colcon.colcon_core.package_identification:_identify(src/chess_robot_simulation) by extension 'ignore_ament_install'
[5.066s] Level 1:colcon.colcon_core.package_identification:_identify(src/chess_robot_simulation) by extensions ['colcon_pkg']
[5.066s] Level 1:colcon.colcon_core.package_identification:_identify(src/chess_robot_simulation) by extension 'colcon_pkg'
[5.066s] Level 1:colcon.colcon_core.package_identification:_identify(src/chess_robot_simulation) by extensions ['colcon_meta']
[5.066s] Level 1:colcon.colcon_core.package_identification:_identify(src/chess_robot_simulation) by extension 'colcon_meta'
[5.066s] Level 1:colcon.colcon_core.package_identification:_identify(src/chess_robot_simulation) by extensions ['ros']
[5.066s] Level 1:colcon.colcon_core.package_identification:_identify(src/chess_robot_simulation) by extension 'ros'
[5.092s] DEBUG:colcon.colcon_core.package_identification:Package 'src/chess_robot_simulation' with type 'ros.ament_python' and name 'chess_robot_simulation'
[5.092s] Level 1:colcon.colcon_core.package_discovery:discover_packages(recursive) using defaults
[5.093s] Level 1:colcon.colcon_core.package_discovery:discover_packages(ignore) discover
[5.093s] Level 1:colcon.colcon_core.package_discovery:discover_packages(ignore) using defaults
[5.093s] Level 1:colcon.colcon_core.package_discovery:discover_packages(path) discover
[5.093s] Level 1:colcon.colcon_core.package_discovery:discover_packages(path) using defaults
[5.428s] Level 1:colcon.colcon_core.package_discovery:discover_packages(prefix_path) check parameters
[5.429s] Level 1:colcon.colcon_core.package_discovery:discover_packages(prefix_path) discover
[5.548s] DEBUG:colcon.colcon_installed_package_information.package_discovery:Found 1 installed packages in /home/ros/ros2_ws/install
[5.550s] DEBUG:colcon.colcon_installed_package_information.package_discovery:Found 1 installed packages in /home/ros/chess_robot_ws/install
[5.552s] DEBUG:colcon.colcon_installed_package_information.package_discovery:Found 2 installed packages in /home/ros/install
[5.559s] DEBUG:colcon.colcon_installed_package_information.package_discovery:Found 347 installed packages in /opt/ros/humble
[5.565s] Level 1:colcon.colcon_core.package_discovery:discover_packages(prefix_path) using defaults
[5.800s] Level 5:colcon.colcon_core.verb:set package 'chess_robot_simulation' build argument 'cmake_args' from command line to 'None'
[5.800s] Level 5:colcon.colcon_core.verb:set package 'chess_robot_simulation' build argument 'cmake_target' from command line to 'None'
[5.800s] Level 5:colcon.colcon_core.verb:set package 'chess_robot_simulation' build argument 'cmake_target_skip_unavailable' from command line to 'False'
[5.800s] Level 5:colcon.colcon_core.verb:set package 'chess_robot_simulation' build argument 'cmake_clean_cache' from command line to 'False'
[5.800s] Level 5:colcon.colcon_core.verb:set package 'chess_robot_simulation' build argument 'cmake_clean_first' from command line to 'False'
[5.800s] Level 5:colcon.colcon_core.verb:set package 'chess_robot_simulation' build argument 'cmake_force_configure' from command line to 'False'
[5.800s] Level 5:colcon.colcon_core.verb:set package 'chess_robot_simulation' build argument 'ament_cmake_args' from command line to 'None'
[5.800s] Level 5:colcon.colcon_core.verb:set package 'chess_robot_simulation' build argument 'catkin_cmake_args' from command line to 'None'
[5.800s] Level 5:colcon.colcon_core.verb:set package 'chess_robot_simulation' build argument 'catkin_skip_building_tests' from command line to 'False'
[5.800s] DEBUG:colcon.colcon_core.verb:Building package 'chess_robot_simulation' with the following arguments: {'ament_cmake_args': None, 'build_base': '/home/ros/chess_robot_ws/build/chess_robot_simulation', 'catkin_cmake_args': None, 'catkin_skip_building_tests': False, 'cmake_args': None, 'cmake_clean_cache': False, 'cmake_clean_first': False, 'cmake_force_configure': False, 'cmake_target': None, 'cmake_target_skip_unavailable': False, 'install_base': '/home/ros/chess_robot_ws/install/chess_robot_simulation', 'merge_install': False, 'path': '/home/ros/chess_robot_ws/src/chess_robot_simulation', 'symlink_install': False, 'test_result_base': None}
[5.800s] INFO:colcon.colcon_core.executor:Executing jobs using 'parallel' executor
[5.810s] DEBUG:colcon.colcon_parallel_executor.executor.parallel:run_until_complete
[5.810s] INFO:colcon.colcon_ros.task.ament_python.build:Building ROS package in '/home/ros/chess_robot_ws/src/chess_robot_simulation' with build type 'ament_python'
[5.810s] Level 1:colcon.colcon_core.shell:create_environment_hook('chess_robot_simulation', 'ament_prefix_path')
[5.876s] INFO:colcon.colcon_core.plugin_system:Skipping extension 'colcon_core.shell.bat': Not used on non-Windows systems
[5.878s] INFO:colcon.colcon_core.shell:Creating environment hook '/home/ros/chess_robot_ws/install/chess_robot_simulation/share/chess_robot_simulation/hook/ament_prefix_path.ps1'
[5.892s] INFO:colcon.colcon_core.shell:Creating environment descriptor '/home/ros/chess_robot_ws/install/chess_robot_simulation/share/chess_robot_simulation/hook/ament_prefix_path.dsv'
[5.910s] INFO:colcon.colcon_core.shell:Creating environment hook '/home/ros/chess_robot_ws/install/chess_robot_simulation/share/chess_robot_simulation/hook/ament_prefix_path.sh'
[5.932s] INFO:colcon.colcon_core.shell:Skip shell extension 'powershell' for command environment: Not usable outside of PowerShell
[5.932s] DEBUG:colcon.colcon_core.shell:Skip shell extension 'dsv' for command environment
[7.193s] INFO:colcon.colcon_core.task.python.build:Building Python package in '/home/ros/chess_robot_ws/src/chess_robot_simulation'
[7.195s] INFO:colcon.colcon_core.shell:Skip shell extension 'powershell' for command environment: Not usable outside of PowerShell
[7.197s] DEBUG:colcon.colcon_core.shell:Skip shell extension 'dsv' for command environment
[11.365s] DEBUG:colcon.colcon_core.event_handler.log_command:Invoking command in '/home/ros/chess_robot_ws/build/chess_robot_simulation': PYTHONPATH=/home/ros/chess_robot_ws/build/chess_robot_simulation/prefix_override:/usr/lib/python3/dist-packages/colcon_core/task/python/colcon_distutils_commands:/home/ros/chess_robot_ws/install/chess_robot_simulation/lib/python3.10/site-packages:${PYTHONPATH} /usr/bin/python3 -W ignore:setup.py install is deprecated -W ignore:easy_install command is deprecated setup.py develop --uninstall --editable --build-directory /home/ros/chess_robot_ws/build/chess_robot_simulation/build
[12.544s] DEBUG:colcon.colcon_core.event_handler.log_command:Invoked command in '/home/ros/chess_robot_ws/build/chess_robot_simulation' returned '0': PYTHONPATH=/home/ros/chess_robot_ws/build/chess_robot_simulation/prefix_override:/usr/lib/python3/dist-packages/colcon_core/task/python/colcon_distutils_commands:/home/ros/chess_robot_ws/install/chess_robot_simulation/lib/python3.10/site-packages:${PYTHONPATH} /usr/bin/python3 -W ignore:setup.py install is deprecated -W ignore:easy_install command is deprecated setup.py develop --uninstall --editable --build-directory /home/ros/chess_robot_ws/build/chess_robot_simulation/build
[12.551s] DEBUG:colcon.colcon_core.event_handler.log_command:Invoking command in '/home/ros/chess_robot_ws/src/chess_robot_simulation': PYTHONPATH=/home/ros/chess_robot_ws/build/chess_robot_simulation/prefix_override:/usr/lib/python3/dist-packages/colcon_core/task/python/colcon_distutils_commands:/home/ros/chess_robot_ws/install/chess_robot_simulation/lib/python3.10/site-packages:${PYTHONPATH} /usr/bin/python3 -W ignore:setup.py install is deprecated -W ignore:easy_install command is deprecated setup.py egg_info --egg-base ../../build/chess_robot_simulation build --build-base /home/ros/chess_robot_ws/build/chess_robot_simulation/build install --record /home/ros/chess_robot_ws/build/chess_robot_simulation/install.log --single-version-externally-managed install_data --force
[13.199s] DEBUG:colcon.colcon_core.event_handler.log_command:Invoked command in '/home/ros/chess_robot_ws/src/chess_robot_simulation' returned '0': PYTHONPATH=/home/ros/chess_robot_ws/build/chess_robot_simulation/prefix_override:/usr/lib/python3/dist-packages/colcon_core/task/python/colcon_distutils_commands:/home/ros/chess_robot_ws/install/chess_robot_simulation/lib/python3.10/site-packages:${PYTHONPATH} /usr/bin/python3 -W ignore:setup.py install is deprecated -W ignore:easy_install command is deprecated setup.py egg_info --egg-base ../../build/chess_robot_simulation build --build-base /home/ros/chess_robot_ws/build/chess_robot_simulation/build install --record /home/ros/chess_robot_ws/build/chess_robot_simulation/install.log --single-version-externally-managed install_data --force
[13.298s] Level 1:colcon.colcon_core.environment:checking '/home/ros/chess_robot_ws/install/chess_robot_simulation' for CMake module files
[13.299s] Level 1:colcon.colcon_core.environment:checking '/home/ros/chess_robot_ws/install/chess_robot_simulation' for CMake config files
[13.300s] Level 1:colcon.colcon_core.environment:checking '/home/ros/chess_robot_ws/install/chess_robot_simulation/lib'
[13.300s] Level 1:colcon.colcon_core.environment:checking '/home/ros/chess_robot_ws/install/chess_robot_simulation/bin'
[13.302s] Level 1:colcon.colcon_core.environment:checking '/home/ros/chess_robot_ws/install/chess_robot_simulation/lib/pkgconfig/chess_robot_simulation.pc'
[13.302s] Level 1:colcon.colcon_core.environment:checking '/home/ros/chess_robot_ws/install/chess_robot_simulation/lib/python3.10/site-packages'
[13.303s] Level 1:colcon.colcon_core.shell:create_environment_hook('chess_robot_simulation', 'pythonpath')
[13.303s] INFO:colcon.colcon_core.shell:Creating environment hook '/home/ros/chess_robot_ws/install/chess_robot_simulation/share/chess_robot_simulation/hook/pythonpath.ps1'
[13.305s] INFO:colcon.colcon_core.shell:Creating environment descriptor '/home/ros/chess_robot_ws/install/chess_robot_simulation/share/chess_robot_simulation/hook/pythonpath.dsv'
[13.306s] INFO:colcon.colcon_core.shell:Creating environment hook '/home/ros/chess_robot_ws/install/chess_robot_simulation/share/chess_robot_simulation/hook/pythonpath.sh'
[13.317s] Level 1:colcon.colcon_core.environment:checking '/home/ros/chess_robot_ws/install/chess_robot_simulation/bin'
[13.318s] Level 1:colcon.colcon_core.environment:create_environment_scripts_only(chess_robot_simulation)
[13.319s] INFO:colcon.colcon_core.shell:Creating package script '/home/ros/chess_robot_ws/install/chess_robot_simulation/share/chess_robot_simulation/package.ps1'
[13.375s] INFO:colcon.colcon_core.shell:Creating package descriptor '/home/ros/chess_robot_ws/install/chess_robot_simulation/share/chess_robot_simulation/package.dsv'
[13.391s] INFO:colcon.colcon_core.shell:Creating package script '/home/ros/chess_robot_ws/install/chess_robot_simulation/share/chess_robot_simulation/package.sh'
[13.395s] INFO:colcon.colcon_core.shell:Creating package script '/home/ros/chess_robot_ws/install/chess_robot_simulation/share/chess_robot_simulation/package.bash'
[13.403s] INFO:colcon.colcon_core.shell:Creating package script '/home/ros/chess_robot_ws/install/chess_robot_simulation/share/chess_robot_simulation/package.zsh'
[13.410s] Level 1:colcon.colcon_core.environment:create_file_with_runtime_dependencies(/home/ros/chess_robot_ws/install/chess_robot_simulation/share/colcon-core/packages/chess_robot_simulation)
[13.413s] DEBUG:colcon.colcon_parallel_executor.executor.parallel:closing loop
[13.414s] DEBUG:colcon.colcon_parallel_executor.executor.parallel:loop closed
[13.414s] DEBUG:colcon.colcon_parallel_executor.executor.parallel:run_until_complete finished with '0'
[13.414s] DEBUG:colcon.colcon_core.event_reactor:joining thread
[13.510s] INFO:colcon.colcon_core.plugin_system:Skipping extension 'colcon_notification.desktop_notification.terminal_notifier': Not used on non-Darwin systems
[13.511s] INFO:colcon.colcon_core.plugin_system:Skipping extension 'colcon_notification.desktop_notification.win32': Not used on non-Windows systems
[13.511s] INFO:colcon.colcon_notification.desktop_notification:Sending desktop notification using 'notify2'
[13.675s] DEBUG:colcon.colcon_core.event_reactor:joined thread
[13.679s] INFO:colcon.colcon_core.shell:Creating prefix script '/home/ros/chess_robot_ws/install/local_setup.ps1'
[13.695s] INFO:colcon.colcon_core.shell:Creating prefix util module '/home/ros/chess_robot_ws/install/_local_setup_util_ps1.py'
[13.711s] INFO:colcon.colcon_core.shell:Creating prefix chain script '/home/ros/chess_robot_ws/install/setup.ps1'
[13.735s] INFO:colcon.colcon_core.shell:Creating prefix script '/home/ros/chess_robot_ws/install/local_setup.sh'
[13.751s] INFO:colcon.colcon_core.shell:Creating prefix util module '/home/ros/chess_robot_ws/install/_local_setup_util_sh.py'
[13.758s] INFO:colcon.colcon_core.shell:Creating prefix chain script '/home/ros/chess_robot_ws/install/setup.sh'
[13.764s] INFO:colcon.colcon_core.shell:Creating prefix script '/home/ros/chess_robot_ws/install/local_setup.bash'
[13.769s] INFO:colcon.colcon_core.shell:Creating prefix chain script '/home/ros/chess_robot_ws/install/setup.bash'
[13.775s] INFO:colcon.colcon_core.shell:Creating prefix script '/home/ros/chess_robot_ws/install/local_setup.zsh'
[13.781s] INFO:colcon.colcon_core.shell:Creating prefix chain script '/home/ros/chess_robot_ws/install/setup.zsh'
