[0.685s] Invoking command in '/home/ros/chess_robot_ws/build/chess_robot_simulation': PYTHONPATH=/home/ros/chess_robot_ws/build/chess_robot_simulation/prefix_override:/usr/lib/python3/dist-packages/colcon_core/task/python/colcon_distutils_commands:/home/ros/chess_robot_ws/install/chess_robot_simulation/lib/python3.10/site-packages:${PYTHONPATH} /usr/bin/python3 -W ignore:setup.py install is deprecated -W ignore:easy_install command is deprecated setup.py develop --uninstall --editable --build-directory /home/ros/chess_robot_ws/build/chess_robot_simulation/build
[0.954s] running develop
[1.124s] Removing /home/ros/chess_robot_ws/install/chess_robot_simulation/lib/python3.10/site-packages/chess-robot-simulation.egg-link (link to .)
[1.154s] Invoked command in '/home/ros/chess_robot_ws/build/chess_robot_simulation' returned '0': PYTHONPATH=/home/ros/chess_robot_ws/build/chess_robot_simulation/prefix_override:/usr/lib/python3/dist-packages/colcon_core/task/python/colcon_distutils_commands:/home/ros/chess_robot_ws/install/chess_robot_simulation/lib/python3.10/site-packages:${PYTHONPATH} /usr/bin/python3 -W ignore:setup.py install is deprecated -W ignore:easy_install command is deprecated setup.py develop --uninstall --editable --build-directory /home/ros/chess_robot_ws/build/chess_robot_simulation/build
[1.159s] Invoking command in '/home/ros/chess_robot_ws/src/chess_robot_simulation': PYTHONPATH=/home/ros/chess_robot_ws/build/chess_robot_simulation/prefix_override:/usr/lib/python3/dist-packages/colcon_core/task/python/colcon_distutils_commands:/home/ros/chess_robot_ws/install/chess_robot_simulation/lib/python3.10/site-packages:${PYTHONPATH} /usr/bin/python3 -W ignore:setup.py install is deprecated -W ignore:easy_install command is deprecated setup.py egg_info --egg-base ../../build/chess_robot_simulation build --build-base /home/ros/chess_robot_ws/build/chess_robot_simulation/build install --record /home/ros/chess_robot_ws/build/chess_robot_simulation/install.log --single-version-externally-managed install_data --force
[1.411s] running egg_info
[1.412s] writing ../../build/chess_robot_simulation/chess_robot_simulation.egg-info/PKG-INFO
[1.412s] writing dependency_links to ../../build/chess_robot_simulation/chess_robot_simulation.egg-info/dependency_links.txt
[1.413s] writing entry points to ../../build/chess_robot_simulation/chess_robot_simulation.egg-info/entry_points.txt
[1.414s] writing requirements to ../../build/chess_robot_simulation/chess_robot_simulation.egg-info/requires.txt
[1.414s] writing top-level names to ../../build/chess_robot_simulation/chess_robot_simulation.egg-info/top_level.txt
[1.417s] reading manifest file '../../build/chess_robot_simulation/chess_robot_simulation.egg-info/SOURCES.txt'
[1.418s] writing manifest file '../../build/chess_robot_simulation/chess_robot_simulation.egg-info/SOURCES.txt'
[1.418s] running build
[1.418s] running build_py
[1.418s] creating /home/ros/chess_robot_ws/build/chess_robot_simulation/build
[1.419s] creating /home/ros/chess_robot_ws/build/chess_robot_simulation/build/lib
[1.419s] creating /home/ros/chess_robot_ws/build/chess_robot_simulation/build/lib/chess_robot_simulation
[1.419s] copying chess_robot_simulation/minimal_node.py -> /home/ros/chess_robot_ws/build/chess_robot_simulation/build/lib/chess_robot_simulation
[1.419s] copying chess_robot_simulation/minimal_publisher.py -> /home/ros/chess_robot_ws/build/chess_robot_simulation/build/lib/chess_robot_simulation
[1.419s] copying chess_robot_simulation/chess_robot_node.py -> /home/ros/chess_robot_ws/build/chess_robot_simulation/build/lib/chess_robot_simulation
[1.419s] copying chess_robot_simulation/__init__.py -> /home/ros/chess_robot_ws/build/chess_robot_simulation/build/lib/chess_robot_simulation
[1.420s] running install
[1.421s] running install_lib
[1.421s] creating /home/ros/chess_robot_ws/install/chess_robot_simulation/lib/python3.10/site-packages/chess_robot_simulation
[1.422s] copying /home/ros/chess_robot_ws/build/chess_robot_simulation/build/lib/chess_robot_simulation/minimal_node.py -> /home/ros/chess_robot_ws/install/chess_robot_simulation/lib/python3.10/site-packages/chess_robot_simulation
[1.423s] copying /home/ros/chess_robot_ws/build/chess_robot_simulation/build/lib/chess_robot_simulation/minimal_publisher.py -> /home/ros/chess_robot_ws/install/chess_robot_simulation/lib/python3.10/site-packages/chess_robot_simulation
[1.423s] copying /home/ros/chess_robot_ws/build/chess_robot_simulation/build/lib/chess_robot_simulation/chess_robot_node.py -> /home/ros/chess_robot_ws/install/chess_robot_simulation/lib/python3.10/site-packages/chess_robot_simulation
[1.423s] copying /home/ros/chess_robot_ws/build/chess_robot_simulation/build/lib/chess_robot_simulation/__init__.py -> /home/ros/chess_robot_ws/install/chess_robot_simulation/lib/python3.10/site-packages/chess_robot_simulation
[1.424s] byte-compiling /home/ros/chess_robot_ws/install/chess_robot_simulation/lib/python3.10/site-packages/chess_robot_simulation/minimal_node.py to minimal_node.cpython-310.pyc
[1.425s] byte-compiling /home/ros/chess_robot_ws/install/chess_robot_simulation/lib/python3.10/site-packages/chess_robot_simulation/minimal_publisher.py to minimal_publisher.cpython-310.pyc
[1.426s] byte-compiling /home/ros/chess_robot_ws/install/chess_robot_simulation/lib/python3.10/site-packages/chess_robot_simulation/chess_robot_node.py to chess_robot_node.cpython-310.pyc
[1.427s] byte-compiling /home/ros/chess_robot_ws/install/chess_robot_simulation/lib/python3.10/site-packages/chess_robot_simulation/__init__.py to __init__.cpython-310.pyc
[1.427s] running install_data
[1.428s] copying resource/chess_robot_simulation -> /home/ros/chess_robot_ws/install/chess_robot_simulation/share/ament_index/resource_index/packages
[1.428s] copying package.xml -> /home/ros/chess_robot_ws/install/chess_robot_simulation/share/chess_robot_simulation
[1.428s] copying launch/debug.launch.py -> /home/ros/chess_robot_ws/install/chess_robot_simulation/share/chess_robot_simulation
[1.428s] copying launch/chess_robot.launch.py -> /home/ros/chess_robot_ws/install/chess_robot_simulation/share/chess_robot_simulation
[1.428s] running install_egg_info
[1.431s] Copying ../../build/chess_robot_simulation/chess_robot_simulation.egg-info to /home/ros/chess_robot_ws/install/chess_robot_simulation/lib/python3.10/site-packages/chess_robot_simulation-0.0.1-py3.10.egg-info
[1.432s] running install_scripts
[1.454s] Installing chess_robot_node script to /home/ros/chess_robot_ws/install/chess_robot_simulation/lib/chess_robot_simulation
[1.456s] Installing minimal_node script to /home/ros/chess_robot_ws/install/chess_robot_simulation/lib/chess_robot_simulation
[1.456s] Installing minimal_publisher script to /home/ros/chess_robot_ws/install/chess_robot_simulation/lib/chess_robot_simulation
[1.457s] writing list of installed files to '/home/ros/chess_robot_ws/build/chess_robot_simulation/install.log'
[1.486s] Invoked command in '/home/ros/chess_robot_ws/src/chess_robot_simulation' returned '0': PYTHONPATH=/home/ros/chess_robot_ws/build/chess_robot_simulation/prefix_override:/usr/lib/python3/dist-packages/colcon_core/task/python/colcon_distutils_commands:/home/ros/chess_robot_ws/install/chess_robot_simulation/lib/python3.10/site-packages:${PYTHONPATH} /usr/bin/python3 -W ignore:setup.py install is deprecated -W ignore:easy_install command is deprecated setup.py egg_info --egg-base ../../build/chess_robot_simulation build --build-base /home/ros/chess_robot_ws/build/chess_robot_simulation/build install --record /home/ros/chess_robot_ws/build/chess_robot_simulation/install.log --single-version-externally-managed install_data --force
