[0.085s] Invoking command in '/home/will/chess_robot_ws/build/moveit_common': CMAKE_PREFIX_PATH=${CMAKE_PREFIX_PATH}:/home/will/chess_robot_ws/install/chess_robot_simulation:/home/will/chess_robot_ws/install/moveit_configs_utils:/home/will/chess_robot_ws/install/launch_param_builder:/opt/ros/humble /usr/bin/cmake /home/will/chess_robot_ws/src/moveit2/moveit_common -DAMENT_CMAKE_SYMLINK_INSTALL=1 -DCMAKE_INSTALL_PREFIX=/home/will/chess_robot_ws/install/moveit_common
[0.217s] -- Found ament_cmake: 1.3.11 (/opt/ros/humble/share/ament_cmake/cmake)
[0.926s] -- Found Python3: /usr/bin/python3 (found version "3.10.12") found components: Interpreter 
[1.164s] -- Override CMake install command with custom implementation using symlinks instead of copying resources
[1.272s] -- Found ament_lint_auto: 0.12.12 (/opt/ros/humble/share/ament_lint_auto/cmake)
[1.527s] -- Added test 'copyright' to check source files copyright and LICENSE
[1.530s] -- Added test 'lint_cmake' to check CMake code style
[1.538s] -- Added test 'xmllint' to check XML markup files
[1.547s] -- Configuring done
[1.576s] -- Generating done
[1.600s] -- Build files have been written to: /home/will/chess_robot_ws/build/moveit_common
[1.645s] Invoked command in '/home/will/chess_robot_ws/build/moveit_common' returned '0': CMAKE_PREFIX_PATH=${CMAKE_PREFIX_PATH}:/home/will/chess_robot_ws/install/chess_robot_simulation:/home/will/chess_robot_ws/install/moveit_configs_utils:/home/will/chess_robot_ws/install/launch_param_builder:/opt/ros/humble /usr/bin/cmake /home/will/chess_robot_ws/src/moveit2/moveit_common -DAMENT_CMAKE_SYMLINK_INSTALL=1 -DCMAKE_INSTALL_PREFIX=/home/will/chess_robot_ws/install/moveit_common
[1.670s] Invoking command in '/home/will/chess_robot_ws/build/moveit_common': CMAKE_PREFIX_PATH=${CMAKE_PREFIX_PATH}:/home/will/chess_robot_ws/install/chess_robot_simulation:/home/will/chess_robot_ws/install/moveit_configs_utils:/home/will/chess_robot_ws/install/launch_param_builder:/opt/ros/humble /usr/bin/cmake --build /home/will/chess_robot_ws/build/moveit_common -- -j4 -l4
[2.012s] Invoked command in '/home/will/chess_robot_ws/build/moveit_common' returned '0': CMAKE_PREFIX_PATH=${CMAKE_PREFIX_PATH}:/home/will/chess_robot_ws/install/chess_robot_simulation:/home/will/chess_robot_ws/install/moveit_configs_utils:/home/will/chess_robot_ws/install/launch_param_builder:/opt/ros/humble /usr/bin/cmake --build /home/will/chess_robot_ws/build/moveit_common -- -j4 -l4
[2.020s] Invoking command in '/home/will/chess_robot_ws/build/moveit_common': CMAKE_PREFIX_PATH=${CMAKE_PREFIX_PATH}:/home/will/chess_robot_ws/install/chess_robot_simulation:/home/will/chess_robot_ws/install/moveit_configs_utils:/home/will/chess_robot_ws/install/launch_param_builder:/opt/ros/humble /usr/bin/cmake --install /home/will/chess_robot_ws/build/moveit_common
[2.078s] -- Install configuration: ""
[2.078s] -- Execute custom install script
[2.078s] -- Symlinking: /home/will/chess_robot_ws/install/moveit_common/share/ament_index/resource_index/package_run_dependencies/moveit_common
[2.108s] -- Symlinking: /home/will/chess_robot_ws/install/moveit_common/share/ament_index/resource_index/parent_prefix_path/moveit_common
[2.182s] -- Symlinking: /home/will/chess_robot_ws/install/moveit_common/share/moveit_common/environment/ament_prefix_path.sh
[2.277s] -- Symlinking: /home/will/chess_robot_ws/install/moveit_common/share/moveit_common/environment/ament_prefix_path.dsv
[2.377s] -- Symlinking: /home/will/chess_robot_ws/install/moveit_common/share/moveit_common/environment/path.sh
[2.463s] -- Symlinking: /home/will/chess_robot_ws/install/moveit_common/share/moveit_common/environment/path.dsv
[2.556s] -- Symlinking: /home/will/chess_robot_ws/install/moveit_common/share/moveit_common/local_setup.bash
[2.621s] -- Symlinking: /home/will/chess_robot_ws/install/moveit_common/share/moveit_common/local_setup.sh
[2.663s] -- Symlinking: /home/will/chess_robot_ws/install/moveit_common/share/moveit_common/local_setup.zsh
[2.696s] -- Symlinking: /home/will/chess_robot_ws/install/moveit_common/share/moveit_common/local_setup.dsv
[2.777s] -- Symlinking: /home/will/chess_robot_ws/install/moveit_common/share/moveit_common/package.dsv
[2.867s] -- Symlinking: /home/will/chess_robot_ws/install/moveit_common/share/ament_index/resource_index/packages/moveit_common
[2.931s] -- Symlinking: /home/will/chess_robot_ws/install/moveit_common/share/moveit_common/cmake/moveit_common-extras.cmake
[2.968s] -- Symlinking: /home/will/chess_robot_ws/install/moveit_common/share/moveit_common/cmake/moveit_commonConfig.cmake
[3.005s] -- Symlinking: /home/will/chess_robot_ws/install/moveit_common/share/moveit_common/cmake/moveit_commonConfig-version.cmake
[3.043s] -- Symlinking: /home/will/chess_robot_ws/install/moveit_common/share/moveit_common/package.xml
[3.081s] -- Symlinking: /home/will/chess_robot_ws/install/moveit_common/share/moveit_common/cmake/moveit_package.cmake
[3.113s] Invoked command in '/home/will/chess_robot_ws/build/moveit_common' returned '0': CMAKE_PREFIX_PATH=${CMAKE_PREFIX_PATH}:/home/will/chess_robot_ws/install/chess_robot_simulation:/home/will/chess_robot_ws/install/moveit_configs_utils:/home/will/chess_robot_ws/install/launch_param_builder:/opt/ros/humble /usr/bin/cmake --install /home/will/chess_robot_ws/build/moveit_common
