[0.385s] Invoking command in '/home/will/chess_robot_ws/build/moveit_resources_fanuc_description': CMAKE_PREFIX_PATH=${CMAKE_PREFIX_PATH}:/home/will/chess_robot_ws/install/chess_robot_simulation:/home/will/chess_robot_ws/install/moveit_configs_utils:/home/will/chess_robot_ws/install/launch_param_builder:/opt/ros/humble /usr/bin/cmake /home/will/chess_robot_ws/src/moveit_resources/fanuc_description -DAMENT_CMAKE_SYMLINK_INSTALL=1 -DCMAKE_INSTALL_PREFIX=/home/will/chess_robot_ws/install/moveit_resources_fanuc_description
[1.566s] -- The C compiler identification is GNU 11.4.0
[2.458s] -- The CXX compiler identification is GNU 11.4.0
[2.537s] -- Detecting C compiler ABI info
[2.947s] -- Detecting C compiler ABI info - done
[2.963s] -- Check for working C compiler: /usr/bin/cc - skipped
[2.963s] -- Detecting C compile features
[2.963s] -- Detecting C compile features - done
[2.963s] -- Detecting CXX compiler ABI info
[4.199s] -- Detecting CXX compiler ABI info - done
[4.233s] -- Check for working CXX compiler: /usr/bin/c++ - skipped
[4.240s] -- Detecting CXX compile features
[4.240s] -- Detecting CXX compile features - done
[4.255s] -- Found ament_cmake: 1.3.11 (/opt/ros/humble/share/ament_cmake/cmake)
[5.499s] -- Found Python3: /usr/bin/python3 (found version "3.10.12") found components: Interpreter 
[5.588s] -- Override CMake install command with custom implementation using symlinks instead of copying resources
[5.837s] -- Configuring done
[5.838s] -- Generating done
[5.838s] -- Build files have been written to: /home/will/chess_robot_ws/build/moveit_resources_fanuc_description
[6.107s] Invoked command in '/home/will/chess_robot_ws/build/moveit_resources_fanuc_description' returned '0': CMAKE_PREFIX_PATH=${CMAKE_PREFIX_PATH}:/home/will/chess_robot_ws/install/chess_robot_simulation:/home/will/chess_robot_ws/install/moveit_configs_utils:/home/will/chess_robot_ws/install/launch_param_builder:/opt/ros/humble /usr/bin/cmake /home/will/chess_robot_ws/src/moveit_resources/fanuc_description -DAMENT_CMAKE_SYMLINK_INSTALL=1 -DCMAKE_INSTALL_PREFIX=/home/will/chess_robot_ws/install/moveit_resources_fanuc_description
[6.108s] Invoking command in '/home/will/chess_robot_ws/build/moveit_resources_fanuc_description': CMAKE_PREFIX_PATH=${CMAKE_PREFIX_PATH}:/home/will/chess_robot_ws/install/chess_robot_simulation:/home/will/chess_robot_ws/install/moveit_configs_utils:/home/will/chess_robot_ws/install/launch_param_builder:/opt/ros/humble /usr/bin/cmake --build /home/will/chess_robot_ws/build/moveit_resources_fanuc_description -- -j4 -l4
[6.396s] Invoked command in '/home/will/chess_robot_ws/build/moveit_resources_fanuc_description' returned '0': CMAKE_PREFIX_PATH=${CMAKE_PREFIX_PATH}:/home/will/chess_robot_ws/install/chess_robot_simulation:/home/will/chess_robot_ws/install/moveit_configs_utils:/home/will/chess_robot_ws/install/launch_param_builder:/opt/ros/humble /usr/bin/cmake --build /home/will/chess_robot_ws/build/moveit_resources_fanuc_description -- -j4 -l4
[6.423s] Invoking command in '/home/will/chess_robot_ws/build/moveit_resources_fanuc_description': CMAKE_PREFIX_PATH=${CMAKE_PREFIX_PATH}:/home/will/chess_robot_ws/install/chess_robot_simulation:/home/will/chess_robot_ws/install/moveit_configs_utils:/home/will/chess_robot_ws/install/launch_param_builder:/opt/ros/humble /usr/bin/cmake --install /home/will/chess_robot_ws/build/moveit_resources_fanuc_description
[6.487s] -- Install configuration: ""
[6.495s] -- Execute custom install script
[6.497s] -- Symlinking: /home/will/chess_robot_ws/install/moveit_resources_fanuc_description/share/ament_index/resource_index/package_run_dependencies/moveit_resources_fanuc_description
[6.572s] -- Symlinking: /home/will/chess_robot_ws/install/moveit_resources_fanuc_description/share/ament_index/resource_index/parent_prefix_path/moveit_resources_fanuc_description
[6.635s] -- Symlinking: /home/will/chess_robot_ws/install/moveit_resources_fanuc_description/share/moveit_resources_fanuc_description/environment/ament_prefix_path.sh
[6.693s] -- Symlinking: /home/will/chess_robot_ws/install/moveit_resources_fanuc_description/share/moveit_resources_fanuc_description/environment/ament_prefix_path.dsv
[6.780s] -- Symlinking: /home/will/chess_robot_ws/install/moveit_resources_fanuc_description/share/moveit_resources_fanuc_description/environment/path.sh
[6.836s] -- Symlinking: /home/will/chess_robot_ws/install/moveit_resources_fanuc_description/share/moveit_resources_fanuc_description/environment/path.dsv
[6.930s] -- Symlinking: /home/will/chess_robot_ws/install/moveit_resources_fanuc_description/share/moveit_resources_fanuc_description/local_setup.bash
[6.979s] -- Symlinking: /home/will/chess_robot_ws/install/moveit_resources_fanuc_description/share/moveit_resources_fanuc_description/local_setup.sh
[7.052s] -- Symlinking: /home/will/chess_robot_ws/install/moveit_resources_fanuc_description/share/moveit_resources_fanuc_description/local_setup.zsh
[7.122s] -- Symlinking: /home/will/chess_robot_ws/install/moveit_resources_fanuc_description/share/moveit_resources_fanuc_description/local_setup.dsv
[7.269s] -- Symlinking: /home/will/chess_robot_ws/install/moveit_resources_fanuc_description/share/moveit_resources_fanuc_description/package.dsv
[7.328s] -- Symlinking: /home/will/chess_robot_ws/install/moveit_resources_fanuc_description/share/ament_index/resource_index/packages/moveit_resources_fanuc_description
[7.381s] -- Symlinking: /home/will/chess_robot_ws/install/moveit_resources_fanuc_description/share/moveit_resources_fanuc_description/cmake/moveit_resources_fanuc_descriptionConfig.cmake
[7.421s] -- Symlinking: /home/will/chess_robot_ws/install/moveit_resources_fanuc_description/share/moveit_resources_fanuc_description/cmake/moveit_resources_fanuc_descriptionConfig-version.cmake
[7.466s] -- Symlinking: /home/will/chess_robot_ws/install/moveit_resources_fanuc_description/share/moveit_resources_fanuc_description/package.xml
[7.529s] -- Symlinking: /home/will/chess_robot_ws/install/moveit_resources_fanuc_description/share/moveit_resources_fanuc_description/meshes/collision/base_link.stl
[7.590s] -- Symlinking: /home/will/chess_robot_ws/install/moveit_resources_fanuc_description/share/moveit_resources_fanuc_description/meshes/collision/link_1.stl
[7.624s] -- Symlinking: /home/will/chess_robot_ws/install/moveit_resources_fanuc_description/share/moveit_resources_fanuc_description/meshes/collision/link_2.stl
[7.669s] -- Symlinking: /home/will/chess_robot_ws/install/moveit_resources_fanuc_description/share/moveit_resources_fanuc_description/meshes/collision/link_3.stl
[7.725s] -- Symlinking: /home/will/chess_robot_ws/install/moveit_resources_fanuc_description/share/moveit_resources_fanuc_description/meshes/collision/link_4.stl
[7.790s] -- Symlinking: /home/will/chess_robot_ws/install/moveit_resources_fanuc_description/share/moveit_resources_fanuc_description/meshes/collision/link_5.stl
[7.848s] -- Symlinking: /home/will/chess_robot_ws/install/moveit_resources_fanuc_description/share/moveit_resources_fanuc_description/meshes/collision/link_6.stl
[7.881s] -- Symlinking: /home/will/chess_robot_ws/install/moveit_resources_fanuc_description/share/moveit_resources_fanuc_description/meshes/visual/base_link.stl
[7.928s] -- Symlinking: /home/will/chess_robot_ws/install/moveit_resources_fanuc_description/share/moveit_resources_fanuc_description/meshes/visual/link_1.stl
[7.997s] -- Symlinking: /home/will/chess_robot_ws/install/moveit_resources_fanuc_description/share/moveit_resources_fanuc_description/meshes/visual/link_2.stl
[8.058s] -- Symlinking: /home/will/chess_robot_ws/install/moveit_resources_fanuc_description/share/moveit_resources_fanuc_description/meshes/visual/link_3.stl
[8.118s] -- Symlinking: /home/will/chess_robot_ws/install/moveit_resources_fanuc_description/share/moveit_resources_fanuc_description/meshes/visual/link_4.stl
[8.158s] -- Symlinking: /home/will/chess_robot_ws/install/moveit_resources_fanuc_description/share/moveit_resources_fanuc_description/meshes/visual/link_5.stl
[8.191s] -- Symlinking: /home/will/chess_robot_ws/install/moveit_resources_fanuc_description/share/moveit_resources_fanuc_description/meshes/visual/link_6.stl
[8.224s] -- Symlinking: /home/will/chess_robot_ws/install/moveit_resources_fanuc_description/share/moveit_resources_fanuc_description/urdf/fanuc.urdf
[8.283s] Invoked command in '/home/will/chess_robot_ws/build/moveit_resources_fanuc_description' returned '0': CMAKE_PREFIX_PATH=${CMAKE_PREFIX_PATH}:/home/will/chess_robot_ws/install/chess_robot_simulation:/home/will/chess_robot_ws/install/moveit_configs_utils:/home/will/chess_robot_ws/install/launch_param_builder:/opt/ros/humble /usr/bin/cmake --install /home/will/chess_robot_ws/build/moveit_resources_fanuc_description
