[0.071s] Invoking command in '/home/will/chess_robot_ws/build/moveit_resources_pr2_description': CMAKE_PREFIX_PATH=${CMAKE_PREFIX_PATH}:/home/will/chess_robot_ws/install/chess_robot_simulation:/home/will/chess_robot_ws/install/moveit_configs_utils:/home/will/chess_robot_ws/install/launch_param_builder:/opt/ros/humble /usr/bin/cmake /home/will/chess_robot_ws/src/moveit_resources/pr2_description -DAMENT_CMAKE_SYMLINK_INSTALL=1 -DCMAKE_INSTALL_PREFIX=/home/will/chess_robot_ws/install/moveit_resources_pr2_description
[0.598s] -- The C compiler identification is GNU 11.4.0
[1.023s] -- The CXX compiler identification is GNU 11.4.0
[1.069s] -- Detecting C compiler ABI info
[1.552s] -- Detecting C compiler ABI info - done
[1.601s] -- Check for working C compiler: /usr/bin/cc - skipped
[1.605s] -- Detecting C compile features
[1.606s] -- Detecting C compile features - done
[1.612s] -- Detecting CXX compiler ABI info
[2.015s] -- Detecting CXX compiler ABI info - done
[2.059s] -- Check for working CXX compiler: /usr/bin/c++ - skipped
[2.060s] -- Detecting CXX compile features
[2.061s] -- Detecting CXX compile features - done
[2.066s] -- Found ament_cmake: 1.3.11 (/opt/ros/humble/share/ament_cmake/cmake)
[2.838s] -- Found Python3: /usr/bin/python3 (found version "3.10.12") found components: Interpreter 
[3.175s] -- Override CMake install command with custom implementation using symlinks instead of copying resources
[3.410s] -- Configuring done
[3.420s] -- Generating done
[3.423s] -- Build files have been written to: /home/will/chess_robot_ws/build/moveit_resources_pr2_description
[3.861s] Invoked command in '/home/will/chess_robot_ws/build/moveit_resources_pr2_description' returned '0': CMAKE_PREFIX_PATH=${CMAKE_PREFIX_PATH}:/home/will/chess_robot_ws/install/chess_robot_simulation:/home/will/chess_robot_ws/install/moveit_configs_utils:/home/will/chess_robot_ws/install/launch_param_builder:/opt/ros/humble /usr/bin/cmake /home/will/chess_robot_ws/src/moveit_resources/pr2_description -DAMENT_CMAKE_SYMLINK_INSTALL=1 -DCMAKE_INSTALL_PREFIX=/home/will/chess_robot_ws/install/moveit_resources_pr2_description
[3.862s] Invoking command in '/home/will/chess_robot_ws/build/moveit_resources_pr2_description': CMAKE_PREFIX_PATH=${CMAKE_PREFIX_PATH}:/home/will/chess_robot_ws/install/chess_robot_simulation:/home/will/chess_robot_ws/install/moveit_configs_utils:/home/will/chess_robot_ws/install/launch_param_builder:/opt/ros/humble /usr/bin/cmake --build /home/will/chess_robot_ws/build/moveit_resources_pr2_description -- -j4 -l4
[4.070s] Invoked command in '/home/will/chess_robot_ws/build/moveit_resources_pr2_description' returned '0': CMAKE_PREFIX_PATH=${CMAKE_PREFIX_PATH}:/home/will/chess_robot_ws/install/chess_robot_simulation:/home/will/chess_robot_ws/install/moveit_configs_utils:/home/will/chess_robot_ws/install/launch_param_builder:/opt/ros/humble /usr/bin/cmake --build /home/will/chess_robot_ws/build/moveit_resources_pr2_description -- -j4 -l4
[4.075s] Invoking command in '/home/will/chess_robot_ws/build/moveit_resources_pr2_description': CMAKE_PREFIX_PATH=${CMAKE_PREFIX_PATH}:/home/will/chess_robot_ws/install/chess_robot_simulation:/home/will/chess_robot_ws/install/moveit_configs_utils:/home/will/chess_robot_ws/install/launch_param_builder:/opt/ros/humble /usr/bin/cmake --install /home/will/chess_robot_ws/build/moveit_resources_pr2_description
[4.089s] -- Install configuration: ""
[4.089s] -- Execute custom install script
[4.089s] -- Symlinking: /home/will/chess_robot_ws/install/moveit_resources_pr2_description/share/ament_index/resource_index/package_run_dependencies/moveit_resources_pr2_description
[4.124s] -- Symlinking: /home/will/chess_robot_ws/install/moveit_resources_pr2_description/share/ament_index/resource_index/parent_prefix_path/moveit_resources_pr2_description
[4.147s] -- Symlinking: /home/will/chess_robot_ws/install/moveit_resources_pr2_description/share/moveit_resources_pr2_description/environment/ament_prefix_path.sh
[4.209s] -- Symlinking: /home/will/chess_robot_ws/install/moveit_resources_pr2_description/share/moveit_resources_pr2_description/environment/ament_prefix_path.dsv
[4.234s] -- Symlinking: /home/will/chess_robot_ws/install/moveit_resources_pr2_description/share/moveit_resources_pr2_description/environment/path.sh
[4.257s] -- Symlinking: /home/will/chess_robot_ws/install/moveit_resources_pr2_description/share/moveit_resources_pr2_description/environment/path.dsv
[4.296s] -- Symlinking: /home/will/chess_robot_ws/install/moveit_resources_pr2_description/share/moveit_resources_pr2_description/local_setup.bash
[4.324s] -- Symlinking: /home/will/chess_robot_ws/install/moveit_resources_pr2_description/share/moveit_resources_pr2_description/local_setup.sh
[4.355s] -- Symlinking: /home/will/chess_robot_ws/install/moveit_resources_pr2_description/share/moveit_resources_pr2_description/local_setup.zsh
[4.381s] -- Symlinking: /home/will/chess_robot_ws/install/moveit_resources_pr2_description/share/moveit_resources_pr2_description/local_setup.dsv
[4.454s] -- Symlinking: /home/will/chess_robot_ws/install/moveit_resources_pr2_description/share/moveit_resources_pr2_description/package.dsv
[4.507s] -- Symlinking: /home/will/chess_robot_ws/install/moveit_resources_pr2_description/share/ament_index/resource_index/packages/moveit_resources_pr2_description
[4.534s] -- Symlinking: /home/will/chess_robot_ws/install/moveit_resources_pr2_description/share/moveit_resources_pr2_description/cmake/moveit_resources_pr2_descriptionConfig.cmake
[4.557s] -- Symlinking: /home/will/chess_robot_ws/install/moveit_resources_pr2_description/share/moveit_resources_pr2_description/cmake/moveit_resources_pr2_descriptionConfig-version.cmake
[4.581s] -- Symlinking: /home/will/chess_robot_ws/install/moveit_resources_pr2_description/share/moveit_resources_pr2_description/package.xml
[4.626s] -- Symlinking: /home/will/chess_robot_ws/install/moveit_resources_pr2_description/share/moveit_resources_pr2_description/srdf/robot.xml
[4.677s] -- Symlinking: /home/will/chess_robot_ws/install/moveit_resources_pr2_description/share/moveit_resources_pr2_description/urdf/materials/textures/pr2_caster_texture.png
[4.722s] -- Symlinking: /home/will/chess_robot_ws/install/moveit_resources_pr2_description/share/moveit_resources_pr2_description/urdf/materials/textures/pr2_wheel_left.png
[4.753s] -- Symlinking: /home/will/chess_robot_ws/install/moveit_resources_pr2_description/share/moveit_resources_pr2_description/urdf/materials/textures/pr2_wheel_right.png
[4.800s] -- Symlinking: /home/will/chess_robot_ws/install/moveit_resources_pr2_description/share/moveit_resources_pr2_description/urdf/meshes/base_v0/base.dae
[4.867s] -- Symlinking: /home/will/chess_robot_ws/install/moveit_resources_pr2_description/share/moveit_resources_pr2_description/urdf/meshes/base_v0/base.stl
[4.939s] -- Symlinking: /home/will/chess_robot_ws/install/moveit_resources_pr2_description/share/moveit_resources_pr2_description/urdf/meshes/base_v0/base_L.stl
[4.988s] -- Symlinking: /home/will/chess_robot_ws/install/moveit_resources_pr2_description/share/moveit_resources_pr2_description/urdf/meshes/base_v0/base_color.tif
[5.054s] -- Symlinking: /home/will/chess_robot_ws/install/moveit_resources_pr2_description/share/moveit_resources_pr2_description/urdf/meshes/base_v0/base_normals.tif
[5.083s] -- Symlinking: /home/will/chess_robot_ws/install/moveit_resources_pr2_description/share/moveit_resources_pr2_description/urdf/meshes/base_v0/caster.stl
[5.114s] -- Symlinking: /home/will/chess_robot_ws/install/moveit_resources_pr2_description/share/moveit_resources_pr2_description/urdf/meshes/base_v0/caster_L.stl
[5.180s] -- Symlinking: /home/will/chess_robot_ws/install/moveit_resources_pr2_description/share/moveit_resources_pr2_description/urdf/meshes/base_v0/convex/base.dae
[5.212s] -- Symlinking: /home/will/chess_robot_ws/install/moveit_resources_pr2_description/share/moveit_resources_pr2_description/urdf/meshes/base_v0/convex/base.xml
[5.274s] -- Symlinking: /home/will/chess_robot_ws/install/moveit_resources_pr2_description/share/moveit_resources_pr2_description/urdf/meshes/base_v0/convex/base_L.dae
[5.336s] -- Symlinking: /home/will/chess_robot_ws/install/moveit_resources_pr2_description/share/moveit_resources_pr2_description/urdf/meshes/base_v0/convex/base_L.xml
[5.398s] -- Symlinking: /home/will/chess_robot_ws/install/moveit_resources_pr2_description/share/moveit_resources_pr2_description/urdf/meshes/base_v0/convex/base_L_convex.stla
[5.483s] -- Symlinking: /home/will/chess_robot_ws/install/moveit_resources_pr2_description/share/moveit_resources_pr2_description/urdf/meshes/base_v0/convex/base_L_convex.stlb
[5.524s] -- Symlinking: /home/will/chess_robot_ws/install/moveit_resources_pr2_description/share/moveit_resources_pr2_description/urdf/meshes/base_v0/convex/base_convex.stla
[5.607s] -- Symlinking: /home/will/chess_robot_ws/install/moveit_resources_pr2_description/share/moveit_resources_pr2_description/urdf/meshes/base_v0/convex/base_convex.stlb
[5.666s] -- Symlinking: /home/will/chess_robot_ws/install/moveit_resources_pr2_description/share/moveit_resources_pr2_description/urdf/meshes/base_v0/convex/caster.dae
[5.752s] -- Symlinking: /home/will/chess_robot_ws/install/moveit_resources_pr2_description/share/moveit_resources_pr2_description/urdf/meshes/base_v0/convex/caster.xml
[5.859s] -- Symlinking: /home/will/chess_robot_ws/install/moveit_resources_pr2_description/share/moveit_resources_pr2_description/urdf/meshes/base_v0/convex/caster_L.dae
[6.056s] -- Symlinking: /home/will/chess_robot_ws/install/moveit_resources_pr2_description/share/moveit_resources_pr2_description/urdf/meshes/base_v0/convex/caster_L.xml
[6.121s] -- Symlinking: /home/will/chess_robot_ws/install/moveit_resources_pr2_description/share/moveit_resources_pr2_description/urdf/meshes/base_v0/convex/caster_L_convex.stla
[6.176s] -- Symlinking: /home/will/chess_robot_ws/install/moveit_resources_pr2_description/share/moveit_resources_pr2_description/urdf/meshes/base_v0/convex/caster_L_convex.stlb
[6.346s] -- Symlinking: /home/will/chess_robot_ws/install/moveit_resources_pr2_description/share/moveit_resources_pr2_description/urdf/meshes/base_v0/convex/caster_convex.stla
[6.395s] -- Symlinking: /home/will/chess_robot_ws/install/moveit_resources_pr2_description/share/moveit_resources_pr2_description/urdf/meshes/base_v0/convex/caster_convex.stlb
[6.435s] -- Symlinking: /home/will/chess_robot_ws/install/moveit_resources_pr2_description/share/moveit_resources_pr2_description/urdf/meshes/base_v0/convex/pr2_wheel.dae
[6.486s] -- Symlinking: /home/will/chess_robot_ws/install/moveit_resources_pr2_description/share/moveit_resources_pr2_description/urdf/meshes/base_v0/convex/pr2_wheel.xml
[6.525s] -- Symlinking: /home/will/chess_robot_ws/install/moveit_resources_pr2_description/share/moveit_resources_pr2_description/urdf/meshes/base_v0/convex/pr2_wheel_convex.stla
[6.570s] -- Symlinking: /home/will/chess_robot_ws/install/moveit_resources_pr2_description/share/moveit_resources_pr2_description/urdf/meshes/base_v0/convex/pr2_wheel_convex.stlb
[6.611s] -- Symlinking: /home/will/chess_robot_ws/install/moveit_resources_pr2_description/share/moveit_resources_pr2_description/urdf/meshes/base_v0/convex/wheel.dae
[7.083s] -- Symlinking: /home/will/chess_robot_ws/install/moveit_resources_pr2_description/share/moveit_resources_pr2_description/urdf/meshes/base_v0/convex/wheel.xml
[7.099s] -- Symlinking: /home/will/chess_robot_ws/install/moveit_resources_pr2_description/share/moveit_resources_pr2_description/urdf/meshes/base_v0/convex/wheel_convex.stla
[7.237s] -- Symlinking: /home/will/chess_robot_ws/install/moveit_resources_pr2_description/share/moveit_resources_pr2_description/urdf/meshes/base_v0/convex/wheel_convex.stlb
[7.503s] -- Symlinking: /home/will/chess_robot_ws/install/moveit_resources_pr2_description/share/moveit_resources_pr2_description/urdf/meshes/base_v0/pr2_wheel.stl
[7.751s] -- Symlinking: /home/will/chess_robot_ws/install/moveit_resources_pr2_description/share/moveit_resources_pr2_description/urdf/meshes/base_v0/wheel.dae
[7.797s] -- Symlinking: /home/will/chess_robot_ws/install/moveit_resources_pr2_description/share/moveit_resources_pr2_description/urdf/meshes/base_v0/wheel.stl
[8.138s] -- Symlinking: /home/will/chess_robot_ws/install/moveit_resources_pr2_description/share/moveit_resources_pr2_description/urdf/meshes/base_v0/wheel_color.tif
[8.250s] -- Symlinking: /home/will/chess_robot_ws/install/moveit_resources_pr2_description/share/moveit_resources_pr2_description/urdf/meshes/base_v0/wheel_h.dae
[8.758s] -- Symlinking: /home/will/chess_robot_ws/install/moveit_resources_pr2_description/share/moveit_resources_pr2_description/urdf/meshes/base_v0/wheel_h_color.tif
[8.809s] -- Symlinking: /home/will/chess_robot_ws/install/moveit_resources_pr2_description/share/moveit_resources_pr2_description/urdf/meshes/base_v0/wheel_normals.tif
[8.894s] -- Symlinking: /home/will/chess_robot_ws/install/moveit_resources_pr2_description/share/moveit_resources_pr2_description/urdf/meshes/forearm_v0/convex/forearm.dae
[9.180s] -- Symlinking: /home/will/chess_robot_ws/install/moveit_resources_pr2_description/share/moveit_resources_pr2_description/urdf/meshes/forearm_v0/convex/forearm.xml
[9.247s] -- Symlinking: /home/will/chess_robot_ws/install/moveit_resources_pr2_description/share/moveit_resources_pr2_description/urdf/meshes/forearm_v0/convex/forearm_convex.stla
[9.371s] -- Symlinking: /home/will/chess_robot_ws/install/moveit_resources_pr2_description/share/moveit_resources_pr2_description/urdf/meshes/forearm_v0/convex/forearm_convex.stlb
[9.679s] -- Symlinking: /home/will/chess_robot_ws/install/moveit_resources_pr2_description/share/moveit_resources_pr2_description/urdf/meshes/forearm_v0/convex/wrist_flex.dae
[9.760s] -- Symlinking: /home/will/chess_robot_ws/install/moveit_resources_pr2_description/share/moveit_resources_pr2_description/urdf/meshes/forearm_v0/convex/wrist_flex.xml
[9.928s] -- Symlinking: /home/will/chess_robot_ws/install/moveit_resources_pr2_description/share/moveit_resources_pr2_description/urdf/meshes/forearm_v0/convex/wrist_flex_convex.stla
[10.003s] -- Symlinking: /home/will/chess_robot_ws/install/moveit_resources_pr2_description/share/moveit_resources_pr2_description/urdf/meshes/forearm_v0/convex/wrist_flex_convex.stlb
[10.070s] -- Symlinking: /home/will/chess_robot_ws/install/moveit_resources_pr2_description/share/moveit_resources_pr2_description/urdf/meshes/forearm_v0/convex/wrist_roll.dae
[10.159s] -- Symlinking: /home/will/chess_robot_ws/install/moveit_resources_pr2_description/share/moveit_resources_pr2_description/urdf/meshes/forearm_v0/convex/wrist_roll.xml
[10.234s] -- Symlinking: /home/will/chess_robot_ws/install/moveit_resources_pr2_description/share/moveit_resources_pr2_description/urdf/meshes/forearm_v0/convex/wrist_roll_L.dae
[10.294s] -- Symlinking: /home/will/chess_robot_ws/install/moveit_resources_pr2_description/share/moveit_resources_pr2_description/urdf/meshes/forearm_v0/convex/wrist_roll_L.xml
[10.414s] -- Symlinking: /home/will/chess_robot_ws/install/moveit_resources_pr2_description/share/moveit_resources_pr2_description/urdf/meshes/forearm_v0/convex/wrist_roll_L_convex.stla
[10.645s] -- Symlinking: /home/will/chess_robot_ws/install/moveit_resources_pr2_description/share/moveit_resources_pr2_description/urdf/meshes/forearm_v0/convex/wrist_roll_L_convex.stlb
[10.646s] -- Symlinking: /home/will/chess_robot_ws/install/moveit_resources_pr2_description/share/moveit_resources_pr2_description/urdf/meshes/forearm_v0/convex/wrist_roll_convex.stla
[10.646s] -- Symlinking: /home/will/chess_robot_ws/install/moveit_resources_pr2_description/share/moveit_resources_pr2_description/urdf/meshes/forearm_v0/convex/wrist_roll_convex.stlb
[10.720s] -- Symlinking: /home/will/chess_robot_ws/install/moveit_resources_pr2_description/share/moveit_resources_pr2_description/urdf/meshes/forearm_v0/forearm.dae
[10.748s] -- Symlinking: /home/will/chess_robot_ws/install/moveit_resources_pr2_description/share/moveit_resources_pr2_description/urdf/meshes/forearm_v0/forearm.jpg
[10.783s] -- Symlinking: /home/will/chess_robot_ws/install/moveit_resources_pr2_description/share/moveit_resources_pr2_description/urdf/meshes/forearm_v0/forearm.stl
[10.886s] -- Symlinking: /home/will/chess_robot_ws/install/moveit_resources_pr2_description/share/moveit_resources_pr2_description/urdf/meshes/forearm_v0/forearm_color.tif
[11.007s] -- Symlinking: /home/will/chess_robot_ws/install/moveit_resources_pr2_description/share/moveit_resources_pr2_description/urdf/meshes/forearm_v0/forearm_normals.tif
[11.267s] -- Symlinking: /home/will/chess_robot_ws/install/moveit_resources_pr2_description/share/moveit_resources_pr2_description/urdf/meshes/forearm_v0/wrist_color.tif
[11.362s] -- Symlinking: /home/will/chess_robot_ws/install/moveit_resources_pr2_description/share/moveit_resources_pr2_description/urdf/meshes/forearm_v0/wrist_flex.dae
[11.492s] -- Symlinking: /home/will/chess_robot_ws/install/moveit_resources_pr2_description/share/moveit_resources_pr2_description/urdf/meshes/forearm_v0/wrist_flex.stl
[11.571s] -- Symlinking: /home/will/chess_robot_ws/install/moveit_resources_pr2_description/share/moveit_resources_pr2_description/urdf/meshes/forearm_v0/wrist_normals.tif
[11.642s] -- Symlinking: /home/will/chess_robot_ws/install/moveit_resources_pr2_description/share/moveit_resources_pr2_description/urdf/meshes/forearm_v0/wrist_roll.stl
[11.668s] -- Symlinking: /home/will/chess_robot_ws/install/moveit_resources_pr2_description/share/moveit_resources_pr2_description/urdf/meshes/forearm_v0/wrist_roll_L.stl
[11.860s] -- Symlinking: /home/will/chess_robot_ws/install/moveit_resources_pr2_description/share/moveit_resources_pr2_description/urdf/meshes/gripper_v0/convex/finger_tip_l.dae
[11.903s] -- Symlinking: /home/will/chess_robot_ws/install/moveit_resources_pr2_description/share/moveit_resources_pr2_description/urdf/meshes/gripper_v0/convex/finger_tip_l.xml
[12.023s] -- Symlinking: /home/will/chess_robot_ws/install/moveit_resources_pr2_description/share/moveit_resources_pr2_description/urdf/meshes/gripper_v0/convex/finger_tip_l_convex.stla
[12.163s] -- Symlinking: /home/will/chess_robot_ws/install/moveit_resources_pr2_description/share/moveit_resources_pr2_description/urdf/meshes/gripper_v0/convex/finger_tip_l_convex.stlb
[12.273s] -- Symlinking: /home/will/chess_robot_ws/install/moveit_resources_pr2_description/share/moveit_resources_pr2_description/urdf/meshes/gripper_v0/convex/finger_tip_pad2_l.dae
[12.443s] -- Symlinking: /home/will/chess_robot_ws/install/moveit_resources_pr2_description/share/moveit_resources_pr2_description/urdf/meshes/gripper_v0/convex/finger_tip_pad2_l.xml
[12.483s] -- Symlinking: /home/will/chess_robot_ws/install/moveit_resources_pr2_description/share/moveit_resources_pr2_description/urdf/meshes/gripper_v0/convex/finger_tip_pad2_l_convex.stla
[12.582s] -- Symlinking: /home/will/chess_robot_ws/install/moveit_resources_pr2_description/share/moveit_resources_pr2_description/urdf/meshes/gripper_v0/convex/finger_tip_pad2_l_convex.stlb
[12.629s] -- Symlinking: /home/will/chess_robot_ws/install/moveit_resources_pr2_description/share/moveit_resources_pr2_description/urdf/meshes/gripper_v0/convex/finger_tip_pad2_r.dae
[12.738s] -- Symlinking: /home/will/chess_robot_ws/install/moveit_resources_pr2_description/share/moveit_resources_pr2_description/urdf/meshes/gripper_v0/convex/finger_tip_pad2_r.xml
[12.777s] -- Symlinking: /home/will/chess_robot_ws/install/moveit_resources_pr2_description/share/moveit_resources_pr2_description/urdf/meshes/gripper_v0/convex/finger_tip_pad2_r_convex.stla
[12.823s] -- Symlinking: /home/will/chess_robot_ws/install/moveit_resources_pr2_description/share/moveit_resources_pr2_description/urdf/meshes/gripper_v0/convex/finger_tip_pad2_r_convex.stlb
[12.847s] -- Symlinking: /home/will/chess_robot_ws/install/moveit_resources_pr2_description/share/moveit_resources_pr2_description/urdf/meshes/gripper_v0/convex/finger_tip_r.dae
[12.942s] -- Symlinking: /home/will/chess_robot_ws/install/moveit_resources_pr2_description/share/moveit_resources_pr2_description/urdf/meshes/gripper_v0/convex/finger_tip_r.xml
[12.942s] -- Symlinking: /home/will/chess_robot_ws/install/moveit_resources_pr2_description/share/moveit_resources_pr2_description/urdf/meshes/gripper_v0/convex/finger_tip_r_convex.stla
[13.005s] -- Symlinking: /home/will/chess_robot_ws/install/moveit_resources_pr2_description/share/moveit_resources_pr2_description/urdf/meshes/gripper_v0/convex/finger_tip_r_convex.stlb
[13.036s] -- Symlinking: /home/will/chess_robot_ws/install/moveit_resources_pr2_description/share/moveit_resources_pr2_description/urdf/meshes/gripper_v0/convex/gripper_palm.dae
[13.067s] -- Symlinking: /home/will/chess_robot_ws/install/moveit_resources_pr2_description/share/moveit_resources_pr2_description/urdf/meshes/gripper_v0/convex/gripper_palm.xml
[13.104s] -- Symlinking: /home/will/chess_robot_ws/install/moveit_resources_pr2_description/share/moveit_resources_pr2_description/urdf/meshes/gripper_v0/convex/gripper_palm_convex.stla
[13.128s] -- Symlinking: /home/will/chess_robot_ws/install/moveit_resources_pr2_description/share/moveit_resources_pr2_description/urdf/meshes/gripper_v0/convex/gripper_palm_convex.stlb
[13.151s] -- Symlinking: /home/will/chess_robot_ws/install/moveit_resources_pr2_description/share/moveit_resources_pr2_description/urdf/meshes/gripper_v0/convex/l_finger.dae
[13.284s] -- Symlinking: /home/will/chess_robot_ws/install/moveit_resources_pr2_description/share/moveit_resources_pr2_description/urdf/meshes/gripper_v0/convex/l_finger.xml
[13.284s] -- Symlinking: /home/will/chess_robot_ws/install/moveit_resources_pr2_description/share/moveit_resources_pr2_description/urdf/meshes/gripper_v0/convex/l_finger_convex.stla
[13.303s] -- Symlinking: /home/will/chess_robot_ws/install/moveit_resources_pr2_description/share/moveit_resources_pr2_description/urdf/meshes/gripper_v0/convex/l_finger_convex.stlb
[13.532s] -- Symlinking: /home/will/chess_robot_ws/install/moveit_resources_pr2_description/share/moveit_resources_pr2_description/urdf/meshes/gripper_v0/convex/l_finger_tip.dae
[13.533s] -- Symlinking: /home/will/chess_robot_ws/install/moveit_resources_pr2_description/share/moveit_resources_pr2_description/urdf/meshes/gripper_v0/convex/l_finger_tip.xml
[13.533s] -- Symlinking: /home/will/chess_robot_ws/install/moveit_resources_pr2_description/share/moveit_resources_pr2_description/urdf/meshes/gripper_v0/convex/l_finger_tip_convex.stla
[13.533s] -- Symlinking: /home/will/chess_robot_ws/install/moveit_resources_pr2_description/share/moveit_resources_pr2_description/urdf/meshes/gripper_v0/convex/l_finger_tip_convex.stlb
[13.802s] -- Symlinking: /home/will/chess_robot_ws/install/moveit_resources_pr2_description/share/moveit_resources_pr2_description/urdf/meshes/gripper_v0/convex/l_floating.dae
[13.804s] -- Symlinking: /home/will/chess_robot_ws/install/moveit_resources_pr2_description/share/moveit_resources_pr2_description/urdf/meshes/gripper_v0/convex/l_floating.xml
[13.804s] -- Symlinking: /home/will/chess_robot_ws/install/moveit_resources_pr2_description/share/moveit_resources_pr2_description/urdf/meshes/gripper_v0/convex/l_floating_convex.stla
[13.804s] -- Symlinking: /home/will/chess_robot_ws/install/moveit_resources_pr2_description/share/moveit_resources_pr2_description/urdf/meshes/gripper_v0/convex/l_floating_convex.stlb
[13.804s] -- Symlinking: /home/will/chess_robot_ws/install/moveit_resources_pr2_description/share/moveit_resources_pr2_description/urdf/meshes/gripper_v0/convex/upper_finger_l.dae
[13.804s] -- Symlinking: /home/will/chess_robot_ws/install/moveit_resources_pr2_description/share/moveit_resources_pr2_description/urdf/meshes/gripper_v0/convex/upper_finger_l.xml
[13.804s] -- Symlinking: /home/will/chess_robot_ws/install/moveit_resources_pr2_description/share/moveit_resources_pr2_description/urdf/meshes/gripper_v0/convex/upper_finger_l_convex.stla
[13.805s] -- Symlinking: /home/will/chess_robot_ws/install/moveit_resources_pr2_description/share/moveit_resources_pr2_description/urdf/meshes/gripper_v0/convex/upper_finger_l_convex.stlb
[13.805s] -- Symlinking: /home/will/chess_robot_ws/install/moveit_resources_pr2_description/share/moveit_resources_pr2_description/urdf/meshes/gripper_v0/convex/upper_finger_r.dae
[13.852s] -- Symlinking: /home/will/chess_robot_ws/install/moveit_resources_pr2_description/share/moveit_resources_pr2_description/urdf/meshes/gripper_v0/convex/upper_finger_r.xml
[13.924s] -- Symlinking: /home/will/chess_robot_ws/install/moveit_resources_pr2_description/share/moveit_resources_pr2_description/urdf/meshes/gripper_v0/convex/upper_finger_r_convex.stla
[14.049s] -- Symlinking: /home/will/chess_robot_ws/install/moveit_resources_pr2_description/share/moveit_resources_pr2_description/urdf/meshes/gripper_v0/convex/upper_finger_r_convex.stlb
[14.120s] -- Symlinking: /home/will/chess_robot_ws/install/moveit_resources_pr2_description/share/moveit_resources_pr2_description/urdf/meshes/gripper_v0/finger_H_Color_100430.tif
[14.195s] -- Symlinking: /home/will/chess_robot_ws/install/moveit_resources_pr2_description/share/moveit_resources_pr2_description/urdf/meshes/gripper_v0/finger_H_UV_100430.dae
[14.302s] -- Symlinking: /home/will/chess_robot_ws/install/moveit_resources_pr2_description/share/moveit_resources_pr2_description/urdf/meshes/gripper_v0/finger_tip_H_UV_100430.dae
[14.352s] -- Symlinking: /home/will/chess_robot_ws/install/moveit_resources_pr2_description/share/moveit_resources_pr2_description/urdf/meshes/gripper_v0/finger_tip_l.stl
[14.391s] -- Symlinking: /home/will/chess_robot_ws/install/moveit_resources_pr2_description/share/moveit_resources_pr2_description/urdf/meshes/gripper_v0/finger_tip_pad2_l.stl
[14.428s] -- Symlinking: /home/will/chess_robot_ws/install/moveit_resources_pr2_description/share/moveit_resources_pr2_description/urdf/meshes/gripper_v0/finger_tip_pad2_r.stl
[14.486s] -- Symlinking: /home/will/chess_robot_ws/install/moveit_resources_pr2_description/share/moveit_resources_pr2_description/urdf/meshes/gripper_v0/finger_tip_r.stl
[14.518s] -- Symlinking: /home/will/chess_robot_ws/install/moveit_resources_pr2_description/share/moveit_resources_pr2_description/urdf/meshes/gripper_v0/fingertip_H_Color_100430.tif
[14.593s] -- Symlinking: /home/will/chess_robot_ws/install/moveit_resources_pr2_description/share/moveit_resources_pr2_description/urdf/meshes/gripper_v0/float_H_Color_100430.tif
[14.646s] -- Symlinking: /home/will/chess_robot_ws/install/moveit_resources_pr2_description/share/moveit_resources_pr2_description/urdf/meshes/gripper_v0/float_H_UV_100430.dae
[14.720s] -- Symlinking: /home/will/chess_robot_ws/install/moveit_resources_pr2_description/share/moveit_resources_pr2_description/urdf/meshes/gripper_v0/gripper_palm.dae
[14.782s] -- Symlinking: /home/will/chess_robot_ws/install/moveit_resources_pr2_description/share/moveit_resources_pr2_description/urdf/meshes/gripper_v0/gripper_palm.stl
[14.833s] -- Symlinking: /home/will/chess_robot_ws/install/moveit_resources_pr2_description/share/moveit_resources_pr2_description/urdf/meshes/gripper_v0/gripper_palm_color.tif
[14.889s] -- Symlinking: /home/will/chess_robot_ws/install/moveit_resources_pr2_description/share/moveit_resources_pr2_description/urdf/meshes/gripper_v0/gripper_palm_normals.tif
[14.920s] -- Symlinking: /home/will/chess_robot_ws/install/moveit_resources_pr2_description/share/moveit_resources_pr2_description/urdf/meshes/gripper_v0/l_finger.dae
[14.979s] -- Symlinking: /home/will/chess_robot_ws/install/moveit_resources_pr2_description/share/moveit_resources_pr2_description/urdf/meshes/gripper_v0/l_finger.stl
[15.013s] -- Symlinking: /home/will/chess_robot_ws/install/moveit_resources_pr2_description/share/moveit_resources_pr2_description/urdf/meshes/gripper_v0/l_finger_color.tif
[15.095s] -- Symlinking: /home/will/chess_robot_ws/install/moveit_resources_pr2_description/share/moveit_resources_pr2_description/urdf/meshes/gripper_v0/l_finger_normals.tif
[15.114s] -- Symlinking: /home/will/chess_robot_ws/install/moveit_resources_pr2_description/share/moveit_resources_pr2_description/urdf/meshes/gripper_v0/l_finger_tip.dae
[15.140s] -- Symlinking: /home/will/chess_robot_ws/install/moveit_resources_pr2_description/share/moveit_resources_pr2_description/urdf/meshes/gripper_v0/l_finger_tip.stl
[15.196s] -- Symlinking: /home/will/chess_robot_ws/install/moveit_resources_pr2_description/share/moveit_resources_pr2_description/urdf/meshes/gripper_v0/l_finger_tip_color.tif
[15.220s] -- Symlinking: /home/will/chess_robot_ws/install/moveit_resources_pr2_description/share/moveit_resources_pr2_description/urdf/meshes/gripper_v0/l_finger_tip_normals.tif
[15.267s] -- Symlinking: /home/will/chess_robot_ws/install/moveit_resources_pr2_description/share/moveit_resources_pr2_description/urdf/meshes/gripper_v0/l_float.dae
[15.313s] -- Symlinking: /home/will/chess_robot_ws/install/moveit_resources_pr2_description/share/moveit_resources_pr2_description/urdf/meshes/gripper_v0/l_float_color.tif
[15.347s] -- Symlinking: /home/will/chess_robot_ws/install/moveit_resources_pr2_description/share/moveit_resources_pr2_description/urdf/meshes/gripper_v0/l_float_normals.tif
[15.389s] -- Symlinking: /home/will/chess_robot_ws/install/moveit_resources_pr2_description/share/moveit_resources_pr2_description/urdf/meshes/gripper_v0/l_floating.stl
[15.431s] -- Symlinking: /home/will/chess_robot_ws/install/moveit_resources_pr2_description/share/moveit_resources_pr2_description/urdf/meshes/gripper_v0/palm_H_Color_100430.tif
[15.462s] -- Symlinking: /home/will/chess_robot_ws/install/moveit_resources_pr2_description/share/moveit_resources_pr2_description/urdf/meshes/gripper_v0/palm_H_UV_100430.dae
[15.499s] -- Symlinking: /home/will/chess_robot_ws/install/moveit_resources_pr2_description/share/moveit_resources_pr2_description/urdf/meshes/gripper_v0/upper_finger_l.stl
[15.544s] -- Symlinking: /home/will/chess_robot_ws/install/moveit_resources_pr2_description/share/moveit_resources_pr2_description/urdf/meshes/gripper_v0/upper_finger_r.stl
[15.581s] -- Symlinking: /home/will/chess_robot_ws/install/moveit_resources_pr2_description/share/moveit_resources_pr2_description/urdf/meshes/head_v0/convex/head_pan.dae
[15.619s] -- Symlinking: /home/will/chess_robot_ws/install/moveit_resources_pr2_description/share/moveit_resources_pr2_description/urdf/meshes/head_v0/convex/head_pan.xml
[15.683s] -- Symlinking: /home/will/chess_robot_ws/install/moveit_resources_pr2_description/share/moveit_resources_pr2_description/urdf/meshes/head_v0/convex/head_pan_L.dae
[15.732s] -- Symlinking: /home/will/chess_robot_ws/install/moveit_resources_pr2_description/share/moveit_resources_pr2_description/urdf/meshes/head_v0/convex/head_pan_L.xml
[15.785s] -- Symlinking: /home/will/chess_robot_ws/install/moveit_resources_pr2_description/share/moveit_resources_pr2_description/urdf/meshes/head_v0/convex/head_pan_L_convex.stla
[15.823s] -- Symlinking: /home/will/chess_robot_ws/install/moveit_resources_pr2_description/share/moveit_resources_pr2_description/urdf/meshes/head_v0/convex/head_pan_L_convex.stlb
[15.874s] -- Symlinking: /home/will/chess_robot_ws/install/moveit_resources_pr2_description/share/moveit_resources_pr2_description/urdf/meshes/head_v0/convex/head_pan_convex.stla
[15.895s] -- Symlinking: /home/will/chess_robot_ws/install/moveit_resources_pr2_description/share/moveit_resources_pr2_description/urdf/meshes/head_v0/convex/head_pan_convex.stlb
[15.925s] -- Symlinking: /home/will/chess_robot_ws/install/moveit_resources_pr2_description/share/moveit_resources_pr2_description/urdf/meshes/head_v0/convex/head_tilt.dae
[15.956s] -- Symlinking: /home/will/chess_robot_ws/install/moveit_resources_pr2_description/share/moveit_resources_pr2_description/urdf/meshes/head_v0/convex/head_tilt.xml
[15.989s] -- Symlinking: /home/will/chess_robot_ws/install/moveit_resources_pr2_description/share/moveit_resources_pr2_description/urdf/meshes/head_v0/convex/head_tilt_L.dae
[16.026s] -- Symlinking: /home/will/chess_robot_ws/install/moveit_resources_pr2_description/share/moveit_resources_pr2_description/urdf/meshes/head_v0/convex/head_tilt_L.xml
[16.065s] -- Symlinking: /home/will/chess_robot_ws/install/moveit_resources_pr2_description/share/moveit_resources_pr2_description/urdf/meshes/head_v0/convex/head_tilt_L_convex.stla
[16.093s] -- Symlinking: /home/will/chess_robot_ws/install/moveit_resources_pr2_description/share/moveit_resources_pr2_description/urdf/meshes/head_v0/convex/head_tilt_L_convex.stlb
[16.117s] -- Symlinking: /home/will/chess_robot_ws/install/moveit_resources_pr2_description/share/moveit_resources_pr2_description/urdf/meshes/head_v0/convex/head_tilt_convex.stla
[16.141s] -- Symlinking: /home/will/chess_robot_ws/install/moveit_resources_pr2_description/share/moveit_resources_pr2_description/urdf/meshes/head_v0/convex/head_tilt_convex.stlb
[16.187s] -- Symlinking: /home/will/chess_robot_ws/install/moveit_resources_pr2_description/share/moveit_resources_pr2_description/urdf/meshes/head_v0/head_pan.dae
[16.236s] -- Symlinking: /home/will/chess_robot_ws/install/moveit_resources_pr2_description/share/moveit_resources_pr2_description/urdf/meshes/head_v0/head_pan.stl
[16.263s] -- Symlinking: /home/will/chess_robot_ws/install/moveit_resources_pr2_description/share/moveit_resources_pr2_description/urdf/meshes/head_v0/head_pan_L.stl
[16.297s] -- Symlinking: /home/will/chess_robot_ws/install/moveit_resources_pr2_description/share/moveit_resources_pr2_description/urdf/meshes/head_v0/head_pan_color.tif
[16.330s] -- Symlinking: /home/will/chess_robot_ws/install/moveit_resources_pr2_description/share/moveit_resources_pr2_description/urdf/meshes/head_v0/head_pan_normals.tif
[16.362s] -- Symlinking: /home/will/chess_robot_ws/install/moveit_resources_pr2_description/share/moveit_resources_pr2_description/urdf/meshes/head_v0/head_tilt.dae
[16.399s] -- Symlinking: /home/will/chess_robot_ws/install/moveit_resources_pr2_description/share/moveit_resources_pr2_description/urdf/meshes/head_v0/head_tilt.stl
[16.428s] -- Symlinking: /home/will/chess_robot_ws/install/moveit_resources_pr2_description/share/moveit_resources_pr2_description/urdf/meshes/head_v0/head_tilt_L.stl
[16.451s] -- Symlinking: /home/will/chess_robot_ws/install/moveit_resources_pr2_description/share/moveit_resources_pr2_description/urdf/meshes/head_v0/head_tilt_color.tif
[16.491s] -- Symlinking: /home/will/chess_robot_ws/install/moveit_resources_pr2_description/share/moveit_resources_pr2_description/urdf/meshes/head_v0/head_tilt_color_red.tif
[16.537s] -- Symlinking: /home/will/chess_robot_ws/install/moveit_resources_pr2_description/share/moveit_resources_pr2_description/urdf/meshes/head_v0/head_tilt_color_yellow.tif
[16.581s] -- Symlinking: /home/will/chess_robot_ws/install/moveit_resources_pr2_description/share/moveit_resources_pr2_description/urdf/meshes/head_v0/head_tilt_green.tif
[16.626s] -- Symlinking: /home/will/chess_robot_ws/install/moveit_resources_pr2_description/share/moveit_resources_pr2_description/urdf/meshes/head_v0/head_tilt_normals.tif
[16.684s] -- Symlinking: /home/will/chess_robot_ws/install/moveit_resources_pr2_description/share/moveit_resources_pr2_description/urdf/meshes/sensors/kinect_prosilica_v0/115x100_swept_back--coarse.STL
[16.694s] -- Symlinking: /home/will/chess_robot_ws/install/moveit_resources_pr2_description/share/moveit_resources_pr2_description/urdf/meshes/sensors/kinect_prosilica_v0/115x100_swept_back_no_sensors--coarse.STL
[16.726s] -- Symlinking: /home/will/chess_robot_ws/install/moveit_resources_pr2_description/share/moveit_resources_pr2_description/urdf/meshes/sensors/kinect_prosilica_v0/115x100_swept_fwd--coarse.STL
[16.785s] -- Symlinking: /home/will/chess_robot_ws/install/moveit_resources_pr2_description/share/moveit_resources_pr2_description/urdf/meshes/sensors/kinect_prosilica_v0/115x100_swept_fwd_no_sensors--coarse.STL
[16.815s] -- Symlinking: /home/will/chess_robot_ws/install/moveit_resources_pr2_description/share/moveit_resources_pr2_description/urdf/meshes/sensors/kinect_prosilica_v0/68-04546_Kinect_Sensor--coarse.STL
[16.850s] -- Symlinking: /home/will/chess_robot_ws/install/moveit_resources_pr2_description/share/moveit_resources_pr2_description/urdf/meshes/sensors/kinect_prosilica_v0/Prosilica_w_Lens--coarse.STL
[16.908s] -- Symlinking: /home/will/chess_robot_ws/install/moveit_resources_pr2_description/share/moveit_resources_pr2_description/urdf/meshes/sensors/kinect_v0/kinect.dae
[16.927s] -- Symlinking: /home/will/chess_robot_ws/install/moveit_resources_pr2_description/share/moveit_resources_pr2_description/urdf/meshes/sensors/kinect_v0/kinect.tga
[16.959s] -- Symlinking: /home/will/chess_robot_ws/install/moveit_resources_pr2_description/share/moveit_resources_pr2_description/urdf/meshes/sensors/kinect_v0/kinect_color.tga
[16.998s] -- Symlinking: /home/will/chess_robot_ws/install/moveit_resources_pr2_description/share/moveit_resources_pr2_description/urdf/meshes/sensors/kinect_v0/kinect_mount.stl
[17.040s] -- Symlinking: /home/will/chess_robot_ws/install/moveit_resources_pr2_description/share/moveit_resources_pr2_description/urdf/meshes/shoulder_v0/convex/shoulder_lift.dae
[17.065s] -- Symlinking: /home/will/chess_robot_ws/install/moveit_resources_pr2_description/share/moveit_resources_pr2_description/urdf/meshes/shoulder_v0/convex/shoulder_lift.xml
[17.099s] -- Symlinking: /home/will/chess_robot_ws/install/moveit_resources_pr2_description/share/moveit_resources_pr2_description/urdf/meshes/shoulder_v0/convex/shoulder_lift_convex.stla
[17.132s] -- Symlinking: /home/will/chess_robot_ws/install/moveit_resources_pr2_description/share/moveit_resources_pr2_description/urdf/meshes/shoulder_v0/convex/shoulder_lift_convex.stlb
[17.162s] -- Symlinking: /home/will/chess_robot_ws/install/moveit_resources_pr2_description/share/moveit_resources_pr2_description/urdf/meshes/shoulder_v0/convex/shoulder_pan.dae
[17.201s] -- Symlinking: /home/will/chess_robot_ws/install/moveit_resources_pr2_description/share/moveit_resources_pr2_description/urdf/meshes/shoulder_v0/convex/shoulder_pan.xml
[17.232s] -- Symlinking: /home/will/chess_robot_ws/install/moveit_resources_pr2_description/share/moveit_resources_pr2_description/urdf/meshes/shoulder_v0/convex/shoulder_pan_convex.stla
[17.267s] -- Symlinking: /home/will/chess_robot_ws/install/moveit_resources_pr2_description/share/moveit_resources_pr2_description/urdf/meshes/shoulder_v0/convex/shoulder_pan_convex.stlb
[17.296s] -- Symlinking: /home/will/chess_robot_ws/install/moveit_resources_pr2_description/share/moveit_resources_pr2_description/urdf/meshes/shoulder_v0/convex/shoulder_yaw.dae
[17.331s] -- Symlinking: /home/will/chess_robot_ws/install/moveit_resources_pr2_description/share/moveit_resources_pr2_description/urdf/meshes/shoulder_v0/convex/shoulder_yaw.xml
[17.366s] -- Symlinking: /home/will/chess_robot_ws/install/moveit_resources_pr2_description/share/moveit_resources_pr2_description/urdf/meshes/shoulder_v0/convex/shoulder_yaw_convex.stla
[17.395s] -- Symlinking: /home/will/chess_robot_ws/install/moveit_resources_pr2_description/share/moveit_resources_pr2_description/urdf/meshes/shoulder_v0/convex/shoulder_yaw_convex.stlb
[17.427s] -- Symlinking: /home/will/chess_robot_ws/install/moveit_resources_pr2_description/share/moveit_resources_pr2_description/urdf/meshes/shoulder_v0/convex/upper_arm_roll.dae
[17.457s] -- Symlinking: /home/will/chess_robot_ws/install/moveit_resources_pr2_description/share/moveit_resources_pr2_description/urdf/meshes/shoulder_v0/convex/upper_arm_roll.xml
[17.527s] -- Symlinking: /home/will/chess_robot_ws/install/moveit_resources_pr2_description/share/moveit_resources_pr2_description/urdf/meshes/shoulder_v0/convex/upper_arm_roll_L.dae
[17.555s] -- Symlinking: /home/will/chess_robot_ws/install/moveit_resources_pr2_description/share/moveit_resources_pr2_description/urdf/meshes/shoulder_v0/convex/upper_arm_roll_L.xml
[17.607s] -- Symlinking: /home/will/chess_robot_ws/install/moveit_resources_pr2_description/share/moveit_resources_pr2_description/urdf/meshes/shoulder_v0/convex/upper_arm_roll_L_convex.stla
[17.640s] -- Symlinking: /home/will/chess_robot_ws/install/moveit_resources_pr2_description/share/moveit_resources_pr2_description/urdf/meshes/shoulder_v0/convex/upper_arm_roll_L_convex.stlb
[17.676s] -- Symlinking: /home/will/chess_robot_ws/install/moveit_resources_pr2_description/share/moveit_resources_pr2_description/urdf/meshes/shoulder_v0/convex/upper_arm_roll_convex.stla
[17.726s] -- Symlinking: /home/will/chess_robot_ws/install/moveit_resources_pr2_description/share/moveit_resources_pr2_description/urdf/meshes/shoulder_v0/convex/upper_arm_roll_convex.stlb
[17.733s] -- Symlinking: /home/will/chess_robot_ws/install/moveit_resources_pr2_description/share/moveit_resources_pr2_description/urdf/meshes/shoulder_v0/shoulder_lift.dae
[17.770s] -- Symlinking: /home/will/chess_robot_ws/install/moveit_resources_pr2_description/share/moveit_resources_pr2_description/urdf/meshes/shoulder_v0/shoulder_lift.stl
[17.807s] -- Symlinking: /home/will/chess_robot_ws/install/moveit_resources_pr2_description/share/moveit_resources_pr2_description/urdf/meshes/shoulder_v0/shoulder_lift_color.tif
[17.854s] -- Symlinking: /home/will/chess_robot_ws/install/moveit_resources_pr2_description/share/moveit_resources_pr2_description/urdf/meshes/shoulder_v0/shoulder_lift_normals.tif
[17.899s] -- Symlinking: /home/will/chess_robot_ws/install/moveit_resources_pr2_description/share/moveit_resources_pr2_description/urdf/meshes/shoulder_v0/shoulder_pan.dae
[17.943s] -- Symlinking: /home/will/chess_robot_ws/install/moveit_resources_pr2_description/share/moveit_resources_pr2_description/urdf/meshes/shoulder_v0/shoulder_pan.stl
[17.985s] -- Symlinking: /home/will/chess_robot_ws/install/moveit_resources_pr2_description/share/moveit_resources_pr2_description/urdf/meshes/shoulder_v0/shoulder_pan_color.tif
[18.047s] -- Symlinking: /home/will/chess_robot_ws/install/moveit_resources_pr2_description/share/moveit_resources_pr2_description/urdf/meshes/shoulder_v0/shoulder_pan_normals.tif
[18.082s] -- Symlinking: /home/will/chess_robot_ws/install/moveit_resources_pr2_description/share/moveit_resources_pr2_description/urdf/meshes/shoulder_v0/shoulder_yaw.stl
[18.128s] -- Symlinking: /home/will/chess_robot_ws/install/moveit_resources_pr2_description/share/moveit_resources_pr2_description/urdf/meshes/shoulder_v0/upper_arm_roll.dae
[18.183s] -- Symlinking: /home/will/chess_robot_ws/install/moveit_resources_pr2_description/share/moveit_resources_pr2_description/urdf/meshes/shoulder_v0/upper_arm_roll.stl
[18.222s] -- Symlinking: /home/will/chess_robot_ws/install/moveit_resources_pr2_description/share/moveit_resources_pr2_description/urdf/meshes/shoulder_v0/upper_arm_roll_L.stl
[18.266s] -- Symlinking: /home/will/chess_robot_ws/install/moveit_resources_pr2_description/share/moveit_resources_pr2_description/urdf/meshes/shoulder_v0/upper_arm_roll_color.tif
[18.305s] -- Symlinking: /home/will/chess_robot_ws/install/moveit_resources_pr2_description/share/moveit_resources_pr2_description/urdf/meshes/shoulder_v0/upper_arm_roll_normals.tif
[18.337s] -- Symlinking: /home/will/chess_robot_ws/install/moveit_resources_pr2_description/share/moveit_resources_pr2_description/urdf/meshes/tilting_laser_v0/convex/hok_tilt.dae
[18.374s] -- Symlinking: /home/will/chess_robot_ws/install/moveit_resources_pr2_description/share/moveit_resources_pr2_description/urdf/meshes/tilting_laser_v0/convex/hok_tilt.xml
[18.419s] -- Symlinking: /home/will/chess_robot_ws/install/moveit_resources_pr2_description/share/moveit_resources_pr2_description/urdf/meshes/tilting_laser_v0/convex/hok_tilt_convex.stla
[18.460s] -- Symlinking: /home/will/chess_robot_ws/install/moveit_resources_pr2_description/share/moveit_resources_pr2_description/urdf/meshes/tilting_laser_v0/convex/hok_tilt_convex.stlb
[18.537s] -- Symlinking: /home/will/chess_robot_ws/install/moveit_resources_pr2_description/share/moveit_resources_pr2_description/urdf/meshes/tilting_laser_v0/convex/tilting_hokuyo.dae
[18.598s] -- Symlinking: /home/will/chess_robot_ws/install/moveit_resources_pr2_description/share/moveit_resources_pr2_description/urdf/meshes/tilting_laser_v0/convex/tilting_hokuyo.xml
[18.646s] -- Symlinking: /home/will/chess_robot_ws/install/moveit_resources_pr2_description/share/moveit_resources_pr2_description/urdf/meshes/tilting_laser_v0/convex/tilting_hokuyo_L.dae
[18.688s] -- Symlinking: /home/will/chess_robot_ws/install/moveit_resources_pr2_description/share/moveit_resources_pr2_description/urdf/meshes/tilting_laser_v0/convex/tilting_hokuyo_L.xml
[18.731s] -- Symlinking: /home/will/chess_robot_ws/install/moveit_resources_pr2_description/share/moveit_resources_pr2_description/urdf/meshes/tilting_laser_v0/convex/tilting_hokuyo_L_convex.stla
[18.774s] -- Symlinking: /home/will/chess_robot_ws/install/moveit_resources_pr2_description/share/moveit_resources_pr2_description/urdf/meshes/tilting_laser_v0/convex/tilting_hokuyo_L_convex.stlb
[18.841s] -- Symlinking: /home/will/chess_robot_ws/install/moveit_resources_pr2_description/share/moveit_resources_pr2_description/urdf/meshes/tilting_laser_v0/convex/tilting_hokuyo_convex.stla
[18.879s] -- Symlinking: /home/will/chess_robot_ws/install/moveit_resources_pr2_description/share/moveit_resources_pr2_description/urdf/meshes/tilting_laser_v0/convex/tilting_hokuyo_convex.stlb
[18.926s] -- Symlinking: /home/will/chess_robot_ws/install/moveit_resources_pr2_description/share/moveit_resources_pr2_description/urdf/meshes/tilting_laser_v0/hok_tilt.stl
[18.959s] -- Symlinking: /home/will/chess_robot_ws/install/moveit_resources_pr2_description/share/moveit_resources_pr2_description/urdf/meshes/tilting_laser_v0/tilting_hokuyo.dae
[19.004s] -- Symlinking: /home/will/chess_robot_ws/install/moveit_resources_pr2_description/share/moveit_resources_pr2_description/urdf/meshes/tilting_laser_v0/tilting_hokuyo.stl
[19.044s] -- Symlinking: /home/will/chess_robot_ws/install/moveit_resources_pr2_description/share/moveit_resources_pr2_description/urdf/meshes/tilting_laser_v0/tilting_hokuyo_L.stl
[19.078s] -- Symlinking: /home/will/chess_robot_ws/install/moveit_resources_pr2_description/share/moveit_resources_pr2_description/urdf/meshes/tilting_laser_v0/tilting_hokuyo_color.tif
[19.121s] -- Symlinking: /home/will/chess_robot_ws/install/moveit_resources_pr2_description/share/moveit_resources_pr2_description/urdf/meshes/tilting_laser_v0/tilting_hokuyo_normals.tif
[19.190s] -- Symlinking: /home/will/chess_robot_ws/install/moveit_resources_pr2_description/share/moveit_resources_pr2_description/urdf/meshes/torso_v0/convex/torso.dae
[19.273s] -- Symlinking: /home/will/chess_robot_ws/install/moveit_resources_pr2_description/share/moveit_resources_pr2_description/urdf/meshes/torso_v0/convex/torso.xml
[19.302s] -- Symlinking: /home/will/chess_robot_ws/install/moveit_resources_pr2_description/share/moveit_resources_pr2_description/urdf/meshes/torso_v0/convex/torso_convex.stla
[19.349s] -- Symlinking: /home/will/chess_robot_ws/install/moveit_resources_pr2_description/share/moveit_resources_pr2_description/urdf/meshes/torso_v0/convex/torso_convex.stlb
[19.380s] -- Symlinking: /home/will/chess_robot_ws/install/moveit_resources_pr2_description/share/moveit_resources_pr2_description/urdf/meshes/torso_v0/convex/torso_lift.dae
[19.426s] -- Symlinking: /home/will/chess_robot_ws/install/moveit_resources_pr2_description/share/moveit_resources_pr2_description/urdf/meshes/torso_v0/convex/torso_lift.xml
[19.465s] -- Symlinking: /home/will/chess_robot_ws/install/moveit_resources_pr2_description/share/moveit_resources_pr2_description/urdf/meshes/torso_v0/convex/torso_lift_L.dae
[19.520s] -- Symlinking: /home/will/chess_robot_ws/install/moveit_resources_pr2_description/share/moveit_resources_pr2_description/urdf/meshes/torso_v0/convex/torso_lift_L.xml
[19.568s] -- Symlinking: /home/will/chess_robot_ws/install/moveit_resources_pr2_description/share/moveit_resources_pr2_description/urdf/meshes/torso_v0/convex/torso_lift_L_convex.stla
[19.616s] -- Symlinking: /home/will/chess_robot_ws/install/moveit_resources_pr2_description/share/moveit_resources_pr2_description/urdf/meshes/torso_v0/convex/torso_lift_L_convex.stlb
[19.708s] -- Symlinking: /home/will/chess_robot_ws/install/moveit_resources_pr2_description/share/moveit_resources_pr2_description/urdf/meshes/torso_v0/convex/torso_lift_convex.stla
[19.795s] -- Symlinking: /home/will/chess_robot_ws/install/moveit_resources_pr2_description/share/moveit_resources_pr2_description/urdf/meshes/torso_v0/convex/torso_lift_convex.stlb
[19.878s] -- Symlinking: /home/will/chess_robot_ws/install/moveit_resources_pr2_description/share/moveit_resources_pr2_description/urdf/meshes/torso_v0/torso.stl
[19.913s] -- Symlinking: /home/will/chess_robot_ws/install/moveit_resources_pr2_description/share/moveit_resources_pr2_description/urdf/meshes/torso_v0/torso_lift.dae
[19.952s] -- Symlinking: /home/will/chess_robot_ws/install/moveit_resources_pr2_description/share/moveit_resources_pr2_description/urdf/meshes/torso_v0/torso_lift.stl
[20.023s] -- Symlinking: /home/will/chess_robot_ws/install/moveit_resources_pr2_description/share/moveit_resources_pr2_description/urdf/meshes/torso_v0/torso_lift_L.stl
[20.115s] -- Symlinking: /home/will/chess_robot_ws/install/moveit_resources_pr2_description/share/moveit_resources_pr2_description/urdf/meshes/torso_v0/torso_lift_color.tif
[20.184s] -- Symlinking: /home/will/chess_robot_ws/install/moveit_resources_pr2_description/share/moveit_resources_pr2_description/urdf/meshes/torso_v0/torso_lift_normals.tif
[20.222s] -- Symlinking: /home/will/chess_robot_ws/install/moveit_resources_pr2_description/share/moveit_resources_pr2_description/urdf/meshes/upper_arm_v0/convex/elbow_flex.dae
[20.278s] -- Symlinking: /home/will/chess_robot_ws/install/moveit_resources_pr2_description/share/moveit_resources_pr2_description/urdf/meshes/upper_arm_v0/convex/elbow_flex.xml
[20.323s] -- Symlinking: /home/will/chess_robot_ws/install/moveit_resources_pr2_description/share/moveit_resources_pr2_description/urdf/meshes/upper_arm_v0/convex/elbow_flex_convex.stla
[20.349s] -- Symlinking: /home/will/chess_robot_ws/install/moveit_resources_pr2_description/share/moveit_resources_pr2_description/urdf/meshes/upper_arm_v0/convex/elbow_flex_convex.stlb
[20.415s] -- Symlinking: /home/will/chess_robot_ws/install/moveit_resources_pr2_description/share/moveit_resources_pr2_description/urdf/meshes/upper_arm_v0/convex/forearm_roll.dae
[20.456s] -- Symlinking: /home/will/chess_robot_ws/install/moveit_resources_pr2_description/share/moveit_resources_pr2_description/urdf/meshes/upper_arm_v0/convex/forearm_roll.xml
[20.522s] -- Symlinking: /home/will/chess_robot_ws/install/moveit_resources_pr2_description/share/moveit_resources_pr2_description/urdf/meshes/upper_arm_v0/convex/forearm_roll_L.dae
[20.584s] -- Symlinking: /home/will/chess_robot_ws/install/moveit_resources_pr2_description/share/moveit_resources_pr2_description/urdf/meshes/upper_arm_v0/convex/forearm_roll_L.xml
[20.624s] -- Symlinking: /home/will/chess_robot_ws/install/moveit_resources_pr2_description/share/moveit_resources_pr2_description/urdf/meshes/upper_arm_v0/convex/forearm_roll_L_convex.stla
[20.655s] -- Symlinking: /home/will/chess_robot_ws/install/moveit_resources_pr2_description/share/moveit_resources_pr2_description/urdf/meshes/upper_arm_v0/convex/forearm_roll_L_convex.stlb
[20.724s] -- Symlinking: /home/will/chess_robot_ws/install/moveit_resources_pr2_description/share/moveit_resources_pr2_description/urdf/meshes/upper_arm_v0/convex/forearm_roll_convex.stla
[20.852s] -- Symlinking: /home/will/chess_robot_ws/install/moveit_resources_pr2_description/share/moveit_resources_pr2_description/urdf/meshes/upper_arm_v0/convex/forearm_roll_convex.stlb
[20.877s] -- Symlinking: /home/will/chess_robot_ws/install/moveit_resources_pr2_description/share/moveit_resources_pr2_description/urdf/meshes/upper_arm_v0/convex/upper_arm.dae
[20.919s] -- Symlinking: /home/will/chess_robot_ws/install/moveit_resources_pr2_description/share/moveit_resources_pr2_description/urdf/meshes/upper_arm_v0/convex/upper_arm.xml
[20.947s] -- Symlinking: /home/will/chess_robot_ws/install/moveit_resources_pr2_description/share/moveit_resources_pr2_description/urdf/meshes/upper_arm_v0/convex/upper_arm_convex.stla
[20.974s] -- Symlinking: /home/will/chess_robot_ws/install/moveit_resources_pr2_description/share/moveit_resources_pr2_description/urdf/meshes/upper_arm_v0/convex/upper_arm_convex.stlb
[20.997s] -- Symlinking: /home/will/chess_robot_ws/install/moveit_resources_pr2_description/share/moveit_resources_pr2_description/urdf/meshes/upper_arm_v0/elbow_flex.dae
[21.092s] -- Symlinking: /home/will/chess_robot_ws/install/moveit_resources_pr2_description/share/moveit_resources_pr2_description/urdf/meshes/upper_arm_v0/elbow_flex.stl
[21.156s] -- Symlinking: /home/will/chess_robot_ws/install/moveit_resources_pr2_description/share/moveit_resources_pr2_description/urdf/meshes/upper_arm_v0/elbow_flex_color.tif
[21.189s] -- Symlinking: /home/will/chess_robot_ws/install/moveit_resources_pr2_description/share/moveit_resources_pr2_description/urdf/meshes/upper_arm_v0/elbow_flex_normals.tif
[21.254s] -- Symlinking: /home/will/chess_robot_ws/install/moveit_resources_pr2_description/share/moveit_resources_pr2_description/urdf/meshes/upper_arm_v0/forearm_roll.stl
[21.318s] -- Symlinking: /home/will/chess_robot_ws/install/moveit_resources_pr2_description/share/moveit_resources_pr2_description/urdf/meshes/upper_arm_v0/forearm_roll_L.stl
[21.393s] -- Symlinking: /home/will/chess_robot_ws/install/moveit_resources_pr2_description/share/moveit_resources_pr2_description/urdf/meshes/upper_arm_v0/upper_arm.dae
[21.472s] -- Symlinking: /home/will/chess_robot_ws/install/moveit_resources_pr2_description/share/moveit_resources_pr2_description/urdf/meshes/upper_arm_v0/upper_arm.jpg
[21.516s] -- Symlinking: /home/will/chess_robot_ws/install/moveit_resources_pr2_description/share/moveit_resources_pr2_description/urdf/meshes/upper_arm_v0/upper_arm.stl
[21.592s] -- Symlinking: /home/will/chess_robot_ws/install/moveit_resources_pr2_description/share/moveit_resources_pr2_description/urdf/meshes/upper_arm_v0/upper_arm_color.tif
[21.620s] -- Symlinking: /home/will/chess_robot_ws/install/moveit_resources_pr2_description/share/moveit_resources_pr2_description/urdf/meshes/upper_arm_v0/upper_arm_normals.tif
[21.674s] -- Symlinking: /home/will/chess_robot_ws/install/moveit_resources_pr2_description/share/moveit_resources_pr2_description/urdf/robot.xml
[21.715s] -- Symlinking: /home/will/chess_robot_ws/install/moveit_resources_pr2_description/share/moveit_resources_pr2_description/kinect.dae
[21.791s] Invoked command in '/home/will/chess_robot_ws/build/moveit_resources_pr2_description' returned '0': CMAKE_PREFIX_PATH=${CMAKE_PREFIX_PATH}:/home/will/chess_robot_ws/install/chess_robot_simulation:/home/will/chess_robot_ws/install/moveit_configs_utils:/home/will/chess_robot_ws/install/launch_param_builder:/opt/ros/humble /usr/bin/cmake --install /home/will/chess_robot_ws/build/moveit_resources_pr2_description
