running develop
running egg_info
writing chess_robot_simulation.egg-info/PKG-INFO
writing dependency_links to chess_robot_simulation.egg-info/dependency_links.txt
writing entry points to chess_robot_simulation.egg-info/entry_points.txt
writing requirements to chess_robot_simulation.egg-info/requires.txt
writing top-level names to chess_robot_simulation.egg-info/top_level.txt
reading manifest file 'chess_robot_simulation.egg-info/SOURCES.txt'
writing manifest file 'chess_robot_simulation.egg-info/SOURCES.txt'
running build_ext
Creating /home/ros/chess_robot_ws/install/chess_robot_simulation/lib/python3.10/site-packages/chess-robot-simulation.egg-link (link to .)
Installing chess_robot_node script to /home/ros/chess_robot_ws/install/chess_robot_simulation/lib/chess_robot_simulation
Installing minimal_node script to /home/ros/chess_robot_ws/install/chess_robot_simulation/lib/chess_robot_simulation
Installing minimal_publisher script to /home/ros/chess_robot_ws/install/chess_robot_simulation/lib/chess_robot_simulation

Installed /home/ros/chess_robot_ws/build/chess_robot_simulation
running symlink_data
symbolically linking /home/ros/chess_robot_ws/build/chess_robot_simulation/resource/chess_robot_simulation -> /home/ros/chess_robot_ws/install/chess_robot_simulation/share/ament_index/resource_index/packages
symbolically linking /home/ros/chess_robot_ws/build/chess_robot_simulation/package.xml -> /home/ros/chess_robot_ws/install/chess_robot_simulation/share/chess_robot_simulation
symbolically linking /home/ros/chess_robot_ws/build/chess_robot_simulation/launch/debug.launch.py -> /home/ros/chess_robot_ws/install/chess_robot_simulation/share/chess_robot_simulation
symbolically linking /home/ros/chess_robot_ws/build/chess_robot_simulation/launch/chess_robot.launch.py -> /home/ros/chess_robot_ws/install/chess_robot_simulation/share/chess_robot_simulation
error: [Errno 2] No such file or directory: '/home/ros/chess_robot_ws/install/chess_robot_simulation/share/chess_robot_simulation/chess_robot_simulation.launch.py'
