[0.826s] Invoking command in '/home/ros/chess_robot_ws/build/chess_robot_simulation': PYTHONPATH=/home/ros/chess_robot_ws/build/chess_robot_simulation/prefix_override:/usr/lib/python3/dist-packages/colcon_core/task/python/colcon_distutils_commands:/home/ros/chess_robot_ws/install/chess_robot_simulation/lib/python3.10/site-packages:${PYTHONPATH} /usr/bin/python3 -W ignore:setup.py install is deprecated -W ignore:easy_install command is deprecated setup.py develop --editable --build-directory /home/ros/chess_robot_ws/build/chess_robot_simulation/build --no-deps symlink_data --force
[1.090s] running develop
[1.256s] running egg_info
[1.256s] writing chess_robot_simulation.egg-info/PKG-INFO
[1.257s] writing dependency_links to chess_robot_simulation.egg-info/dependency_links.txt
[1.257s] writing entry points to chess_robot_simulation.egg-info/entry_points.txt
[1.257s] writing requirements to chess_robot_simulation.egg-info/requires.txt
[1.258s] writing top-level names to chess_robot_simulation.egg-info/top_level.txt
[1.261s] reading manifest file 'chess_robot_simulation.egg-info/SOURCES.txt'
[1.262s] writing manifest file 'chess_robot_simulation.egg-info/SOURCES.txt'
[1.264s] running build_ext
[1.264s] Creating /home/ros/chess_robot_ws/install/chess_robot_simulation/lib/python3.10/site-packages/chess-robot-simulation.egg-link (link to .)
[1.265s] Installing chess_robot_node script to /home/ros/chess_robot_ws/install/chess_robot_simulation/lib/chess_robot_simulation
[1.266s] Installing minimal_node script to /home/ros/chess_robot_ws/install/chess_robot_simulation/lib/chess_robot_simulation
[1.267s] Installing minimal_publisher script to /home/ros/chess_robot_ws/install/chess_robot_simulation/lib/chess_robot_simulation
[1.267s] 
[1.267s] Installed /home/ros/chess_robot_ws/build/chess_robot_simulation
[1.267s] running symlink_data
[1.267s] symbolically linking /home/ros/chess_robot_ws/build/chess_robot_simulation/resource/chess_robot_simulation -> /home/ros/chess_robot_ws/install/chess_robot_simulation/share/ament_index/resource_index/packages
[1.268s] symbolically linking /home/ros/chess_robot_ws/build/chess_robot_simulation/package.xml -> /home/ros/chess_robot_ws/install/chess_robot_simulation/share/chess_robot_simulation
[1.269s] symbolically linking /home/ros/chess_robot_ws/build/chess_robot_simulation/launch/debug.launch.py -> /home/ros/chess_robot_ws/install/chess_robot_simulation/share/chess_robot_simulation
[1.269s] symbolically linking /home/ros/chess_robot_ws/build/chess_robot_simulation/launch/chess_robot.launch.py -> /home/ros/chess_robot_ws/install/chess_robot_simulation/share/chess_robot_simulation
[1.269s] error: [Errno 2] No such file or directory: '/home/ros/chess_robot_ws/install/chess_robot_simulation/share/chess_robot_simulation/chess_robot_simulation.launch.py'
[1.305s] Invoked command in '/home/ros/chess_robot_ws/build/chess_robot_simulation' returned '1': PYTHONPATH=/home/ros/chess_robot_ws/build/chess_robot_simulation/prefix_override:/usr/lib/python3/dist-packages/colcon_core/task/python/colcon_distutils_commands:/home/ros/chess_robot_ws/install/chess_robot_simulation/lib/python3.10/site-packages:${PYTHONPATH} /usr/bin/python3 -W ignore:setup.py install is deprecated -W ignore:easy_install command is deprecated setup.py develop --editable --build-directory /home/ros/chess_robot_ws/build/chess_robot_simulation/build --no-deps symlink_data --force
