[0.080s] Invoking command in '/home/will/chess_robot_ws/build/moveit_core': CMAKE_PREFIX_PATH=/home/will/chess_robot_ws/install/moveit_resources_panda_moveit_config:/home/will/chess_robot_ws/install/srdfdom:/home/will/chess_robot_ws/install/moveit_resources_pr2_description:/home/will/chess_robot_ws/install/moveit_resources_panda_description:/home/will/chess_robot_ws/install/moveit_common:/home/will/chess_robot_ws/install/pilz_industrial_motion_planner_testutils:/home/will/chess_robot_ws/install/moveit_runtime:/home/will/chess_robot_ws/install/moveit2_tutorials:/home/will/chess_robot_ws/install/moveit:/home/will/chess_robot_ws/install/moveit_planners:/home/will/chess_robot_ws/install/pilz_industrial_motion_planner:/home/will/chess_robot_ws/install/moveit_visual_tools:/home/will/chess_robot_ws/install/moveit_task_constructor_visualization:/home/will/chess_robot_ws/install/moveit_task_constructor_demo:/home/will/chess_robot_ws/install/moveit_task_constructor_capabilities:/home/will/chess_robot_ws/install/moveit_task_constructor_core:/home/will/chess_robot_ws/install/moveit_ros_control_interface:/home/will/chess_robot_ws/install/moveit_plugins:/home/will/chess_robot_ws/install/moveit_simple_controller_manager:/home/will/chess_robot_ws/install/moveit_setup_assistant:/home/will/chess_robot_ws/install/moveit_setup_srdf_plugins:/home/will/chess_robot_ws/install/moveit_setup_core_plugins:/home/will/chess_robot_ws/install/moveit_setup_controllers:/home/will/chess_robot_ws/install/moveit_setup_app_plugins:/home/will/chess_robot_ws/install/moveit_setup_framework:/home/will/chess_robot_ws/install/moveit_servo:/home/will/chess_robot_ws/install/moveit_ros:/home/will/chess_robot_ws/install/moveit_ros_visualization:/home/will/chess_robot_ws/install/moveit_hybrid_planning:/home/will/chess_robot_ws/install/moveit_ros_planning_interface:/home/will/chess_robot_ws/install/moveit_ros_benchmarks:/home/will/chess_robot_ws/install/moveit_ros_warehouse:/home/will/chess_robot_ws/install/moveit_ros_robot_interaction:/home/will/chess_robot_ws/install/moveit_ros_perception:/home/will/chess_robot_ws/install/moveit_resources_prbt_pg70_support:/home/will/chess_robot_ws/install/moveit_resources_prbt_moveit_config:/home/will/chess_robot_ws/install/moveit_ros_move_group:/home/will/chess_robot_ws/install/moveit_planners_ompl:/home/will/chess_robot_ws/install/moveit_ros_planning:/home/will/chess_robot_ws/install/moveit_ros_occupancy_map_monitor:/home/will/chess_robot_ws/install/moveit_resources_prbt_ikfast_manipulator_plugin:/home/will/chess_robot_ws/install/moveit_planners_chomp:/home/will/chess_robot_ws/install/moveit_kinematics:/home/will/chess_robot_ws/install/moveit_chomp_optimizer_adapter:/home/will/chess_robot_ws/install/chomp_motion_planner:/home/will/chess_robot_ws/install/moveit_core:/home/will/chess_robot_ws/install/rviz_marker_tools:/home/will/chess_robot_ws/install/rosparam_shortcuts:/home/will/chess_robot_ws/install/moveit_task_constructor_msgs:/home/will/chess_robot_ws/install/moveit_resources_prbt_support:/home/will/chess_robot_ws/install/moveit_resources:/home/will/chess_robot_ws/install/moveit_resources_fanuc_moveit_config:/home/will/chess_robot_ws/install/moveit_resources_fanuc_description:/home/will/chess_robot_ws/install/chess_robot_simulation:/home/will/chess_robot_ws/install/moveit_configs_utils:/home/will/chess_robot_ws/install/launch_param_builder:/opt/ros/humble LD_LIBRARY_PATH=/home/will/chess_robot_ws/install/srdfdom/lib:/home/will/chess_robot_ws/install/pilz_industrial_motion_planner_testutils/lib:/home/will/chess_robot_ws/install/pilz_industrial_motion_planner/lib:/home/will/chess_robot_ws/install/moveit_visual_tools/lib:/home/will/chess_robot_ws/install/moveit_task_constructor_visualization/lib:/home/will/chess_robot_ws/install/moveit_task_constructor_demo/lib:/home/will/chess_robot_ws/install/moveit_task_constructor_capabilities/lib:/home/will/chess_robot_ws/install/moveit_task_constructor_core/lib:/home/will/chess_robot_ws/install/moveit_ros_control_interface/lib:/home/will/chess_robot_ws/install/moveit_simple_controller_manager/lib:/home/will/chess_robot_ws/install/moveit_setup_assistant/lib:/home/will/chess_robot_ws/install/moveit_setup_srdf_plugins/lib:/home/will/chess_robot_ws/install/moveit_setup_core_plugins/lib:/home/will/chess_robot_ws/install/moveit_setup_controllers/lib:/home/will/chess_robot_ws/install/moveit_setup_app_plugins/lib:/home/will/chess_robot_ws/install/moveit_setup_framework/lib:/home/will/chess_robot_ws/install/moveit_servo/lib:/home/will/chess_robot_ws/install/moveit_ros_visualization/lib:/home/will/chess_robot_ws/install/moveit_hybrid_planning/lib:/home/will/chess_robot_ws/install/moveit_ros_planning_interface/lib:/home/will/chess_robot_ws/install/moveit_ros_benchmarks/lib:/home/will/chess_robot_ws/install/moveit_ros_warehouse/lib:/home/will/chess_robot_ws/install/moveit_ros_robot_interaction/lib:/home/will/chess_robot_ws/install/moveit_ros_perception/lib:/home/will/chess_robot_ws/install/moveit_ros_move_group/lib:/home/will/chess_robot_ws/install/moveit_planners_ompl/lib:/home/will/chess_robot_ws/install/moveit_ros_planning/lib:/home/will/chess_robot_ws/install/moveit_ros_occupancy_map_monitor/lib:/home/will/chess_robot_ws/install/moveit_resources_prbt_ikfast_manipulator_plugin/lib:/home/will/chess_robot_ws/install/moveit_planners_chomp/lib:/home/will/chess_robot_ws/install/moveit_kinematics/lib:/home/will/chess_robot_ws/install/moveit_chomp_optimizer_adapter/lib:/home/will/chess_robot_ws/install/chomp_motion_planner/lib:/home/will/chess_robot_ws/install/moveit_core/lib:/home/will/chess_robot_ws/install/rviz_marker_tools/lib:/home/will/chess_robot_ws/install/rosparam_shortcuts/lib:/home/will/chess_robot_ws/install/moveit_task_constructor_msgs/lib:/opt/ros/humble/opt/rviz_ogre_vendor/lib:/opt/ros/humble/lib/x86_64-linux-gnu:/opt/ros/humble/lib /usr/bin/cmake /home/will/chess_robot_ws/src/moveit2/moveit_core -DAMENT_CMAKE_SYMLINK_INSTALL=1 -DCMAKE_INSTALL_PREFIX=/home/will/chess_robot_ws/install/moveit_core
[0.391s] -- The CXX compiler identification is GNU 11.4.0
[0.458s] -- Detecting CXX compiler ABI info
[0.766s] -- Detecting CXX compiler ABI info - done
[0.766s] -- Check for working CXX compiler: /usr/bin/c++ - skipped
[0.767s] -- Detecting CXX compile features
[0.792s] -- Detecting CXX compile features - done
[0.795s] -- Found moveit_common: 2.5.9 (/home/will/chess_robot_ws/install/moveit_common/share/moveit_common/cmake)
[0.795s] -- Found ament_cmake: 1.3.11 (/opt/ros/humble/share/ament_cmake/cmake)
[1.225s] -- Found Python3: /usr/bin/python3 (found version "3.10.12") found components: Interpreter 
[1.426s] -- Override CMake install command with custom implementation using symlinks instead of copying resources
[1.732s] [0mmoveit_core: You did not request a specific build type: Choosing 'Release' for maximum performance[0m
[1.737s] -- Found angles: 1.15.0 (/opt/ros/humble/share/angles/cmake)
[1.842s] -- Found Bullet: /usr/lib/x86_64-linux-gnu/libBulletDynamics.so (Required is at least version "2.87") 
[1.849s] -- Found common_interfaces: 4.8.0 (/opt/ros/humble/share/common_interfaces/cmake)
[1.855s] -- Found eigen_stl_containers: 1.1.0 (/opt/ros/humble/share/eigen_stl_containers/cmake)
[1.921s] -- Found eigen3_cmake_module: 0.1.1 (/opt/ros/humble/share/eigen3_cmake_module/cmake)
[1.929s] -- Found Eigen3: TRUE (found version "3.4.0") 
[1.968s] -- Found generate_parameter_library: 0.4.0 (/opt/ros/humble/share/generate_parameter_library/cmake)
[1.995s] -- Found parameter_traits: 0.4.0 (/opt/ros/humble/share/parameter_traits/cmake)
[2.154s] -- Found rosidl_generator_c: 3.1.6 (/opt/ros/humble/share/rosidl_generator_c/cmake)
[2.182s] -- Found rosidl_adapter: 3.1.6 (/opt/ros/humble/share/rosidl_adapter/cmake)
[2.203s] -- Found rosidl_generator_cpp: 3.1.6 (/opt/ros/humble/share/rosidl_generator_cpp/cmake)
[2.253s] -- Using all available rosidl_typesupport_c: rosidl_typesupport_fastrtps_c;rosidl_typesupport_introspection_c
[2.293s] -- Using all available rosidl_typesupport_cpp: rosidl_typesupport_fastrtps_cpp;rosidl_typesupport_introspection_cpp
[2.400s] -- Found rmw_implementation_cmake: 6.1.2 (/opt/ros/humble/share/rmw_implementation_cmake/cmake)
[2.559s] -- Found rmw_fastrtps_cpp: 6.2.7 (/opt/ros/humble/share/rmw_fastrtps_cpp/cmake)
[3.139s] -- Found OpenSSL: /usr/lib/x86_64-linux-gnu/libcrypto.so (found version "3.0.2")  
[3.621s] -- Found FastRTPS: /opt/ros/humble/include  
[4.322s] -- Using RMW implementation 'rmw_fastrtps_cpp' as default
[4.524s] -- Looking for C++ include pthread.h
[7.650s] -- Looking for C++ include pthread.h - found
[7.650s] -- Performing Test CMAKE_HAVE_LIBC_PTHREAD
[8.470s] -- Performing Test CMAKE_HAVE_LIBC_PTHREAD - Success
[8.526s] -- Found Threads: TRUE  
[8.765s] -- Found rclcpp_lifecycle: 16.0.12 (/opt/ros/humble/share/rclcpp_lifecycle/cmake)
[8.848s] -- Found geometric_shapes: 2.3.2 (/opt/ros/humble/share/geometric_shapes/cmake)
[8.897s] -- Found Boost: /usr/lib/x86_64-linux-gnu/cmake/Boost-1.74.0/BoostConfig.cmake (found version "1.74.0") found components: filesystem 
[13.998s] -- library: /usr/lib/x86_64-linux-gnu/libcurl.so
[14.012s] -- Found kdl_parser: 2.6.4 (/opt/ros/humble/share/kdl_parser/cmake)
[14.015s] -- Ensuring Eigen3 include directory is part of orocos-kdl CMake target
[14.017s] -- Found moveit_msgs: 2.2.1 (/opt/ros/humble/share/moveit_msgs/cmake)
[14.271s] -- Found pluginlib: 5.1.0 (/opt/ros/humble/share/pluginlib/cmake)
[14.536s] -- Found srdfdom: 2.0.7 (/home/will/chess_robot_ws/install/srdfdom/share/srdfdom/cmake)
[14.593s] -- Found tf2_eigen: 0.25.12 (/opt/ros/humble/share/tf2_eigen/cmake)
[15.203s] -- Found tf2_geometry_msgs: 0.25.12 (/opt/ros/humble/share/tf2_geometry_msgs/cmake)
[15.378s] -- Found tf2_kdl: 0.25.12 (/opt/ros/humble/share/tf2_kdl/cmake)
[15.596s] -- Found Boost: /usr/lib/x86_64-linux-gnu/cmake/Boost-1.74.0/BoostConfig.cmake (found version "1.74.0") found components: chrono date_time filesystem iostreams program_options regex serialization system thread 
[15.601s] --  *** Building MoveIt 2.5.9-Alpha ***
[15.619s] -- Performing Test COMPILER_HAS_HIDDEN_VISIBILITY
[16.586s] -- Performing Test COMPILER_HAS_HIDDEN_VISIBILITY - Success
[16.586s] -- Performing Test COMPILER_HAS_HIDDEN_INLINE_VISIBILITY
[17.074s] -- Performing Test COMPILER_HAS_HIDDEN_INLINE_VISIBILITY - Success
[17.087s] -- Performing Test COMPILER_HAS_DEPRECATED_ATTR
[17.637s] -- Performing Test COMPILER_HAS_DEPRECATED_ATTR - Success
[17.677s] -- Found ament_cmake_gtest: 1.3.11 (/opt/ros/humble/share/ament_cmake_gtest/cmake)
[17.689s] -- Found gtest sources under '/opt/ros/humble/src/gtest_vendor': C++ tests using 'Google Test' will be built
[17.849s] -- The C compiler identification is GNU 11.4.0
[17.886s] -- Detecting C compiler ABI info
[18.252s] -- Detecting C compiler ABI info - done
[18.267s] -- Check for working C compiler: /usr/bin/cc - skipped
[18.270s] -- Detecting C compile features
[18.270s] -- Detecting C compile features - done
[18.373s] -- Found ament_cmake_gmock: 1.3.11 (/opt/ros/humble/share/ament_cmake_gmock/cmake)
[18.374s] -- Found gmock sources under '/opt/ros/humble/src/gmock_vendor': C++ tests using 'Google Mock' will be built
[18.385s] -- Found ament_cmake_gtest: 1.3.11 (/opt/ros/humble/share/ament_cmake_gtest/cmake)
[18.385s] -- Found gtest sources under '/opt/ros/humble/src/gtest_vendor': C++ tests using 'Google Test' will be built
[18.588s] -- Found ament_cmake_gtest: 1.3.11 (/opt/ros/humble/share/ament_cmake_gtest/cmake)
[18.589s] -- Found gtest sources under '/opt/ros/humble/src/gtest_vendor': C++ tests using 'Google Test' will be built
[18.831s] -- Found ament_cmake_gtest: 1.3.11 (/opt/ros/humble/share/ament_cmake_gtest/cmake)
[18.833s] -- Found gtest sources under '/opt/ros/humble/src/gtest_vendor': C++ tests using 'Google Test' will be built
[18.936s] -- Found ament_lint_auto: 0.12.12 (/opt/ros/humble/share/ament_lint_auto/cmake)
[18.947s] -- Found ament_cmake_gtest: 1.3.11 (/opt/ros/humble/share/ament_cmake_gtest/cmake)
[18.951s] -- Found gtest sources under '/opt/ros/humble/src/gtest_vendor': C++ tests using 'Google Test' will be built
[19.189s] -- Found ament_cmake_gtest: 1.3.11 (/opt/ros/humble/share/ament_cmake_gtest/cmake)
[19.189s] -- Found gtest sources under '/opt/ros/humble/src/gtest_vendor': C++ tests using 'Google Test' will be built
[19.342s] -- Found ament_cmake_gtest: 1.3.11 (/opt/ros/humble/share/ament_cmake_gtest/cmake)
[19.397s] -- Found gtest sources under '/opt/ros/humble/src/gtest_vendor': C++ tests using 'Google Test' will be built
[19.420s] -- Found ament_cmake_gtest: 1.3.11 (/opt/ros/humble/share/ament_cmake_gtest/cmake)
[19.422s] -- Found gmock sources under '/opt/ros/humble/src/gmock_vendor': C++ tests using 'Google Mock' will be built
[19.422s] -- Found gtest sources under '/opt/ros/humble/src/gtest_vendor': C++ tests using 'Google Test' will be built
[19.490s] -- Found gtest sources under '/opt/ros/humble/src/gtest_vendor': C++ tests using 'Google Test' will be built
[19.535s] -- Found gtest sources under '/opt/ros/humble/src/gtest_vendor': C++ tests using 'Google Test' will be built
[19.618s] -- Found ament_cmake_gtest: 1.3.11 (/opt/ros/humble/share/ament_cmake_gtest/cmake)
[19.624s] -- Found gtest sources under '/opt/ros/humble/src/gtest_vendor': C++ tests using 'Google Test' will be built
[19.806s] -- Found gtest sources under '/opt/ros/humble/src/gtest_vendor': C++ tests using 'Google Test' will be built
[19.937s] -- Found gtest sources under '/opt/ros/humble/src/gtest_vendor': C++ tests using 'Google Test' will be built
[20.117s] -- Found gtest sources under '/opt/ros/humble/src/gtest_vendor': C++ tests using 'Google Test' will be built
[20.124s] -- Found ament_lint_auto: 0.12.12 (/opt/ros/humble/share/ament_lint_auto/cmake)
[20.337s] -- Added test 'cppcheck' to perform static code analysis on C / C++ code
[20.351s] -- Configured cppcheck include dirs: /home/will/chess_robot_ws/src/moveit2/moveit_core/exceptions/include;/home/will/chess_robot_ws/src/moveit2/moveit_core/collision_detection/include;/home/will/chess_robot_ws/src/moveit2/moveit_core/collision_detection_fcl/include;/home/will/chess_robot_ws/src/moveit2/moveit_core/collision_detection_bullet/include;/home/will/chess_robot_ws/src/moveit2/moveit_core/constraint_samplers/include;/home/will/chess_robot_ws/src/moveit2/moveit_core/controller_manager/include;/home/will/chess_robot_ws/src/moveit2/moveit_core/distance_field/include;/home/will/chess_robot_ws/src/moveit2/moveit_core/collision_distance_field/include;/home/will/chess_robot_ws/src/moveit2/moveit_core/dynamics_solver/include;/home/will/chess_robot_ws/src/moveit2/moveit_core/kinematics_base/include;/home/will/chess_robot_ws/src/moveit2/moveit_core/kinematics_metrics/include;/home/will/chess_robot_ws/src/moveit2/moveit_core/robot_model/include;/home/will/chess_robot_ws/src/moveit2/moveit_core/transforms/include;/home/will/chess_robot_ws/src/moveit2/moveit_core/robot_state/include;/home/will/chess_robot_ws/src/moveit2/moveit_core/robot_trajectory/include;/home/will/chess_robot_ws/src/moveit2/moveit_core/kinematic_constraints/include;/home/will/chess_robot_ws/src/moveit2/moveit_core/macros/include;/home/will/chess_robot_ws/src/moveit2/moveit_core/online_signal_smoothing/include;/home/will/chess_robot_ws/src/moveit2/moveit_core/planning_interface/include;/home/will/chess_robot_ws/src/moveit2/moveit_core/planning_request_adapter/include;/home/will/chess_robot_ws/src/moveit2/moveit_core/planning_scene/include;/home/will/chess_robot_ws/src/moveit2/moveit_core/sensor_manager/include;/home/will/chess_robot_ws/src/moveit2/moveit_core/trajectory_processing/include;/home/will/chess_robot_ws/src/moveit2/moveit_core/utils/include
[20.351s] -- Configured cppcheck exclude dirs and/or files: 
[20.379s] -- Added test 'pep257' to check Python code against some of the docstring style conventions in PEP 257
[20.390s] -- Added test 'xmllint' to check XML markup files
[20.416s] -- Configuring done
[23.598s] -- Generating done
[23.969s] -- Build files have been written to: /home/will/chess_robot_ws/build/moveit_core
[24.189s] Invoked command in '/home/will/chess_robot_ws/build/moveit_core' returned '0': CMAKE_PREFIX_PATH=/home/will/chess_robot_ws/install/moveit_resources_panda_moveit_config:/home/will/chess_robot_ws/install/srdfdom:/home/will/chess_robot_ws/install/moveit_resources_pr2_description:/home/will/chess_robot_ws/install/moveit_resources_panda_description:/home/will/chess_robot_ws/install/moveit_common:/home/will/chess_robot_ws/install/pilz_industrial_motion_planner_testutils:/home/will/chess_robot_ws/install/moveit_runtime:/home/will/chess_robot_ws/install/moveit2_tutorials:/home/will/chess_robot_ws/install/moveit:/home/will/chess_robot_ws/install/moveit_planners:/home/will/chess_robot_ws/install/pilz_industrial_motion_planner:/home/will/chess_robot_ws/install/moveit_visual_tools:/home/will/chess_robot_ws/install/moveit_task_constructor_visualization:/home/will/chess_robot_ws/install/moveit_task_constructor_demo:/home/will/chess_robot_ws/install/moveit_task_constructor_capabilities:/home/will/chess_robot_ws/install/moveit_task_constructor_core:/home/will/chess_robot_ws/install/moveit_ros_control_interface:/home/will/chess_robot_ws/install/moveit_plugins:/home/will/chess_robot_ws/install/moveit_simple_controller_manager:/home/will/chess_robot_ws/install/moveit_setup_assistant:/home/will/chess_robot_ws/install/moveit_setup_srdf_plugins:/home/will/chess_robot_ws/install/moveit_setup_core_plugins:/home/will/chess_robot_ws/install/moveit_setup_controllers:/home/will/chess_robot_ws/install/moveit_setup_app_plugins:/home/will/chess_robot_ws/install/moveit_setup_framework:/home/will/chess_robot_ws/install/moveit_servo:/home/will/chess_robot_ws/install/moveit_ros:/home/will/chess_robot_ws/install/moveit_ros_visualization:/home/will/chess_robot_ws/install/moveit_hybrid_planning:/home/will/chess_robot_ws/install/moveit_ros_planning_interface:/home/will/chess_robot_ws/install/moveit_ros_benchmarks:/home/will/chess_robot_ws/install/moveit_ros_warehouse:/home/will/chess_robot_ws/install/moveit_ros_robot_interaction:/home/will/chess_robot_ws/install/moveit_ros_perception:/home/will/chess_robot_ws/install/moveit_resources_prbt_pg70_support:/home/will/chess_robot_ws/install/moveit_resources_prbt_moveit_config:/home/will/chess_robot_ws/install/moveit_ros_move_group:/home/will/chess_robot_ws/install/moveit_planners_ompl:/home/will/chess_robot_ws/install/moveit_ros_planning:/home/will/chess_robot_ws/install/moveit_ros_occupancy_map_monitor:/home/will/chess_robot_ws/install/moveit_resources_prbt_ikfast_manipulator_plugin:/home/will/chess_robot_ws/install/moveit_planners_chomp:/home/will/chess_robot_ws/install/moveit_kinematics:/home/will/chess_robot_ws/install/moveit_chomp_optimizer_adapter:/home/will/chess_robot_ws/install/chomp_motion_planner:/home/will/chess_robot_ws/install/moveit_core:/home/will/chess_robot_ws/install/rviz_marker_tools:/home/will/chess_robot_ws/install/rosparam_shortcuts:/home/will/chess_robot_ws/install/moveit_task_constructor_msgs:/home/will/chess_robot_ws/install/moveit_resources_prbt_support:/home/will/chess_robot_ws/install/moveit_resources:/home/will/chess_robot_ws/install/moveit_resources_fanuc_moveit_config:/home/will/chess_robot_ws/install/moveit_resources_fanuc_description:/home/will/chess_robot_ws/install/chess_robot_simulation:/home/will/chess_robot_ws/install/moveit_configs_utils:/home/will/chess_robot_ws/install/launch_param_builder:/opt/ros/humble LD_LIBRARY_PATH=/home/will/chess_robot_ws/install/srdfdom/lib:/home/will/chess_robot_ws/install/pilz_industrial_motion_planner_testutils/lib:/home/will/chess_robot_ws/install/pilz_industrial_motion_planner/lib:/home/will/chess_robot_ws/install/moveit_visual_tools/lib:/home/will/chess_robot_ws/install/moveit_task_constructor_visualization/lib:/home/will/chess_robot_ws/install/moveit_task_constructor_demo/lib:/home/will/chess_robot_ws/install/moveit_task_constructor_capabilities/lib:/home/will/chess_robot_ws/install/moveit_task_constructor_core/lib:/home/will/chess_robot_ws/install/moveit_ros_control_interface/lib:/home/will/chess_robot_ws/install/moveit_simple_controller_manager/lib:/home/will/chess_robot_ws/install/moveit_setup_assistant/lib:/home/will/chess_robot_ws/install/moveit_setup_srdf_plugins/lib:/home/will/chess_robot_ws/install/moveit_setup_core_plugins/lib:/home/will/chess_robot_ws/install/moveit_setup_controllers/lib:/home/will/chess_robot_ws/install/moveit_setup_app_plugins/lib:/home/will/chess_robot_ws/install/moveit_setup_framework/lib:/home/will/chess_robot_ws/install/moveit_servo/lib:/home/will/chess_robot_ws/install/moveit_ros_visualization/lib:/home/will/chess_robot_ws/install/moveit_hybrid_planning/lib:/home/will/chess_robot_ws/install/moveit_ros_planning_interface/lib:/home/will/chess_robot_ws/install/moveit_ros_benchmarks/lib:/home/will/chess_robot_ws/install/moveit_ros_warehouse/lib:/home/will/chess_robot_ws/install/moveit_ros_robot_interaction/lib:/home/will/chess_robot_ws/install/moveit_ros_perception/lib:/home/will/chess_robot_ws/install/moveit_ros_move_group/lib:/home/will/chess_robot_ws/install/moveit_planners_ompl/lib:/home/will/chess_robot_ws/install/moveit_ros_planning/lib:/home/will/chess_robot_ws/install/moveit_ros_occupancy_map_monitor/lib:/home/will/chess_robot_ws/install/moveit_resources_prbt_ikfast_manipulator_plugin/lib:/home/will/chess_robot_ws/install/moveit_planners_chomp/lib:/home/will/chess_robot_ws/install/moveit_kinematics/lib:/home/will/chess_robot_ws/install/moveit_chomp_optimizer_adapter/lib:/home/will/chess_robot_ws/install/chomp_motion_planner/lib:/home/will/chess_robot_ws/install/moveit_core/lib:/home/will/chess_robot_ws/install/rviz_marker_tools/lib:/home/will/chess_robot_ws/install/rosparam_shortcuts/lib:/home/will/chess_robot_ws/install/moveit_task_constructor_msgs/lib:/opt/ros/humble/opt/rviz_ogre_vendor/lib:/opt/ros/humble/lib/x86_64-linux-gnu:/opt/ros/humble/lib /usr/bin/cmake /home/will/chess_robot_ws/src/moveit2/moveit_core -DAMENT_CMAKE_SYMLINK_INSTALL=1 -DCMAKE_INSTALL_PREFIX=/home/will/chess_robot_ws/install/moveit_core
[24.221s] Invoking command in '/home/will/chess_robot_ws/build/moveit_core': CMAKE_PREFIX_PATH=/home/will/chess_robot_ws/install/moveit_resources_panda_moveit_config:/home/will/chess_robot_ws/install/srdfdom:/home/will/chess_robot_ws/install/moveit_resources_pr2_description:/home/will/chess_robot_ws/install/moveit_resources_panda_description:/home/will/chess_robot_ws/install/moveit_common:/home/will/chess_robot_ws/install/pilz_industrial_motion_planner_testutils:/home/will/chess_robot_ws/install/moveit_runtime:/home/will/chess_robot_ws/install/moveit2_tutorials:/home/will/chess_robot_ws/install/moveit:/home/will/chess_robot_ws/install/moveit_planners:/home/will/chess_robot_ws/install/pilz_industrial_motion_planner:/home/will/chess_robot_ws/install/moveit_visual_tools:/home/will/chess_robot_ws/install/moveit_task_constructor_visualization:/home/will/chess_robot_ws/install/moveit_task_constructor_demo:/home/will/chess_robot_ws/install/moveit_task_constructor_capabilities:/home/will/chess_robot_ws/install/moveit_task_constructor_core:/home/will/chess_robot_ws/install/moveit_ros_control_interface:/home/will/chess_robot_ws/install/moveit_plugins:/home/will/chess_robot_ws/install/moveit_simple_controller_manager:/home/will/chess_robot_ws/install/moveit_setup_assistant:/home/will/chess_robot_ws/install/moveit_setup_srdf_plugins:/home/will/chess_robot_ws/install/moveit_setup_core_plugins:/home/will/chess_robot_ws/install/moveit_setup_controllers:/home/will/chess_robot_ws/install/moveit_setup_app_plugins:/home/will/chess_robot_ws/install/moveit_setup_framework:/home/will/chess_robot_ws/install/moveit_servo:/home/will/chess_robot_ws/install/moveit_ros:/home/will/chess_robot_ws/install/moveit_ros_visualization:/home/will/chess_robot_ws/install/moveit_hybrid_planning:/home/will/chess_robot_ws/install/moveit_ros_planning_interface:/home/will/chess_robot_ws/install/moveit_ros_benchmarks:/home/will/chess_robot_ws/install/moveit_ros_warehouse:/home/will/chess_robot_ws/install/moveit_ros_robot_interaction:/home/will/chess_robot_ws/install/moveit_ros_perception:/home/will/chess_robot_ws/install/moveit_resources_prbt_pg70_support:/home/will/chess_robot_ws/install/moveit_resources_prbt_moveit_config:/home/will/chess_robot_ws/install/moveit_ros_move_group:/home/will/chess_robot_ws/install/moveit_planners_ompl:/home/will/chess_robot_ws/install/moveit_ros_planning:/home/will/chess_robot_ws/install/moveit_ros_occupancy_map_monitor:/home/will/chess_robot_ws/install/moveit_resources_prbt_ikfast_manipulator_plugin:/home/will/chess_robot_ws/install/moveit_planners_chomp:/home/will/chess_robot_ws/install/moveit_kinematics:/home/will/chess_robot_ws/install/moveit_chomp_optimizer_adapter:/home/will/chess_robot_ws/install/chomp_motion_planner:/home/will/chess_robot_ws/install/moveit_core:/home/will/chess_robot_ws/install/rviz_marker_tools:/home/will/chess_robot_ws/install/rosparam_shortcuts:/home/will/chess_robot_ws/install/moveit_task_constructor_msgs:/home/will/chess_robot_ws/install/moveit_resources_prbt_support:/home/will/chess_robot_ws/install/moveit_resources:/home/will/chess_robot_ws/install/moveit_resources_fanuc_moveit_config:/home/will/chess_robot_ws/install/moveit_resources_fanuc_description:/home/will/chess_robot_ws/install/chess_robot_simulation:/home/will/chess_robot_ws/install/moveit_configs_utils:/home/will/chess_robot_ws/install/launch_param_builder:/opt/ros/humble LD_LIBRARY_PATH=/home/will/chess_robot_ws/install/srdfdom/lib:/home/will/chess_robot_ws/install/pilz_industrial_motion_planner_testutils/lib:/home/will/chess_robot_ws/install/pilz_industrial_motion_planner/lib:/home/will/chess_robot_ws/install/moveit_visual_tools/lib:/home/will/chess_robot_ws/install/moveit_task_constructor_visualization/lib:/home/will/chess_robot_ws/install/moveit_task_constructor_demo/lib:/home/will/chess_robot_ws/install/moveit_task_constructor_capabilities/lib:/home/will/chess_robot_ws/install/moveit_task_constructor_core/lib:/home/will/chess_robot_ws/install/moveit_ros_control_interface/lib:/home/will/chess_robot_ws/install/moveit_simple_controller_manager/lib:/home/will/chess_robot_ws/install/moveit_setup_assistant/lib:/home/will/chess_robot_ws/install/moveit_setup_srdf_plugins/lib:/home/will/chess_robot_ws/install/moveit_setup_core_plugins/lib:/home/will/chess_robot_ws/install/moveit_setup_controllers/lib:/home/will/chess_robot_ws/install/moveit_setup_app_plugins/lib:/home/will/chess_robot_ws/install/moveit_setup_framework/lib:/home/will/chess_robot_ws/install/moveit_servo/lib:/home/will/chess_robot_ws/install/moveit_ros_visualization/lib:/home/will/chess_robot_ws/install/moveit_hybrid_planning/lib:/home/will/chess_robot_ws/install/moveit_ros_planning_interface/lib:/home/will/chess_robot_ws/install/moveit_ros_benchmarks/lib:/home/will/chess_robot_ws/install/moveit_ros_warehouse/lib:/home/will/chess_robot_ws/install/moveit_ros_robot_interaction/lib:/home/will/chess_robot_ws/install/moveit_ros_perception/lib:/home/will/chess_robot_ws/install/moveit_ros_move_group/lib:/home/will/chess_robot_ws/install/moveit_planners_ompl/lib:/home/will/chess_robot_ws/install/moveit_ros_planning/lib:/home/will/chess_robot_ws/install/moveit_ros_occupancy_map_monitor/lib:/home/will/chess_robot_ws/install/moveit_resources_prbt_ikfast_manipulator_plugin/lib:/home/will/chess_robot_ws/install/moveit_planners_chomp/lib:/home/will/chess_robot_ws/install/moveit_kinematics/lib:/home/will/chess_robot_ws/install/moveit_chomp_optimizer_adapter/lib:/home/will/chess_robot_ws/install/chomp_motion_planner/lib:/home/will/chess_robot_ws/install/moveit_core/lib:/home/will/chess_robot_ws/install/rviz_marker_tools/lib:/home/will/chess_robot_ws/install/rosparam_shortcuts/lib:/home/will/chess_robot_ws/install/moveit_task_constructor_msgs/lib:/opt/ros/humble/opt/rviz_ogre_vendor/lib:/opt/ros/humble/lib/x86_64-linux-gnu:/opt/ros/humble/lib /usr/bin/cmake --build /home/will/chess_robot_ws/build/moveit_core -- -j4 -l4
[24.492s] [  1%] [32mBuilding CXX object transforms/CMakeFiles/moveit_transforms.dir/src/transforms.cpp.o[0m
[49.386s] [  1%] [32m[1mLinking CXX shared library libmoveit_transforms.so[0m
[50.077s] [  1%] Built target moveit_transforms
[50.229s] [  2%] [32mBuilding CXX object distance_field/CMakeFiles/moveit_distance_field.dir/src/distance_field.cpp.o[0m
[72.055s] [  3%] [32mBuilding CXX object distance_field/CMakeFiles/moveit_distance_field.dir/src/find_internal_points.cpp.o[0m
[76.195s] [  3%] [32mBuilding CXX object distance_field/CMakeFiles/moveit_distance_field.dir/src/propagation_distance_field.cpp.o[0m
[100.000s] [  4%] [32m[1mLinking CXX shared library libmoveit_distance_field.so[0m
[100.949s] [  4%] Built target moveit_distance_field
[101.096s] [  5%] [32mBuilding CXX object utils/CMakeFiles/moveit_utils.dir/src/lexical_casts.cpp.o[0m
[103.038s] [  5%] [32mBuilding CXX object utils/CMakeFiles/moveit_utils.dir/src/message_checks.cpp.o[0m
[103.171s] [  5%] [32mBuilding CXX object gtest/CMakeFiles/gtest.dir/src/gtest-all.cc.o[0m
[104.476s] [  6%] [32mBuilding CXX object kinematics_base/CMakeFiles/moveit_kinematics_base.dir/src/kinematics_base.cpp.o[0m
[104.554s] [  7%] [32mBuilding CXX object exceptions/CMakeFiles/moveit_exceptions.dir/src/exceptions.cpp.o[0m
[107.058s] [  7%] [32m[1mLinking CXX shared library libmoveit_exceptions.so[0m
[107.350s] [  8%] [32mBuilding CXX object utils/CMakeFiles/moveit_utils.dir/src/rclcpp_utils.cpp.o[0m
[108.440s] [  8%] Built target moveit_exceptions
[108.652s] [  9%] [32m[1mLinking CXX shared library libmoveit_utils.so[0m
[108.652s] [ 10%] [32mBuilding CXX object gtest/CMakeFiles/gtest_main.dir/src/gtest_main.cc.o[0m
[112.585s] [ 10%] [32m[1mLinking CXX static library libgtest_main.a[0m
[113.522s] [ 10%] Built target gtest_main
[113.601s] [ 10%] Built target moveit_utils
[121.419s] [ 10%] [32m[1mLinking CXX shared library libmoveit_kinematics_base.so[0m
[121.946s] [ 10%] Built target moveit_kinematics_base
[123.669s] [ 11%] [32mBuilding CXX object online_signal_smoothing/CMakeFiles/moveit_smoothing_base.dir/src/smoothing_base_class.cpp.o[0m
[125.744s] [ 11%] [32mBuilding CXX object gmock/CMakeFiles/gmock_main.dir/src/gmock_main.cc.o[0m
[126.322s] [ 12%] [32m[1mLinking CXX static library libgtest.a[0m
[126.493s] [ 12%] Built target gtest
[128.483s] [ 13%] [34m[1mRunning `/opt/ros/humble/bin/generate_parameter_library_cpp /home/will/chess_robot_ws/build/moveit_core/online_signal_smoothing/include/moveit_core/moveit_butterworth_parameters.hpp /home/will/chess_robot_ws/src/moveit2/moveit_core/online_signal_smoothing/src/butterworth_parameters.yaml `[0m
[128.570s] [ 13%] [32mBuilding CXX object gmock/CMakeFiles/gmock.dir/opt/ros/humble/src/gtest_vendor/src/gtest-all.cc.o[0m
[129.607s] [ 14%] [32m[1mLinking CXX static library libgmock_main.a[0m
[129.707s] [ 15%] [34m[1mCreating deprecated header file /home/will/chess_robot_ws/build/moveit_core/online_signal_smoothing/include/moveit_butterworth_parameters.hpp[0m
[130.218s] [ 15%] Built target moveit_butterworth_parameters
[130.425s] [ 15%] Built target gmock_main
[130.841s] [ 15%] [32mBuilding CXX object version/CMakeFiles/moveit_version.dir/version.cpp.o[0m
[130.856s] [ 15%] [32mBuilding CXX object transforms/CMakeFiles/test_transforms.dir/test/test_transforms.cpp.o[0m
[131.184s] [ 16%] [32m[1mLinking CXX executable moveit_version[0m
[132.457s] [ 16%] Built target moveit_version
[132.507s] [ 17%] [32mBuilding CXX object gmock/CMakeFiles/gmock.dir/src/gmock-all.cc.o[0m
[133.676s] [ 17%] [32m[1mLinking CXX shared library libmoveit_smoothing_base.so[0m
[134.475s] [ 17%] Built target moveit_smoothing_base
[135.024s] [ 17%] [32mBuilding CXX object robot_model/CMakeFiles/moveit_robot_model.dir/src/aabb.cpp.o[0m
[142.376s] [ 18%] [32m[1mLinking CXX executable test_transforms[0m
[142.701s] [ 19%] [32mBuilding CXX object robot_model/CMakeFiles/moveit_robot_model.dir/src/fixed_joint_model.cpp.o[0m
[143.356s] [ 19%] Built target test_transforms
[147.379s] [ 19%] [32mBuilding CXX object robot_model/CMakeFiles/moveit_robot_model.dir/src/floating_joint_model.cpp.o[0m
[153.339s] [ 20%] [32m[1mLinking CXX static library libgmock.a[0m
[153.643s] [ 20%] Built target gmock
[153.777s] [ 21%] [32mBuilding CXX object robot_model/CMakeFiles/moveit_robot_model.dir/src/joint_model.cpp.o[0m
[153.836s] [ 22%] [32mBuilding CXX object distance_field/CMakeFiles/test_voxel_grid.dir/test/test_voxel_grid.cpp.o[0m
[153.974s] [ 23%] [32mBuilding CXX object distance_field/CMakeFiles/test_distance_field.dir/test/test_distance_field.cpp.o[0m
[161.600s] [ 23%] [32mBuilding CXX object robot_model/CMakeFiles/moveit_robot_model.dir/src/joint_model_group.cpp.o[0m
[163.553s] [ 24%] [32mBuilding CXX object robot_model/CMakeFiles/moveit_robot_model.dir/src/link_model.cpp.o[0m
[168.599s] [ 24%] [32m[1mLinking CXX executable test_voxel_grid[0m
[169.358s] [ 24%] Built target test_voxel_grid
[184.053s] [ 24%] [32mBuilding CXX object robot_model/CMakeFiles/moveit_robot_model.dir/src/prismatic_joint_model.cpp.o[0m
[184.237s] [ 25%] [32mBuilding CXX object robot_model/CMakeFiles/moveit_robot_model.dir/src/planar_joint_model.cpp.o[0m
[184.292s] [ 26%] [32mBuilding CXX object robot_model/CMakeFiles/moveit_robot_model.dir/src/revolute_joint_model.cpp.o[0m
[186.941s] [ 26%] [32m[1mLinking CXX executable test_distance_field[0m
[189.477s] [ 26%] Built target test_distance_field
[189.522s] [ 26%] [32mBuilding CXX object robot_model/CMakeFiles/moveit_robot_model.dir/src/robot_model.cpp.o[0m
[212.146s] [ 27%] [32m[1mLinking CXX shared library libmoveit_robot_model.so[0m
[212.845s] [ 27%] Built target moveit_robot_model
[212.989s] [ 28%] [32mBuilding CXX object utils/CMakeFiles/moveit_test_utils.dir/src/robot_model_test_utils.cpp.o[0m
[212.989s] [ 30%] [32mBuilding CXX object online_signal_smoothing/CMakeFiles/moveit_butterworth_filter.dir/src/butterworth_filter.cpp.o[0m
[212.998s] [ 30%] [32mBuilding CXX object robot_state/CMakeFiles/moveit_robot_state.dir/src/attached_body.cpp.o[0m
[212.998s] [ 30%] [32mBuilding CXX object robot_state/CMakeFiles/moveit_robot_state.dir/src/conversions.cpp.o[0m
[223.079s] [ 31%] [32mBuilding CXX object robot_state/CMakeFiles/moveit_robot_state.dir/src/robot_state.cpp.o[0m
[233.542s] [ 31%] [32m[1mLinking CXX shared library libmoveit_butterworth_filter.so[0m
[233.996s] [ 31%] Built target moveit_butterworth_filter
[234.030s] [ 31%] [32mBuilding CXX object robot_state/CMakeFiles/moveit_robot_state.dir/src/cartesian_interpolator.cpp.o[0m
[239.578s] [ 32%] [32m[1mLinking CXX shared library libmoveit_test_utils.so[0m
[240.668s] [ 32%] Built target moveit_test_utils
[277.071s] [ 33%] [32m[1mLinking CXX shared library libmoveit_robot_state.so[0m
[277.579s] [ 33%] Built target moveit_robot_state
[277.677s] [ 34%] [32mBuilding CXX object robot_trajectory/CMakeFiles/moveit_robot_trajectory.dir/src/robot_trajectory.cpp.o[0m
[277.677s] [ 34%] [32mBuilding CXX object collision_detection/CMakeFiles/moveit_collision_detection.dir/src/allvalid/collision_env_allvalid.cpp.o[0m
[277.692s] [ 35%] [32mBuilding CXX object robot_model/CMakeFiles/test_robot_model.dir/test/test.cpp.o[0m
[277.694s] [ 35%] [32mBuilding CXX object online_signal_smoothing/CMakeFiles/test_butterworth_filter.dir/test/test_butterworth_filter.cpp.o[0m
[289.947s] [ 36%] [32mBuilding CXX object collision_detection/CMakeFiles/moveit_collision_detection.dir/src/collision_common.cpp.o[0m
[291.248s] [ 36%] [32m[1mLinking CXX executable test_robot_model[0m
[292.208s] [ 36%] Built target test_robot_model
[292.245s] [ 36%] [32mBuilding CXX object collision_detection/CMakeFiles/moveit_collision_detection.dir/src/collision_matrix.cpp.o[0m
[293.909s] [ 37%] [32m[1mLinking CXX executable test_butterworth_filter[0m
[294.511s] [ 37%] Built target test_butterworth_filter
[300.176s] [ 37%] [32m[1mLinking CXX shared library libmoveit_robot_trajectory.so[0m
[301.157s] [ 37%] Built target moveit_robot_trajectory
[307.414s] [ 38%] [32mBuilding CXX object collision_detection/CMakeFiles/moveit_collision_detection.dir/src/collision_tools.cpp.o[0m
[313.698s] [ 39%] [32mBuilding CXX object collision_detection/CMakeFiles/moveit_collision_detection.dir/src/collision_octomap_filter.cpp.o[0m
[313.773s] [ 40%] [32mBuilding CXX object kinematics_metrics/CMakeFiles/moveit_kinematics_metrics.dir/src/kinematics_metrics.cpp.o[0m
[315.689s] [ 40%] [32mBuilding CXX object dynamics_solver/CMakeFiles/moveit_dynamics_solver.dir/src/dynamics_solver.cpp.o[0m
[331.184s] [ 40%] [32mBuilding CXX object collision_detection/CMakeFiles/moveit_collision_detection.dir/src/world.cpp.o[0m
[333.946s] [ 41%] [32mBuilding CXX object planning_interface/CMakeFiles/moveit_planning_interface.dir/src/planning_interface.cpp.o[0m
[335.028s] [ 42%] [32m[1mLinking CXX shared library libmoveit_dynamics_solver.so[0m
[335.765s] [ 42%] Built target moveit_dynamics_solver
[335.815s] [ 43%] [32mBuilding CXX object collision_detection/CMakeFiles/moveit_collision_detection.dir/src/world_diff.cpp.o[0m
[343.678s] [ 43%] [32mBuilding CXX object collision_detection/CMakeFiles/moveit_collision_detection.dir/src/collision_env.cpp.o[0m
[360.159s] [ 44%] [32mBuilding CXX object planning_interface/CMakeFiles/moveit_planning_interface.dir/src/planning_response.cpp.o[0m
[360.239s] [ 45%] [32mBuilding CXX object robot_state/CMakeFiles/test_robot_state.dir/test/robot_state_test.cpp.o[0m
[360.371s] [ 46%] [32mBuilding CXX object collision_detection/CMakeFiles/moveit_collision_detection.dir/src/collision_plugin_cache.cpp.o[0m
[366.268s] [ 46%] [32m[1mLinking CXX shared library libmoveit_kinematics_metrics.so[0m
[366.989s] [ 46%] Built target moveit_kinematics_metrics
[367.078s] [ 46%] [32mBuilding CXX object robot_state/CMakeFiles/test_robot_state_benchmark.dir/test/robot_state_benchmark.cpp.o[0m
[379.890s] [ 46%] [32m[1mLinking CXX shared library libmoveit_planning_interface.so[0m
[380.609s] [ 46%] Built target moveit_planning_interface
[389.857s] [ 47%] [32m[1mLinking CXX executable test_robot_state_benchmark[0m
[390.584s] [ 47%] Built target test_robot_state_benchmark
[391.809s] [ 48%] [32m[1mLinking CXX executable test_robot_state[0m
[392.683s] [ 48%] Built target test_robot_state
[396.139s] [ 48%] [32m[1mLinking CXX shared library libmoveit_collision_detection.so[0m
[396.806s] [ 48%] Built target moveit_collision_detection
[396.960s] [ 49%] [32mBuilding CXX object robot_state/CMakeFiles/test_cartesian_interpolator.dir/test/test_cartesian_interpolator.cpp.o[0m
[403.181s] [ 50%] [32mBuilding CXX object robot_trajectory/CMakeFiles/test_robot_trajectory.dir/test/test_robot_trajectory.cpp.o[0m
[404.761s] [ 50%] [32mBuilding CXX object robot_state/CMakeFiles/test_aabb.dir/test/test_aabb.cpp.o[0m
[407.324s] [ 50%] [32mBuilding CXX object robot_state/CMakeFiles/test_robot_state_complex.dir/test/test_kinematic_complex.cpp.o[0m
[414.304s] [ 50%] [32m[1mLinking CXX executable test_cartesian_interpolator[0m
[416.304s] [ 50%] Built target test_cartesian_interpolator
[416.412s] [ 51%] [32mBuilding CXX object collision_detection/CMakeFiles/test_world.dir/test/test_world.cpp.o[0m
[428.721s] [ 52%] [32m[1mLinking CXX executable test_aabb[0m
[429.883s] [ 52%] Built target test_aabb
[431.100s] [ 52%] [32m[1mLinking CXX executable test_robot_trajectory[0m
[432.419s] [ 52%] Built target test_robot_trajectory
[432.612s] [ 53%] [32m[1mLinking CXX executable test_robot_state_complex[0m
[433.760s] [ 53%] Built target test_robot_state_complex
[434.236s] [ 53%] [32m[1mLinking CXX executable test_world[0m
[435.008s] [ 53%] Built target test_world
[435.136s] [ 54%] [32mBuilding CXX object collision_detection_bullet/CMakeFiles/moveit_collision_detection_bullet.dir/src/bullet_integration/bullet_utils.cpp.o[0m
[454.810s] [ 55%] [32mBuilding CXX object collision_detection_bullet/CMakeFiles/moveit_collision_detection_bullet.dir/src/bullet_integration/bullet_discrete_bvh_manager.cpp.o[0m
[469.231s] [ 55%] [32mBuilding CXX object collision_detection_bullet/CMakeFiles/moveit_collision_detection_bullet.dir/src/bullet_integration/bullet_cast_bvh_manager.cpp.o[0m
[478.235s] [ 56%] [32mBuilding CXX object collision_detection_fcl/CMakeFiles/moveit_collision_detection_fcl.dir/src/collision_common.cpp.o[0m
[479.510s] [ 57%] [32mBuilding CXX object collision_detection/CMakeFiles/test_all_valid.dir/test/test_all_valid.cpp.o[0m
[481.142s] [ 58%] [32mBuilding CXX object collision_detection/CMakeFiles/test_world_diff.dir/test/test_world_diff.cpp.o[0m
[486.128s] [ 59%] [32mBuilding CXX object collision_detection_bullet/CMakeFiles/moveit_collision_detection_bullet.dir/src/collision_env_bullet.cpp.o[0m
[495.480s] [ 60%] [32m[1mLinking CXX executable test_world_diff[0m
[496.310s] [ 60%] Built target test_world_diff
[496.366s] [ 60%] [32mBuilding CXX object collision_detection_bullet/CMakeFiles/moveit_collision_detection_bullet.dir/src/bullet_integration/bullet_bvh_manager.cpp.o[0m
[499.239s] [ 60%] [32m[1mLinking CXX executable test_all_valid[0m
[500.184s] [ 60%] Built target test_all_valid
[503.502s] [ 61%] [32mBuilding CXX object collision_detection_bullet/CMakeFiles/moveit_collision_detection_bullet.dir/src/bullet_integration/contact_checker_common.cpp.o[0m
[505.784s] [ 61%] [32mBuilding CXX object collision_detection_fcl/CMakeFiles/moveit_collision_detection_fcl.dir/src/collision_env_fcl.cpp.o[0m
[516.624s] [ 62%] [32mBuilding CXX object collision_detection_bullet/CMakeFiles/moveit_collision_detection_bullet.dir/src/bullet_integration/ros_bullet_utils.cpp.o[0m
[524.522s] [ 63%] [32m[1mLinking CXX shared library libmoveit_collision_detection_fcl.so[0m
[525.210s] [ 63%] Built target moveit_collision_detection_fcl
[525.311s] [ 63%] [32mBuilding CXX object collision_detection_fcl/CMakeFiles/test_fcl_collision_env.dir/test/test_fcl_env.cpp.o[0m
[525.312s] [ 64%] [32mBuilding CXX object kinematic_constraints/CMakeFiles/moveit_kinematic_constraints.dir/src/kinematic_constraint.cpp.o[0m
[525.321s] [ 64%] [32mBuilding CXX object trajectory_processing/CMakeFiles/moveit_trajectory_processing.dir/src/iterative_time_parameterization.cpp.o[0m
[531.158s] [ 64%] [32m[1mLinking CXX shared library libmoveit_collision_detection_bullet.so[0m
[531.870s] [ 64%] Built target moveit_collision_detection_bullet
[532.314s] [ 64%] [32mBuilding CXX object kinematic_constraints/CMakeFiles/moveit_kinematic_constraints.dir/src/utils.cpp.o[0m
[545.031s] [ 65%] [32mBuilding CXX object trajectory_processing/CMakeFiles/moveit_trajectory_processing.dir/src/iterative_spline_parameterization.cpp.o[0m
[552.995s] [ 66%] [32m[1mLinking CXX executable test_fcl_collision_env[0m
[553.881s] [ 66%] Built target test_fcl_collision_env
[567.908s] [ 67%] [32mBuilding CXX object trajectory_processing/CMakeFiles/moveit_trajectory_processing.dir/src/trajectory_tools.cpp.o[0m
[568.161s] [ 68%] [32m[1mLinking CXX shared library libmoveit_kinematic_constraints.so[0m
[568.961s] [ 69%] [32mBuilding CXX object collision_detection_fcl/CMakeFiles/test_fcl_collision_detection.dir/test/test_fcl_collision_detection_pr2.cpp.o[0m
[568.975s] [ 69%] Built target moveit_kinematic_constraints
[569.070s] [ 70%] [32mBuilding CXX object collision_detection_fcl/CMakeFiles/test_fcl_collision_detection_panda.dir/test/test_fcl_collision_detection_panda.cpp.o[0m
[570.435s] [ 70%] [32mBuilding CXX object trajectory_processing/CMakeFiles/moveit_trajectory_processing.dir/src/ruckig_traj_smoothing.cpp.o[0m
[570.492s] [ 70%] [32mBuilding CXX object trajectory_processing/CMakeFiles/moveit_trajectory_processing.dir/src/time_optimal_trajectory_generation.cpp.o[0m
[601.341s] [ 71%] [32m[1mLinking CXX shared library libmoveit_trajectory_processing.so[0m
[602.043s] [ 71%] Built target moveit_trajectory_processing
[603.474s] [ 72%] [32m[1mLinking CXX executable test_fcl_collision_detection_panda[0m
[604.361s] [ 72%] Built target test_fcl_collision_detection_panda
[605.979s] [ 72%] [32m[1mLinking CXX executable test_fcl_collision_detection[0m
[607.016s] [ 72%] Built target test_fcl_collision_detection
[607.147s] [ 73%] [32mBuilding CXX object kinematic_constraints/CMakeFiles/test_orientation_constraints.dir/test/test_orientation_constraints.cpp.o[0m
[613.468s] [ 73%] [32mBuilding CXX object trajectory_processing/CMakeFiles/test_time_parameterization.dir/test/test_time_parameterization.cpp.o[0m
[614.556s] [ 73%] [32mBuilding CXX object kinematic_constraints/CMakeFiles/test_constraints.dir/test/test_constraints.cpp.o[0m
[616.655s] [ 74%] [32mBuilding CXX object planning_scene/CMakeFiles/moveit_planning_scene.dir/src/planning_scene.cpp.o[0m
[637.943s] [ 75%] [32m[1mLinking CXX executable test_time_parameterization[0m
[638.729s] [ 75%] Built target test_time_parameterization
[638.802s] [ 75%] [32m[1mLinking CXX executable test_orientation_constraints[0m
[640.098s] [ 75%] Built target test_orientation_constraints
[650.816s] [ 76%] [32m[1mLinking CXX executable test_constraints[0m
[651.791s] [ 76%] Built target test_constraints
[664.171s] [ 77%] [32mBuilding CXX object collision_detection_bullet/CMakeFiles/test_bullet_collision_detection.dir/test/test_bullet_collision_detection_pr2.cpp.o[0m
[665.287s] [ 78%] [32mBuilding CXX object trajectory_processing/CMakeFiles/test_ruckig_traj_smoothing.dir/test/test_ruckig_traj_smoothing.cpp.o[0m
[666.649s] [ 79%] [32mBuilding CXX object trajectory_processing/CMakeFiles/test_time_optimal_trajectory_generation.dir/test/test_time_optimal_trajectory_generation.cpp.o[0m
[671.859s] [ 80%] [32m[1mLinking CXX shared library libmoveit_planning_scene.so[0m
[672.760s] [ 80%] Built target moveit_planning_scene
[672.914s] [ 81%] [32mBuilding CXX object collision_detection_bullet/CMakeFiles/test_bullet_collision_detection_panda.dir/test/test_bullet_collision_detection_panda.cpp.o[0m
[688.838s] [ 81%] [32m[1mLinking CXX executable test_ruckig_traj_smoothing[0m
[689.928s] [ 81%] Built target test_ruckig_traj_smoothing
[692.104s] [ 82%] [32m[1mLinking CXX executable test_time_optimal_trajectory_generation[0m
[692.128s] [ 82%] [32m[1mLinking CXX executable test_bullet_collision_detection[0m
[692.893s] [ 82%] Built target test_time_optimal_trajectory_generation
[692.954s] [ 82%] Built target test_bullet_collision_detection
[694.490s] [ 83%] [32m[1mLinking CXX executable test_bullet_collision_detection_panda[0m
[695.396s] [ 83%] Built target test_bullet_collision_detection_panda
[695.532s] [ 84%] [32mBuilding CXX object collision_distance_field/CMakeFiles/moveit_collision_distance_field.dir/src/collision_distance_field_types.cpp.o[0m
[708.454s] [ 85%] [32mBuilding CXX object constraint_samplers/CMakeFiles/moveit_constraint_samplers.dir/src/constraint_sampler.cpp.o[0m
[710.592s] [ 85%] [32mBuilding CXX object collision_detection_fcl/CMakeFiles/collision_detector_fcl_plugin.dir/src/collision_detector_fcl_plugin_loader.cpp.o[0m
[712.595s] [ 85%] [32mBuilding CXX object collision_detection_bullet/CMakeFiles/test_bullet_continuous_collision_checking.dir/test/test_bullet_continuous_collision_checking.cpp.o[0m
[712.748s] [ 85%] [32mBuilding CXX object collision_distance_field/CMakeFiles/moveit_collision_distance_field.dir/src/collision_common_distance_field.cpp.o[0m
[730.564s] [ 85%] [32mBuilding CXX object constraint_samplers/CMakeFiles/moveit_constraint_samplers.dir/src/constraint_sampler_manager.cpp.o[0m
[736.951s] [ 86%] [32m[1mLinking CXX shared library libcollision_detector_fcl_plugin.so[0m
[737.907s] [ 86%] Built target collision_detector_fcl_plugin
[739.506s] [ 87%] [32mBuilding CXX object collision_distance_field/CMakeFiles/moveit_collision_distance_field.dir/src/collision_env_distance_field.cpp.o[0m
[743.704s] [ 88%] [32m[1mLinking CXX executable test_bullet_continuous_collision_checking[0m
[744.712s] [ 88%] Built target test_bullet_continuous_collision_checking
[756.045s] [ 89%] [32mBuilding CXX object constraint_samplers/CMakeFiles/moveit_constraint_samplers.dir/src/constraint_sampler_tools.cpp.o[0m
[759.631s] [ 90%] [32mBuilding CXX object planning_request_adapter/CMakeFiles/moveit_planning_request_adapter.dir/src/planning_request_adapter.cpp.o[0m
[774.762s] [ 90%] [32mBuilding CXX object constraint_samplers/CMakeFiles/moveit_constraint_samplers.dir/src/default_constraint_samplers.cpp.o[0m
[776.952s] [ 90%] [32m[1mLinking CXX shared library libmoveit_planning_request_adapter.so[0m
[776.966s] [ 91%] [32mBuilding CXX object constraint_samplers/CMakeFiles/moveit_constraint_samplers.dir/src/union_constraint_sampler.cpp.o[0m
[777.005s] [ 91%] [32mBuilding CXX object collision_distance_field/CMakeFiles/moveit_collision_distance_field.dir/src/collision_env_hybrid.cpp.o[0m
[777.590s] [ 91%] Built target moveit_planning_request_adapter
[777.687s] [ 92%] [32mBuilding CXX object planning_scene/CMakeFiles/test_planning_scene.dir/test/test_planning_scene.cpp.o[0m
[801.018s] [ 93%] [32mBuilding CXX object planning_scene/CMakeFiles/test_collision_objects.dir/test/test_collision_objects.cpp.o[0m
[806.756s] [ 94%] [32m[1mLinking CXX shared library libmoveit_collision_distance_field.so[0m
[807.297s] [ 94%] [32m[1mLinking CXX shared library libmoveit_constraint_samplers.so[0m
[807.601s] [ 94%] Built target moveit_collision_distance_field
[807.991s] [ 94%] Built target moveit_constraint_samplers
[823.604s] [ 94%] [32m[1mLinking CXX executable test_planning_scene[0m
[824.638s] [ 94%] Built target test_planning_scene
[833.157s] [ 94%] [32m[1mLinking CXX executable test_collision_objects[0m
[833.901s] [ 95%] [32mBuilding CXX object collision_distance_field/CMakeFiles/test_collision_distance_field.dir/test/test_collision_distance_field.cpp.o[0m
[834.246s] [ 95%] Built target test_collision_objects
[834.405s] [ 95%] [32mBuilding CXX object collision_detection_bullet/CMakeFiles/collision_detector_bullet_plugin.dir/src/collision_detector_bullet_plugin_loader.cpp.o[0m
[854.915s] [ 96%] [32m[1mLinking CXX shared library libcollision_detector_bullet_plugin.so[0m
[855.448s] [ 96%] Built target collision_detector_bullet_plugin
[855.605s] [ 96%] [32mBuilding CXX object planning_scene/CMakeFiles/test_multi_threaded.dir/test/test_multi_threaded.cpp.o[0m
[855.611s] [ 97%] [32mBuilding CXX object constraint_samplers/CMakeFiles/test_constraint_samplers.dir/test/test_constraint_samplers.cpp.o[0m
[855.615s] [ 98%] [32mBuilding CXX object constraint_samplers/CMakeFiles/test_constraint_samplers.dir/test/pr2_arm_kinematics_plugin.cpp.o[0m
[865.296s] [ 98%] [32m[1mLinking CXX executable test_collision_distance_field[0m
[866.338s] [ 98%] Built target test_collision_distance_field
[866.412s] [ 98%] [32mBuilding CXX object constraint_samplers/CMakeFiles/test_constraint_samplers.dir/test/pr2_arm_ik.cpp.o[0m
[880.100s] [ 99%] [32m[1mLinking CXX executable test_multi_threaded[0m
[880.957s] [ 99%] Built target test_multi_threaded
[891.953s] [100%] [32m[1mLinking CXX executable test_constraint_samplers[0m
[892.998s] [100%] Built target test_constraint_samplers
[893.062s] Invoked command in '/home/will/chess_robot_ws/build/moveit_core' returned '0': CMAKE_PREFIX_PATH=/home/will/chess_robot_ws/install/moveit_resources_panda_moveit_config:/home/will/chess_robot_ws/install/srdfdom:/home/will/chess_robot_ws/install/moveit_resources_pr2_description:/home/will/chess_robot_ws/install/moveit_resources_panda_description:/home/will/chess_robot_ws/install/moveit_common:/home/will/chess_robot_ws/install/pilz_industrial_motion_planner_testutils:/home/will/chess_robot_ws/install/moveit_runtime:/home/will/chess_robot_ws/install/moveit2_tutorials:/home/will/chess_robot_ws/install/moveit:/home/will/chess_robot_ws/install/moveit_planners:/home/will/chess_robot_ws/install/pilz_industrial_motion_planner:/home/will/chess_robot_ws/install/moveit_visual_tools:/home/will/chess_robot_ws/install/moveit_task_constructor_visualization:/home/will/chess_robot_ws/install/moveit_task_constructor_demo:/home/will/chess_robot_ws/install/moveit_task_constructor_capabilities:/home/will/chess_robot_ws/install/moveit_task_constructor_core:/home/will/chess_robot_ws/install/moveit_ros_control_interface:/home/will/chess_robot_ws/install/moveit_plugins:/home/will/chess_robot_ws/install/moveit_simple_controller_manager:/home/will/chess_robot_ws/install/moveit_setup_assistant:/home/will/chess_robot_ws/install/moveit_setup_srdf_plugins:/home/will/chess_robot_ws/install/moveit_setup_core_plugins:/home/will/chess_robot_ws/install/moveit_setup_controllers:/home/will/chess_robot_ws/install/moveit_setup_app_plugins:/home/will/chess_robot_ws/install/moveit_setup_framework:/home/will/chess_robot_ws/install/moveit_servo:/home/will/chess_robot_ws/install/moveit_ros:/home/will/chess_robot_ws/install/moveit_ros_visualization:/home/will/chess_robot_ws/install/moveit_hybrid_planning:/home/will/chess_robot_ws/install/moveit_ros_planning_interface:/home/will/chess_robot_ws/install/moveit_ros_benchmarks:/home/will/chess_robot_ws/install/moveit_ros_warehouse:/home/will/chess_robot_ws/install/moveit_ros_robot_interaction:/home/will/chess_robot_ws/install/moveit_ros_perception:/home/will/chess_robot_ws/install/moveit_resources_prbt_pg70_support:/home/will/chess_robot_ws/install/moveit_resources_prbt_moveit_config:/home/will/chess_robot_ws/install/moveit_ros_move_group:/home/will/chess_robot_ws/install/moveit_planners_ompl:/home/will/chess_robot_ws/install/moveit_ros_planning:/home/will/chess_robot_ws/install/moveit_ros_occupancy_map_monitor:/home/will/chess_robot_ws/install/moveit_resources_prbt_ikfast_manipulator_plugin:/home/will/chess_robot_ws/install/moveit_planners_chomp:/home/will/chess_robot_ws/install/moveit_kinematics:/home/will/chess_robot_ws/install/moveit_chomp_optimizer_adapter:/home/will/chess_robot_ws/install/chomp_motion_planner:/home/will/chess_robot_ws/install/moveit_core:/home/will/chess_robot_ws/install/rviz_marker_tools:/home/will/chess_robot_ws/install/rosparam_shortcuts:/home/will/chess_robot_ws/install/moveit_task_constructor_msgs:/home/will/chess_robot_ws/install/moveit_resources_prbt_support:/home/will/chess_robot_ws/install/moveit_resources:/home/will/chess_robot_ws/install/moveit_resources_fanuc_moveit_config:/home/will/chess_robot_ws/install/moveit_resources_fanuc_description:/home/will/chess_robot_ws/install/chess_robot_simulation:/home/will/chess_robot_ws/install/moveit_configs_utils:/home/will/chess_robot_ws/install/launch_param_builder:/opt/ros/humble LD_LIBRARY_PATH=/home/will/chess_robot_ws/install/srdfdom/lib:/home/will/chess_robot_ws/install/pilz_industrial_motion_planner_testutils/lib:/home/will/chess_robot_ws/install/pilz_industrial_motion_planner/lib:/home/will/chess_robot_ws/install/moveit_visual_tools/lib:/home/will/chess_robot_ws/install/moveit_task_constructor_visualization/lib:/home/will/chess_robot_ws/install/moveit_task_constructor_demo/lib:/home/will/chess_robot_ws/install/moveit_task_constructor_capabilities/lib:/home/will/chess_robot_ws/install/moveit_task_constructor_core/lib:/home/will/chess_robot_ws/install/moveit_ros_control_interface/lib:/home/will/chess_robot_ws/install/moveit_simple_controller_manager/lib:/home/will/chess_robot_ws/install/moveit_setup_assistant/lib:/home/will/chess_robot_ws/install/moveit_setup_srdf_plugins/lib:/home/will/chess_robot_ws/install/moveit_setup_core_plugins/lib:/home/will/chess_robot_ws/install/moveit_setup_controllers/lib:/home/will/chess_robot_ws/install/moveit_setup_app_plugins/lib:/home/will/chess_robot_ws/install/moveit_setup_framework/lib:/home/will/chess_robot_ws/install/moveit_servo/lib:/home/will/chess_robot_ws/install/moveit_ros_visualization/lib:/home/will/chess_robot_ws/install/moveit_hybrid_planning/lib:/home/will/chess_robot_ws/install/moveit_ros_planning_interface/lib:/home/will/chess_robot_ws/install/moveit_ros_benchmarks/lib:/home/will/chess_robot_ws/install/moveit_ros_warehouse/lib:/home/will/chess_robot_ws/install/moveit_ros_robot_interaction/lib:/home/will/chess_robot_ws/install/moveit_ros_perception/lib:/home/will/chess_robot_ws/install/moveit_ros_move_group/lib:/home/will/chess_robot_ws/install/moveit_planners_ompl/lib:/home/will/chess_robot_ws/install/moveit_ros_planning/lib:/home/will/chess_robot_ws/install/moveit_ros_occupancy_map_monitor/lib:/home/will/chess_robot_ws/install/moveit_resources_prbt_ikfast_manipulator_plugin/lib:/home/will/chess_robot_ws/install/moveit_planners_chomp/lib:/home/will/chess_robot_ws/install/moveit_kinematics/lib:/home/will/chess_robot_ws/install/moveit_chomp_optimizer_adapter/lib:/home/will/chess_robot_ws/install/chomp_motion_planner/lib:/home/will/chess_robot_ws/install/moveit_core/lib:/home/will/chess_robot_ws/install/rviz_marker_tools/lib:/home/will/chess_robot_ws/install/rosparam_shortcuts/lib:/home/will/chess_robot_ws/install/moveit_task_constructor_msgs/lib:/opt/ros/humble/opt/rviz_ogre_vendor/lib:/opt/ros/humble/lib/x86_64-linux-gnu:/opt/ros/humble/lib /usr/bin/cmake --build /home/will/chess_robot_ws/build/moveit_core -- -j4 -l4
[893.091s] Invoking command in '/home/will/chess_robot_ws/build/moveit_core': CMAKE_PREFIX_PATH=/home/will/chess_robot_ws/install/moveit_resources_panda_moveit_config:/home/will/chess_robot_ws/install/srdfdom:/home/will/chess_robot_ws/install/moveit_resources_pr2_description:/home/will/chess_robot_ws/install/moveit_resources_panda_description:/home/will/chess_robot_ws/install/moveit_common:/home/will/chess_robot_ws/install/pilz_industrial_motion_planner_testutils:/home/will/chess_robot_ws/install/moveit_runtime:/home/will/chess_robot_ws/install/moveit2_tutorials:/home/will/chess_robot_ws/install/moveit:/home/will/chess_robot_ws/install/moveit_planners:/home/will/chess_robot_ws/install/pilz_industrial_motion_planner:/home/will/chess_robot_ws/install/moveit_visual_tools:/home/will/chess_robot_ws/install/moveit_task_constructor_visualization:/home/will/chess_robot_ws/install/moveit_task_constructor_demo:/home/will/chess_robot_ws/install/moveit_task_constructor_capabilities:/home/will/chess_robot_ws/install/moveit_task_constructor_core:/home/will/chess_robot_ws/install/moveit_ros_control_interface:/home/will/chess_robot_ws/install/moveit_plugins:/home/will/chess_robot_ws/install/moveit_simple_controller_manager:/home/will/chess_robot_ws/install/moveit_setup_assistant:/home/will/chess_robot_ws/install/moveit_setup_srdf_plugins:/home/will/chess_robot_ws/install/moveit_setup_core_plugins:/home/will/chess_robot_ws/install/moveit_setup_controllers:/home/will/chess_robot_ws/install/moveit_setup_app_plugins:/home/will/chess_robot_ws/install/moveit_setup_framework:/home/will/chess_robot_ws/install/moveit_servo:/home/will/chess_robot_ws/install/moveit_ros:/home/will/chess_robot_ws/install/moveit_ros_visualization:/home/will/chess_robot_ws/install/moveit_hybrid_planning:/home/will/chess_robot_ws/install/moveit_ros_planning_interface:/home/will/chess_robot_ws/install/moveit_ros_benchmarks:/home/will/chess_robot_ws/install/moveit_ros_warehouse:/home/will/chess_robot_ws/install/moveit_ros_robot_interaction:/home/will/chess_robot_ws/install/moveit_ros_perception:/home/will/chess_robot_ws/install/moveit_resources_prbt_pg70_support:/home/will/chess_robot_ws/install/moveit_resources_prbt_moveit_config:/home/will/chess_robot_ws/install/moveit_ros_move_group:/home/will/chess_robot_ws/install/moveit_planners_ompl:/home/will/chess_robot_ws/install/moveit_ros_planning:/home/will/chess_robot_ws/install/moveit_ros_occupancy_map_monitor:/home/will/chess_robot_ws/install/moveit_resources_prbt_ikfast_manipulator_plugin:/home/will/chess_robot_ws/install/moveit_planners_chomp:/home/will/chess_robot_ws/install/moveit_kinematics:/home/will/chess_robot_ws/install/moveit_chomp_optimizer_adapter:/home/will/chess_robot_ws/install/chomp_motion_planner:/home/will/chess_robot_ws/install/moveit_core:/home/will/chess_robot_ws/install/rviz_marker_tools:/home/will/chess_robot_ws/install/rosparam_shortcuts:/home/will/chess_robot_ws/install/moveit_task_constructor_msgs:/home/will/chess_robot_ws/install/moveit_resources_prbt_support:/home/will/chess_robot_ws/install/moveit_resources:/home/will/chess_robot_ws/install/moveit_resources_fanuc_moveit_config:/home/will/chess_robot_ws/install/moveit_resources_fanuc_description:/home/will/chess_robot_ws/install/chess_robot_simulation:/home/will/chess_robot_ws/install/moveit_configs_utils:/home/will/chess_robot_ws/install/launch_param_builder:/opt/ros/humble LD_LIBRARY_PATH=/home/will/chess_robot_ws/install/srdfdom/lib:/home/will/chess_robot_ws/install/pilz_industrial_motion_planner_testutils/lib:/home/will/chess_robot_ws/install/pilz_industrial_motion_planner/lib:/home/will/chess_robot_ws/install/moveit_visual_tools/lib:/home/will/chess_robot_ws/install/moveit_task_constructor_visualization/lib:/home/will/chess_robot_ws/install/moveit_task_constructor_demo/lib:/home/will/chess_robot_ws/install/moveit_task_constructor_capabilities/lib:/home/will/chess_robot_ws/install/moveit_task_constructor_core/lib:/home/will/chess_robot_ws/install/moveit_ros_control_interface/lib:/home/will/chess_robot_ws/install/moveit_simple_controller_manager/lib:/home/will/chess_robot_ws/install/moveit_setup_assistant/lib:/home/will/chess_robot_ws/install/moveit_setup_srdf_plugins/lib:/home/will/chess_robot_ws/install/moveit_setup_core_plugins/lib:/home/will/chess_robot_ws/install/moveit_setup_controllers/lib:/home/will/chess_robot_ws/install/moveit_setup_app_plugins/lib:/home/will/chess_robot_ws/install/moveit_setup_framework/lib:/home/will/chess_robot_ws/install/moveit_servo/lib:/home/will/chess_robot_ws/install/moveit_ros_visualization/lib:/home/will/chess_robot_ws/install/moveit_hybrid_planning/lib:/home/will/chess_robot_ws/install/moveit_ros_planning_interface/lib:/home/will/chess_robot_ws/install/moveit_ros_benchmarks/lib:/home/will/chess_robot_ws/install/moveit_ros_warehouse/lib:/home/will/chess_robot_ws/install/moveit_ros_robot_interaction/lib:/home/will/chess_robot_ws/install/moveit_ros_perception/lib:/home/will/chess_robot_ws/install/moveit_ros_move_group/lib:/home/will/chess_robot_ws/install/moveit_planners_ompl/lib:/home/will/chess_robot_ws/install/moveit_ros_planning/lib:/home/will/chess_robot_ws/install/moveit_ros_occupancy_map_monitor/lib:/home/will/chess_robot_ws/install/moveit_resources_prbt_ikfast_manipulator_plugin/lib:/home/will/chess_robot_ws/install/moveit_planners_chomp/lib:/home/will/chess_robot_ws/install/moveit_kinematics/lib:/home/will/chess_robot_ws/install/moveit_chomp_optimizer_adapter/lib:/home/will/chess_robot_ws/install/chomp_motion_planner/lib:/home/will/chess_robot_ws/install/moveit_core/lib:/home/will/chess_robot_ws/install/rviz_marker_tools/lib:/home/will/chess_robot_ws/install/rosparam_shortcuts/lib:/home/will/chess_robot_ws/install/moveit_task_constructor_msgs/lib:/opt/ros/humble/opt/rviz_ogre_vendor/lib:/opt/ros/humble/lib/x86_64-linux-gnu:/opt/ros/humble/lib /usr/bin/cmake --install /home/will/chess_robot_ws/build/moveit_core
[893.112s] -- Install configuration: "Release"
[893.112s] -- Execute custom install script
[893.112s] -- Symlinking: /home/will/chess_robot_ws/install/moveit_core/include/moveit/version.h
[893.154s] -- Symlinking: /home/will/chess_robot_ws/install/moveit_core/include/moveit/collision_distance_field/collision_common_distance_field.h
[893.189s] -- Symlinking: /home/will/chess_robot_ws/install/moveit_core/include/moveit/collision_distance_field/collision_detector_allocator_distance_field.h
[893.225s] -- Symlinking: /home/will/chess_robot_ws/install/moveit_core/include/moveit/collision_distance_field/collision_detector_allocator_hybrid.h
[893.262s] -- Symlinking: /home/will/chess_robot_ws/install/moveit_core/include/moveit/collision_distance_field/collision_distance_field_types.h
[893.301s] -- Symlinking: /home/will/chess_robot_ws/install/moveit_core/include/moveit/collision_distance_field/collision_env_distance_field.h
[893.337s] -- Symlinking: /home/will/chess_robot_ws/install/moveit_core/include/moveit/collision_distance_field/collision_env_hybrid.h
[893.369s] -- Symlinking: /home/will/chess_robot_ws/install/moveit_core/include/moveit_collision_distance_field_export.h
[893.406s] -- Symlinking: /home/will/chess_robot_ws/install/moveit_core/include/moveit/constraint_samplers/constraint_sampler.h
[893.442s] -- Symlinking: /home/will/chess_robot_ws/install/moveit_core/include/moveit/constraint_samplers/constraint_sampler_allocator.h
[893.476s] -- Symlinking: /home/will/chess_robot_ws/install/moveit_core/include/moveit/constraint_samplers/constraint_sampler_manager.h
[893.514s] -- Symlinking: /home/will/chess_robot_ws/install/moveit_core/include/moveit/constraint_samplers/constraint_sampler_tools.h
[893.551s] -- Symlinking: /home/will/chess_robot_ws/install/moveit_core/include/moveit/constraint_samplers/default_constraint_samplers.h
[893.592s] -- Symlinking: /home/will/chess_robot_ws/install/moveit_core/include/moveit/constraint_samplers/union_constraint_sampler.h
[893.635s] -- Symlinking: /home/will/chess_robot_ws/install/moveit_core/include/moveit/controller_manager/controller_manager.h
[893.674s] -- Symlinking: /home/will/chess_robot_ws/install/moveit_core/include/moveit/distance_field/distance_field.h
[893.724s] -- Symlinking: /home/will/chess_robot_ws/install/moveit_core/include/moveit/distance_field/find_internal_points.h
[893.766s] -- Symlinking: /home/will/chess_robot_ws/install/moveit_core/include/moveit/distance_field/propagation_distance_field.h
[893.807s] -- Symlinking: /home/will/chess_robot_ws/install/moveit_core/include/moveit/distance_field/voxel_grid.h
[893.845s] -- Symlinking: /home/will/chess_robot_ws/install/moveit_core/include/moveit/dynamics_solver/dynamics_solver.h
[893.894s] -- Symlinking: /home/will/chess_robot_ws/install/moveit_core/include/moveit/exceptions/exceptions.h
[893.942s] -- Symlinking: /home/will/chess_robot_ws/install/moveit_core/include/moveit/kinematics_base/kinematics_base.h
[893.981s] -- Symlinking: /home/will/chess_robot_ws/install/moveit_core/include/moveit_kinematics_base_export.h
[894.025s] -- Symlinking: /home/will/chess_robot_ws/install/moveit_core/include/moveit/kinematic_constraints/kinematic_constraint.h
[894.071s] -- Symlinking: /home/will/chess_robot_ws/install/moveit_core/include/moveit/kinematic_constraints/utils.h
[894.103s] -- Symlinking: /home/will/chess_robot_ws/install/moveit_core/include/moveit/kinematics_metrics/kinematics_metrics.h
[894.147s] -- Symlinking: /home/will/chess_robot_ws/install/moveit_core/include/moveit/macros/class_forward.h
[894.190s] -- Symlinking: /home/will/chess_robot_ws/install/moveit_core/include/moveit/macros/console_colors.h
[894.244s] -- Symlinking: /home/will/chess_robot_ws/install/moveit_core/include/moveit/macros/declare_ptr.h
[894.300s] -- Symlinking: /home/will/chess_robot_ws/install/moveit_core/include/moveit/macros/deprecation.h
[894.341s] -- Symlinking: /home/will/chess_robot_ws/install/moveit_core/include/moveit_core/moveit_butterworth_parameters.hpp
[894.382s] -- Symlinking: /home/will/chess_robot_ws/install/moveit_core/include/moveit/online_signal_smoothing/butterworth_filter.h
[894.427s] -- Symlinking: /home/will/chess_robot_ws/install/moveit_core/include/moveit/online_signal_smoothing/smoothing_base_class.h
[894.484s] -- Symlinking: /home/will/chess_robot_ws/install/moveit_core/include/moveit_smoothing_base_export.h
[894.550s] -- Symlinking: /home/will/chess_robot_ws/install/moveit_core/include/moveit_butterworth_filter_export.h
[894.597s] -- Symlinking: /home/will/chess_robot_ws/install/moveit_core/include/moveit/planning_interface/planning_interface.h
[894.633s] -- Symlinking: /home/will/chess_robot_ws/install/moveit_core/include/moveit/planning_interface/planning_request.h
[894.669s] -- Symlinking: /home/will/chess_robot_ws/install/moveit_core/include/moveit/planning_interface/planning_response.h
[894.710s] -- Symlinking: /home/will/chess_robot_ws/install/moveit_core/include/moveit/planning_request_adapter/planning_request_adapter.h
[894.782s] -- Symlinking: /home/will/chess_robot_ws/install/moveit_core/include/moveit/planning_scene/planning_scene.h
[894.830s] -- Symlinking: /home/will/chess_robot_ws/install/moveit_core/include/moveit_planning_scene_export.h
[894.899s] -- Symlinking: /home/will/chess_robot_ws/install/moveit_core/include/moveit/robot_model/aabb.h
[894.945s] -- Symlinking: /home/will/chess_robot_ws/install/moveit_core/include/moveit/robot_model/fixed_joint_model.h
[894.985s] -- Symlinking: /home/will/chess_robot_ws/install/moveit_core/include/moveit/robot_model/floating_joint_model.h
[895.023s] -- Symlinking: /home/will/chess_robot_ws/install/moveit_core/include/moveit/robot_model/joint_model.h
[895.059s] -- Symlinking: /home/will/chess_robot_ws/install/moveit_core/include/moveit/robot_model/joint_model_group.h
[895.100s] -- Symlinking: /home/will/chess_robot_ws/install/moveit_core/include/moveit/robot_model/link_model.h
[895.137s] -- Symlinking: /home/will/chess_robot_ws/install/moveit_core/include/moveit/robot_model/planar_joint_model.h
[895.170s] -- Symlinking: /home/will/chess_robot_ws/install/moveit_core/include/moveit/robot_model/prismatic_joint_model.h
[895.205s] -- Symlinking: /home/will/chess_robot_ws/install/moveit_core/include/moveit/robot_model/revolute_joint_model.h
[895.241s] -- Symlinking: /home/will/chess_robot_ws/install/moveit_core/include/moveit/robot_model/robot_model.h
[895.277s] -- Symlinking: /home/will/chess_robot_ws/install/moveit_core/include/moveit/robot_state/attached_body.h
[895.311s] -- Symlinking: /home/will/chess_robot_ws/install/moveit_core/include/moveit/robot_state/cartesian_interpolator.h
[895.350s] -- Symlinking: /home/will/chess_robot_ws/install/moveit_core/include/moveit/robot_state/conversions.h
[895.383s] -- Symlinking: /home/will/chess_robot_ws/install/moveit_core/include/moveit/robot_state/robot_state.h
[895.431s] -- Symlinking: /home/will/chess_robot_ws/install/moveit_core/include/moveit/robot_trajectory/robot_trajectory.h
[895.472s] -- Symlinking: /home/will/chess_robot_ws/install/moveit_core/include/moveit/sensor_manager/sensor_manager.h
[895.508s] -- Symlinking: /home/will/chess_robot_ws/install/moveit_core/include/moveit/trajectory_processing/iterative_spline_parameterization.h
[895.543s] -- Symlinking: /home/will/chess_robot_ws/install/moveit_core/include/moveit/trajectory_processing/iterative_time_parameterization.h
[895.576s] -- Symlinking: /home/will/chess_robot_ws/install/moveit_core/include/moveit/trajectory_processing/ruckig_traj_smoothing.h
[895.610s] -- Symlinking: /home/will/chess_robot_ws/install/moveit_core/include/moveit/trajectory_processing/time_optimal_trajectory_generation.h
[895.644s] -- Symlinking: /home/will/chess_robot_ws/install/moveit_core/include/moveit/trajectory_processing/time_parameterization.h
[895.676s] -- Symlinking: /home/will/chess_robot_ws/install/moveit_core/include/moveit/trajectory_processing/trajectory_tools.h
[895.712s] -- Symlinking: /home/will/chess_robot_ws/install/moveit_core/include/moveit/transforms/transforms.h
[895.747s] -- Symlinking: /home/will/chess_robot_ws/install/moveit_core/include/moveit/utils/lexical_casts.h
[895.777s] -- Symlinking: /home/will/chess_robot_ws/install/moveit_core/include/moveit/utils/message_checks.h
[895.810s] -- Symlinking: /home/will/chess_robot_ws/install/moveit_core/include/moveit/utils/moveit_error_code.h
[895.847s] -- Symlinking: /home/will/chess_robot_ws/install/moveit_core/include/moveit/utils/rclcpp_utils.h
[895.886s] -- Symlinking: /home/will/chess_robot_ws/install/moveit_core/include/moveit/utils/robot_model_test_utils.h
[895.922s] -- Symlinking: /home/will/chess_robot_ws/install/moveit_core/bin/moveit_version
[895.960s] -- Symlinking: /home/will/chess_robot_ws/install/moveit_core/include/moveit/collision_detection/allvalid/collision_detector_allocator_allvalid.h
[896.007s] -- Symlinking: /home/will/chess_robot_ws/install/moveit_core/include/moveit/collision_detection/allvalid/collision_env_allvalid.h
[896.049s] -- Symlinking: /home/will/chess_robot_ws/install/moveit_core/include/moveit/collision_detection/collision_common.h
[896.094s] -- Symlinking: /home/will/chess_robot_ws/install/moveit_core/include/moveit/collision_detection/collision_detector_allocator.h
[896.127s] -- Symlinking: /home/will/chess_robot_ws/install/moveit_core/include/moveit/collision_detection/collision_env.h
[896.171s] -- Symlinking: /home/will/chess_robot_ws/install/moveit_core/include/moveit/collision_detection/collision_matrix.h
[896.210s] -- Symlinking: /home/will/chess_robot_ws/install/moveit_core/include/moveit/collision_detection/collision_octomap_filter.h
[896.255s] -- Symlinking: /home/will/chess_robot_ws/install/moveit_core/include/moveit/collision_detection/collision_plugin.h
[896.301s] -- Symlinking: /home/will/chess_robot_ws/install/moveit_core/include/moveit/collision_detection/collision_plugin_cache.h
[896.339s] -- Symlinking: /home/will/chess_robot_ws/install/moveit_core/include/moveit/collision_detection/collision_tools.h
[896.392s] -- Symlinking: /home/will/chess_robot_ws/install/moveit_core/include/moveit/collision_detection/occupancy_map.h
[896.431s] -- Symlinking: /home/will/chess_robot_ws/install/moveit_core/include/moveit/collision_detection/test_collision_common_panda.h
[896.473s] -- Symlinking: /home/will/chess_robot_ws/install/moveit_core/include/moveit/collision_detection/test_collision_common_pr2.h
[896.517s] -- Symlinking: /home/will/chess_robot_ws/install/moveit_core/include/moveit/collision_detection/world.h
[896.554s] -- Symlinking: /home/will/chess_robot_ws/install/moveit_core/include/moveit/collision_detection/world_diff.h
[896.605s] -- Symlinking: /home/will/chess_robot_ws/install/moveit_core/include/moveit_collision_detection_export.h
[896.642s] -- Symlinking: /home/will/chess_robot_ws/install/moveit_core/include/moveit/collision_detection_bullet/bullet_integration/basic_types.h
[896.678s] -- Symlinking: /home/will/chess_robot_ws/install/moveit_core/include/moveit/collision_detection_bullet/bullet_integration/bullet_bvh_manager.h
[896.715s] -- Symlinking: /home/will/chess_robot_ws/install/moveit_core/include/moveit/collision_detection_bullet/bullet_integration/bullet_cast_bvh_manager.h
[896.753s] -- Symlinking: /home/will/chess_robot_ws/install/moveit_core/include/moveit/collision_detection_bullet/bullet_integration/bullet_discrete_bvh_manager.h
[896.789s] -- Symlinking: /home/will/chess_robot_ws/install/moveit_core/include/moveit/collision_detection_bullet/bullet_integration/bullet_utils.h
[896.832s] -- Symlinking: /home/will/chess_robot_ws/install/moveit_core/include/moveit/collision_detection_bullet/bullet_integration/contact_checker_common.h
[896.868s] -- Symlinking: /home/will/chess_robot_ws/install/moveit_core/include/moveit/collision_detection_bullet/bullet_integration/ros_bullet_utils.h
[896.902s] -- Symlinking: /home/will/chess_robot_ws/install/moveit_core/include/moveit/collision_detection_bullet/collision_detector_allocator_bullet.h
[896.939s] -- Symlinking: /home/will/chess_robot_ws/install/moveit_core/include/moveit/collision_detection_bullet/collision_detector_bullet_plugin_loader.h
[896.974s] -- Symlinking: /home/will/chess_robot_ws/install/moveit_core/include/moveit/collision_detection_bullet/collision_env_bullet.h
[897.011s] -- Symlinking: /home/will/chess_robot_ws/install/moveit_core/include/moveit_collision_detection_bullet_export.h
[897.049s] -- Symlinking: /home/will/chess_robot_ws/install/moveit_core/include/moveit/collision_detection_fcl/collision_common.h
[897.087s] -- Symlinking: /home/will/chess_robot_ws/install/moveit_core/include/moveit/collision_detection_fcl/collision_detector_allocator_fcl.h
[897.120s] -- Symlinking: /home/will/chess_robot_ws/install/moveit_core/include/moveit/collision_detection_fcl/collision_detector_fcl_plugin_loader.h
[897.151s] -- Symlinking: /home/will/chess_robot_ws/install/moveit_core/include/moveit/collision_detection_fcl/collision_env_fcl.h
[897.184s] -- Symlinking: /home/will/chess_robot_ws/install/moveit_core/include/moveit/collision_detection_fcl/fcl_compat.h
[897.222s] -- Symlinking: /home/will/chess_robot_ws/install/moveit_core/include/moveit_collision_detection_fcl_export.h
[897.256s] -- Symlinking: /home/will/chess_robot_ws/install/moveit_core/share/moveit_core/environment/library_path.sh
[897.296s] -- Symlinking: /home/will/chess_robot_ws/install/moveit_core/share/moveit_core/environment/library_path.dsv
[897.332s] -- Symlinking: /home/will/chess_robot_ws/install/moveit_core/share/moveit_core//collision_detector_fcl_description.xml
[897.368s] -- Symlinking: /home/will/chess_robot_ws/install/moveit_core/share/moveit_core//collision_detector_bullet_description.xml
[897.405s] -- Symlinking: /home/will/chess_robot_ws/install/moveit_core/share/moveit_core//filter_plugin_butterworth.xml
[897.438s] -- Symlinking: /home/will/chess_robot_ws/install/moveit_core/share/ament_index/resource_index/package_run_dependencies/moveit_core
[897.476s] -- Symlinking: /home/will/chess_robot_ws/install/moveit_core/share/ament_index/resource_index/parent_prefix_path/moveit_core
[897.513s] -- Symlinking: /home/will/chess_robot_ws/install/moveit_core/share/moveit_core/environment/ament_prefix_path.sh
[897.549s] -- Symlinking: /home/will/chess_robot_ws/install/moveit_core/share/moveit_core/environment/ament_prefix_path.dsv
[897.585s] -- Symlinking: /home/will/chess_robot_ws/install/moveit_core/share/moveit_core/environment/path.sh
[897.622s] -- Symlinking: /home/will/chess_robot_ws/install/moveit_core/share/moveit_core/environment/path.dsv
[897.656s] -- Symlinking: /home/will/chess_robot_ws/install/moveit_core/share/moveit_core/local_setup.bash
[897.690s] -- Symlinking: /home/will/chess_robot_ws/install/moveit_core/share/moveit_core/local_setup.sh
[897.727s] -- Symlinking: /home/will/chess_robot_ws/install/moveit_core/share/moveit_core/local_setup.zsh
[897.764s] -- Symlinking: /home/will/chess_robot_ws/install/moveit_core/share/moveit_core/local_setup.dsv
[897.801s] -- Symlinking: /home/will/chess_robot_ws/install/moveit_core/share/moveit_core/package.dsv
[897.836s] -- Symlinking: /home/will/chess_robot_ws/install/moveit_core/share/ament_index/resource_index/packages/moveit_core
[897.875s] -- Symlinking: /home/will/chess_robot_ws/install/moveit_core/share/ament_index/resource_index/moveit_core__pluginlib__plugin/moveit_core
[897.925s] -- Symlinking: /home/will/chess_robot_ws/install/moveit_core/share/moveit_core/cmake/ConfigExtras.cmake
[897.963s] -- Symlinking: /home/will/chess_robot_ws/install/moveit_core/share/moveit_core/cmake/ament_cmake_export_targets-extras.cmake
[897.997s] -- Symlinking: /home/will/chess_robot_ws/install/moveit_core/share/moveit_core/cmake/ament_cmake_export_dependencies-extras.cmake
[898.034s] -- Symlinking: /home/will/chess_robot_ws/install/moveit_core/share/moveit_core/cmake/moveit_coreConfig.cmake
[898.068s] -- Symlinking: /home/will/chess_robot_ws/install/moveit_core/share/moveit_core/cmake/moveit_coreConfig-version.cmake
[898.105s] -- Symlinking: /home/will/chess_robot_ws/install/moveit_core/share/moveit_core/package.xml
[898.147s] -- Installing: /home/will/chess_robot_ws/install/moveit_core/lib/libcollision_detector_bullet_plugin.so.2.5.9
[898.151s] -- Set runtime path of "/home/will/chess_robot_ws/install/moveit_core/lib/libcollision_detector_bullet_plugin.so.2.5.9" to ""
[898.152s] -- Installing: /home/will/chess_robot_ws/install/moveit_core/lib/libcollision_detector_bullet_plugin.so
[898.153s] -- Installing: /home/will/chess_robot_ws/install/moveit_core/lib/libmoveit_butterworth_filter.so.2.5.9
[898.155s] -- Set runtime path of "/home/will/chess_robot_ws/install/moveit_core/lib/libmoveit_butterworth_filter.so.2.5.9" to ""
[898.155s] -- Installing: /home/will/chess_robot_ws/install/moveit_core/lib/libmoveit_butterworth_filter.so
[898.156s] -- Installing: /home/will/chess_robot_ws/install/moveit_core/lib/libmoveit_collision_distance_field.so.2.5.9
[898.159s] -- Set runtime path of "/home/will/chess_robot_ws/install/moveit_core/lib/libmoveit_collision_distance_field.so.2.5.9" to ""
[898.159s] -- Installing: /home/will/chess_robot_ws/install/moveit_core/lib/libmoveit_collision_distance_field.so
[898.160s] -- Installing: /home/will/chess_robot_ws/install/moveit_core/lib/libmoveit_collision_detection.so.2.5.9
[898.165s] -- Set runtime path of "/home/will/chess_robot_ws/install/moveit_core/lib/libmoveit_collision_detection.so.2.5.9" to ""
[898.166s] -- Installing: /home/will/chess_robot_ws/install/moveit_core/lib/libmoveit_collision_detection.so
[898.167s] -- Installing: /home/will/chess_robot_ws/install/moveit_core/lib/libmoveit_collision_detection_fcl.so.2.5.9
[898.170s] -- Set runtime path of "/home/will/chess_robot_ws/install/moveit_core/lib/libmoveit_collision_detection_fcl.so.2.5.9" to ""
[898.171s] -- Installing: /home/will/chess_robot_ws/install/moveit_core/lib/libmoveit_collision_detection_fcl.so
[898.171s] -- Installing: /home/will/chess_robot_ws/install/moveit_core/lib/libmoveit_collision_detection_bullet.so.2.5.9
[898.174s] -- Set runtime path of "/home/will/chess_robot_ws/install/moveit_core/lib/libmoveit_collision_detection_bullet.so.2.5.9" to ""
[898.174s] -- Installing: /home/will/chess_robot_ws/install/moveit_core/lib/libmoveit_collision_detection_bullet.so
[898.174s] -- Installing: /home/will/chess_robot_ws/install/moveit_core/lib/libmoveit_dynamics_solver.so.2.5.9
[898.177s] -- Set runtime path of "/home/will/chess_robot_ws/install/moveit_core/lib/libmoveit_dynamics_solver.so.2.5.9" to ""
[898.177s] -- Installing: /home/will/chess_robot_ws/install/moveit_core/lib/libmoveit_dynamics_solver.so
[898.178s] -- Installing: /home/will/chess_robot_ws/install/moveit_core/lib/libmoveit_constraint_samplers.so.2.5.9
[898.180s] -- Set runtime path of "/home/will/chess_robot_ws/install/moveit_core/lib/libmoveit_constraint_samplers.so.2.5.9" to ""
[898.180s] -- Installing: /home/will/chess_robot_ws/install/moveit_core/lib/libmoveit_constraint_samplers.so
[898.181s] -- Installing: /home/will/chess_robot_ws/install/moveit_core/lib/libmoveit_distance_field.so.2.5.9
[898.187s] -- Set runtime path of "/home/will/chess_robot_ws/install/moveit_core/lib/libmoveit_distance_field.so.2.5.9" to ""
[898.187s] -- Installing: /home/will/chess_robot_ws/install/moveit_core/lib/libmoveit_distance_field.so
[898.187s] -- Installing: /home/will/chess_robot_ws/install/moveit_core/lib/libmoveit_exceptions.so.2.5.9
[898.187s] -- Set runtime path of "/home/will/chess_robot_ws/install/moveit_core/lib/libmoveit_exceptions.so.2.5.9" to ""
[898.188s] -- Installing: /home/will/chess_robot_ws/install/moveit_core/lib/libmoveit_exceptions.so
[898.189s] -- Installing: /home/will/chess_robot_ws/install/moveit_core/lib/libmoveit_kinematics_base.so
[898.191s] -- Set runtime path of "/home/will/chess_robot_ws/install/moveit_core/lib/libmoveit_kinematics_base.so" to ""
[898.192s] -- Installing: /home/will/chess_robot_ws/install/moveit_core/lib/libmoveit_kinematic_constraints.so.2.5.9
[898.194s] -- Set runtime path of "/home/will/chess_robot_ws/install/moveit_core/lib/libmoveit_kinematic_constraints.so.2.5.9" to ""
[898.195s] -- Installing: /home/will/chess_robot_ws/install/moveit_core/lib/libmoveit_kinematic_constraints.so
[898.195s] -- Installing: /home/will/chess_robot_ws/install/moveit_core/lib/libmoveit_kinematics_metrics.so.2.5.9
[898.198s] -- Set runtime path of "/home/will/chess_robot_ws/install/moveit_core/lib/libmoveit_kinematics_metrics.so.2.5.9" to ""
[898.198s] -- Installing: /home/will/chess_robot_ws/install/moveit_core/lib/libmoveit_kinematics_metrics.so
[898.198s] -- Installing: /home/will/chess_robot_ws/install/moveit_core/lib/libmoveit_planning_interface.so.2.5.9
[898.203s] -- Set runtime path of "/home/will/chess_robot_ws/install/moveit_core/lib/libmoveit_planning_interface.so.2.5.9" to ""
[898.203s] -- Installing: /home/will/chess_robot_ws/install/moveit_core/lib/libmoveit_planning_interface.so
[898.203s] -- Installing: /home/will/chess_robot_ws/install/moveit_core/lib/libmoveit_planning_scene.so.2.5.9
[898.204s] -- Set runtime path of "/home/will/chess_robot_ws/install/moveit_core/lib/libmoveit_planning_scene.so.2.5.9" to ""
[898.204s] -- Installing: /home/will/chess_robot_ws/install/moveit_core/lib/libmoveit_planning_scene.so
[898.204s] -- Installing: /home/will/chess_robot_ws/install/moveit_core/lib/libmoveit_planning_request_adapter.so.2.5.9
[898.206s] -- Set runtime path of "/home/will/chess_robot_ws/install/moveit_core/lib/libmoveit_planning_request_adapter.so.2.5.9" to ""
[898.206s] -- Installing: /home/will/chess_robot_ws/install/moveit_core/lib/libmoveit_planning_request_adapter.so
[898.207s] -- Installing: /home/will/chess_robot_ws/install/moveit_core/lib/libmoveit_robot_model.so.2.5.9
[898.213s] -- Set runtime path of "/home/will/chess_robot_ws/install/moveit_core/lib/libmoveit_robot_model.so.2.5.9" to ""
[898.213s] -- Installing: /home/will/chess_robot_ws/install/moveit_core/lib/libmoveit_robot_model.so
[898.213s] -- Installing: /home/will/chess_robot_ws/install/moveit_core/lib/libmoveit_robot_state.so.2.5.9
[898.218s] -- Set runtime path of "/home/will/chess_robot_ws/install/moveit_core/lib/libmoveit_robot_state.so.2.5.9" to ""
[898.219s] -- Installing: /home/will/chess_robot_ws/install/moveit_core/lib/libmoveit_robot_state.so
[898.219s] -- Installing: /home/will/chess_robot_ws/install/moveit_core/lib/libmoveit_robot_trajectory.so.2.5.9
[898.221s] -- Set runtime path of "/home/will/chess_robot_ws/install/moveit_core/lib/libmoveit_robot_trajectory.so.2.5.9" to ""
[898.221s] -- Installing: /home/will/chess_robot_ws/install/moveit_core/lib/libmoveit_robot_trajectory.so
[898.221s] -- Installing: /home/will/chess_robot_ws/install/moveit_core/lib/libmoveit_smoothing_base.so.2.5.9
[898.222s] -- Set runtime path of "/home/will/chess_robot_ws/install/moveit_core/lib/libmoveit_smoothing_base.so.2.5.9" to ""
[898.223s] -- Installing: /home/will/chess_robot_ws/install/moveit_core/lib/libmoveit_smoothing_base.so
[898.223s] -- Installing: /home/will/chess_robot_ws/install/moveit_core/lib/libmoveit_test_utils.so.2.5.9
[898.226s] -- Set runtime path of "/home/will/chess_robot_ws/install/moveit_core/lib/libmoveit_test_utils.so.2.5.9" to ""
[898.226s] -- Installing: /home/will/chess_robot_ws/install/moveit_core/lib/libmoveit_test_utils.so
[898.228s] -- Installing: /home/will/chess_robot_ws/install/moveit_core/lib/libmoveit_trajectory_processing.so.2.5.9
[898.230s] -- Set runtime path of "/home/will/chess_robot_ws/install/moveit_core/lib/libmoveit_trajectory_processing.so.2.5.9" to ""
[898.230s] -- Installing: /home/will/chess_robot_ws/install/moveit_core/lib/libmoveit_trajectory_processing.so
[898.231s] -- Installing: /home/will/chess_robot_ws/install/moveit_core/lib/libmoveit_transforms.so.2.5.9
[898.234s] -- Set runtime path of "/home/will/chess_robot_ws/install/moveit_core/lib/libmoveit_transforms.so.2.5.9" to ""
[898.234s] -- Installing: /home/will/chess_robot_ws/install/moveit_core/lib/libmoveit_transforms.so
[898.235s] -- Installing: /home/will/chess_robot_ws/install/moveit_core/lib/libmoveit_utils.so.2.5.9
[898.235s] -- Set runtime path of "/home/will/chess_robot_ws/install/moveit_core/lib/libmoveit_utils.so.2.5.9" to ""
[898.236s] -- Installing: /home/will/chess_robot_ws/install/moveit_core/lib/libmoveit_utils.so
[898.236s] -- Installing: /home/will/chess_robot_ws/install/moveit_core/share/moveit_core/cmake/export_moveit_coreExport.cmake
[898.237s] -- Installing: /home/will/chess_robot_ws/install/moveit_core/share/moveit_core/cmake/export_moveit_coreExport-release.cmake
[898.248s] Invoked command in '/home/will/chess_robot_ws/build/moveit_core' returned '0': CMAKE_PREFIX_PATH=/home/will/chess_robot_ws/install/moveit_resources_panda_moveit_config:/home/will/chess_robot_ws/install/srdfdom:/home/will/chess_robot_ws/install/moveit_resources_pr2_description:/home/will/chess_robot_ws/install/moveit_resources_panda_description:/home/will/chess_robot_ws/install/moveit_common:/home/will/chess_robot_ws/install/pilz_industrial_motion_planner_testutils:/home/will/chess_robot_ws/install/moveit_runtime:/home/will/chess_robot_ws/install/moveit2_tutorials:/home/will/chess_robot_ws/install/moveit:/home/will/chess_robot_ws/install/moveit_planners:/home/will/chess_robot_ws/install/pilz_industrial_motion_planner:/home/will/chess_robot_ws/install/moveit_visual_tools:/home/will/chess_robot_ws/install/moveit_task_constructor_visualization:/home/will/chess_robot_ws/install/moveit_task_constructor_demo:/home/will/chess_robot_ws/install/moveit_task_constructor_capabilities:/home/will/chess_robot_ws/install/moveit_task_constructor_core:/home/will/chess_robot_ws/install/moveit_ros_control_interface:/home/will/chess_robot_ws/install/moveit_plugins:/home/will/chess_robot_ws/install/moveit_simple_controller_manager:/home/will/chess_robot_ws/install/moveit_setup_assistant:/home/will/chess_robot_ws/install/moveit_setup_srdf_plugins:/home/will/chess_robot_ws/install/moveit_setup_core_plugins:/home/will/chess_robot_ws/install/moveit_setup_controllers:/home/will/chess_robot_ws/install/moveit_setup_app_plugins:/home/will/chess_robot_ws/install/moveit_setup_framework:/home/will/chess_robot_ws/install/moveit_servo:/home/will/chess_robot_ws/install/moveit_ros:/home/will/chess_robot_ws/install/moveit_ros_visualization:/home/will/chess_robot_ws/install/moveit_hybrid_planning:/home/will/chess_robot_ws/install/moveit_ros_planning_interface:/home/will/chess_robot_ws/install/moveit_ros_benchmarks:/home/will/chess_robot_ws/install/moveit_ros_warehouse:/home/will/chess_robot_ws/install/moveit_ros_robot_interaction:/home/will/chess_robot_ws/install/moveit_ros_perception:/home/will/chess_robot_ws/install/moveit_resources_prbt_pg70_support:/home/will/chess_robot_ws/install/moveit_resources_prbt_moveit_config:/home/will/chess_robot_ws/install/moveit_ros_move_group:/home/will/chess_robot_ws/install/moveit_planners_ompl:/home/will/chess_robot_ws/install/moveit_ros_planning:/home/will/chess_robot_ws/install/moveit_ros_occupancy_map_monitor:/home/will/chess_robot_ws/install/moveit_resources_prbt_ikfast_manipulator_plugin:/home/will/chess_robot_ws/install/moveit_planners_chomp:/home/will/chess_robot_ws/install/moveit_kinematics:/home/will/chess_robot_ws/install/moveit_chomp_optimizer_adapter:/home/will/chess_robot_ws/install/chomp_motion_planner:/home/will/chess_robot_ws/install/moveit_core:/home/will/chess_robot_ws/install/rviz_marker_tools:/home/will/chess_robot_ws/install/rosparam_shortcuts:/home/will/chess_robot_ws/install/moveit_task_constructor_msgs:/home/will/chess_robot_ws/install/moveit_resources_prbt_support:/home/will/chess_robot_ws/install/moveit_resources:/home/will/chess_robot_ws/install/moveit_resources_fanuc_moveit_config:/home/will/chess_robot_ws/install/moveit_resources_fanuc_description:/home/will/chess_robot_ws/install/chess_robot_simulation:/home/will/chess_robot_ws/install/moveit_configs_utils:/home/will/chess_robot_ws/install/launch_param_builder:/opt/ros/humble LD_LIBRARY_PATH=/home/will/chess_robot_ws/install/srdfdom/lib:/home/will/chess_robot_ws/install/pilz_industrial_motion_planner_testutils/lib:/home/will/chess_robot_ws/install/pilz_industrial_motion_planner/lib:/home/will/chess_robot_ws/install/moveit_visual_tools/lib:/home/will/chess_robot_ws/install/moveit_task_constructor_visualization/lib:/home/will/chess_robot_ws/install/moveit_task_constructor_demo/lib:/home/will/chess_robot_ws/install/moveit_task_constructor_capabilities/lib:/home/will/chess_robot_ws/install/moveit_task_constructor_core/lib:/home/will/chess_robot_ws/install/moveit_ros_control_interface/lib:/home/will/chess_robot_ws/install/moveit_simple_controller_manager/lib:/home/will/chess_robot_ws/install/moveit_setup_assistant/lib:/home/will/chess_robot_ws/install/moveit_setup_srdf_plugins/lib:/home/will/chess_robot_ws/install/moveit_setup_core_plugins/lib:/home/will/chess_robot_ws/install/moveit_setup_controllers/lib:/home/will/chess_robot_ws/install/moveit_setup_app_plugins/lib:/home/will/chess_robot_ws/install/moveit_setup_framework/lib:/home/will/chess_robot_ws/install/moveit_servo/lib:/home/will/chess_robot_ws/install/moveit_ros_visualization/lib:/home/will/chess_robot_ws/install/moveit_hybrid_planning/lib:/home/will/chess_robot_ws/install/moveit_ros_planning_interface/lib:/home/will/chess_robot_ws/install/moveit_ros_benchmarks/lib:/home/will/chess_robot_ws/install/moveit_ros_warehouse/lib:/home/will/chess_robot_ws/install/moveit_ros_robot_interaction/lib:/home/will/chess_robot_ws/install/moveit_ros_perception/lib:/home/will/chess_robot_ws/install/moveit_ros_move_group/lib:/home/will/chess_robot_ws/install/moveit_planners_ompl/lib:/home/will/chess_robot_ws/install/moveit_ros_planning/lib:/home/will/chess_robot_ws/install/moveit_ros_occupancy_map_monitor/lib:/home/will/chess_robot_ws/install/moveit_resources_prbt_ikfast_manipulator_plugin/lib:/home/will/chess_robot_ws/install/moveit_planners_chomp/lib:/home/will/chess_robot_ws/install/moveit_kinematics/lib:/home/will/chess_robot_ws/install/moveit_chomp_optimizer_adapter/lib:/home/will/chess_robot_ws/install/chomp_motion_planner/lib:/home/will/chess_robot_ws/install/moveit_core/lib:/home/will/chess_robot_ws/install/rviz_marker_tools/lib:/home/will/chess_robot_ws/install/rosparam_shortcuts/lib:/home/will/chess_robot_ws/install/moveit_task_constructor_msgs/lib:/opt/ros/humble/opt/rviz_ogre_vendor/lib:/opt/ros/humble/lib/x86_64-linux-gnu:/opt/ros/humble/lib /usr/bin/cmake --install /home/will/chess_robot_ws/build/moveit_core
