[0.625s] Invoking command in '/home/ros/chess_robot_ws/src/chess_robot_simulation': PYTHONPATH=/home/ros/chess_robot_ws/build/chess_robot_simulation/prefix_override:/usr/lib/python3/dist-packages/colcon_core/task/python/colcon_distutils_commands:/home/ros/chess_robot_ws/install/chess_robot_simulation/lib/python3.10/site-packages:${PYTHONPATH} /usr/bin/python3 -W ignore:setup.py install is deprecated -W ignore:easy_install command is deprecated setup.py egg_info --egg-base ../../build/chess_robot_simulation build --build-base /home/ros/chess_robot_ws/build/chess_robot_simulation/build install --record /home/ros/chess_robot_ws/build/chess_robot_simulation/install.log --single-version-externally-managed install_data
[0.880s] running egg_info
[0.880s] writing ../../build/chess_robot_simulation/chess_robot_simulation.egg-info/PKG-INFO
[0.881s] writing dependency_links to ../../build/chess_robot_simulation/chess_robot_simulation.egg-info/dependency_links.txt
[0.881s] writing entry points to ../../build/chess_robot_simulation/chess_robot_simulation.egg-info/entry_points.txt
[0.882s] writing requirements to ../../build/chess_robot_simulation/chess_robot_simulation.egg-info/requires.txt
[0.882s] writing top-level names to ../../build/chess_robot_simulation/chess_robot_simulation.egg-info/top_level.txt
[0.884s] reading manifest file '../../build/chess_robot_simulation/chess_robot_simulation.egg-info/SOURCES.txt'
[0.885s] writing manifest file '../../build/chess_robot_simulation/chess_robot_simulation.egg-info/SOURCES.txt'
[0.885s] running build
[0.885s] running build_py
[0.887s] running install
[0.887s] running install_lib
[0.888s] running install_data
[0.889s] running install_egg_info
[0.891s] removing '/home/ros/chess_robot_ws/install/chess_robot_simulation/lib/python3.10/site-packages/chess_robot_simulation-0.0.1-py3.10.egg-info' (and everything under it)
[0.891s] Copying ../../build/chess_robot_simulation/chess_robot_simulation.egg-info to /home/ros/chess_robot_ws/install/chess_robot_simulation/lib/python3.10/site-packages/chess_robot_simulation-0.0.1-py3.10.egg-info
[0.893s] running install_scripts
[0.916s] Installing chess_robot_node script to /home/ros/chess_robot_ws/install/chess_robot_simulation/lib/chess_robot_simulation
[0.916s] Installing minimal_node script to /home/ros/chess_robot_ws/install/chess_robot_simulation/lib/chess_robot_simulation
[0.916s] Installing minimal_publisher script to /home/ros/chess_robot_ws/install/chess_robot_simulation/lib/chess_robot_simulation
[0.916s] writing list of installed files to '/home/ros/chess_robot_ws/build/chess_robot_simulation/install.log'
[0.943s] Invoked command in '/home/ros/chess_robot_ws/src/chess_robot_simulation' returned '0': PYTHONPATH=/home/ros/chess_robot_ws/build/chess_robot_simulation/prefix_override:/usr/lib/python3/dist-packages/colcon_core/task/python/colcon_distutils_commands:/home/ros/chess_robot_ws/install/chess_robot_simulation/lib/python3.10/site-packages:${PYTHONPATH} /usr/bin/python3 -W ignore:setup.py install is deprecated -W ignore:easy_install command is deprecated setup.py egg_info --egg-base ../../build/chess_robot_simulation build --build-base /home/ros/chess_robot_ws/build/chess_robot_simulation/build install --record /home/ros/chess_robot_ws/build/chess_robot_simulation/install.log --single-version-externally-managed install_data
