[0.107s] Invoking command in '/home/will/chess_robot_ws/build/rosparam_shortcuts': CMAKE_PREFIX_PATH=${CMAKE_PREFIX_PATH}:/home/will/chess_robot_ws/install/chess_robot_simulation:/home/will/chess_robot_ws/install/moveit_configs_utils:/home/will/chess_robot_ws/install/launch_param_builder:/opt/ros/humble /usr/bin/cmake /home/will/chess_robot_ws/src/rosparam_shortcuts -DAMENT_CMAKE_SYMLINK_INSTALL=1 -DCMAKE_INSTALL_PREFIX=/home/will/chess_robot_ws/install/rosparam_shortcuts
[0.362s] -- The C compiler identification is GNU 11.4.0
[0.630s] -- The CXX compiler identification is GNU 11.4.0
[0.656s] -- Detecting C compiler ABI info
[0.986s] -- Detecting C compiler ABI info - done
[1.016s] -- Check for working C compiler: /usr/bin/cc - skipped
[1.016s] -- Detecting C compile features
[1.017s] -- Detecting C compile features - done
[1.018s] -- Detecting CXX compiler ABI info
[1.446s] -- Detecting CXX compiler ABI info - done
[1.472s] -- Check for working CXX compiler: /usr/bin/c++ - skipped
[1.473s] -- Detecting CXX compile features
[1.474s] -- Detecting CXX compile features - done
[1.480s] -- Found ament_cmake: 1.3.11 (/opt/ros/humble/share/ament_cmake/cmake)
[2.126s] -- Found Python3: /usr/bin/python3 (found version "3.10.12") found components: Interpreter 
[2.313s] -- Override CMake install command with custom implementation using symlinks instead of copying resources
[2.478s] -- Found eigen3_cmake_module: 0.1.1 (/opt/ros/humble/share/eigen3_cmake_module/cmake)
[2.533s] -- Found Eigen3: TRUE (found version "3.4.0") 
[2.533s] -- Found geometry_msgs: 4.8.0 (/opt/ros/humble/share/geometry_msgs/cmake)
[2.625s] -- Found rosidl_generator_c: 3.1.6 (/opt/ros/humble/share/rosidl_generator_c/cmake)
[2.639s] -- Found rosidl_adapter: 3.1.6 (/opt/ros/humble/share/rosidl_adapter/cmake)
[2.673s] -- Found rosidl_generator_cpp: 3.1.6 (/opt/ros/humble/share/rosidl_generator_cpp/cmake)
[2.717s] -- Using all available rosidl_typesupport_c: rosidl_typesupport_fastrtps_c;rosidl_typesupport_introspection_c
[2.777s] -- Using all available rosidl_typesupport_cpp: rosidl_typesupport_fastrtps_cpp;rosidl_typesupport_introspection_cpp
[2.879s] -- Found rclcpp: 16.0.12 (/opt/ros/humble/share/rclcpp/cmake)
[3.014s] -- Found rmw_implementation_cmake: 6.1.2 (/opt/ros/humble/share/rmw_implementation_cmake/cmake)
[3.031s] -- Found rmw_fastrtps_cpp: 6.2.7 (/opt/ros/humble/share/rmw_fastrtps_cpp/cmake)
[3.582s] -- Found OpenSSL: /usr/lib/x86_64-linux-gnu/libcrypto.so (found version "3.0.2")  
[3.672s] -- Found FastRTPS: /opt/ros/humble/include  
[3.804s] -- Using RMW implementation 'rmw_fastrtps_cpp' as default
[3.856s] -- Looking for pthread.h
[4.195s] -- Looking for pthread.h - found
[4.195s] -- Performing Test CMAKE_HAVE_LIBC_PTHREAD
[4.574s] -- Performing Test CMAKE_HAVE_LIBC_PTHREAD - Success
[4.620s] -- Found Threads: TRUE  
[4.673s] -- Found tf2_eigen: 0.25.12 (/opt/ros/humble/share/tf2_eigen/cmake)
[5.052s] -- Found ament_lint_auto: 0.12.12 (/opt/ros/humble/share/ament_lint_auto/cmake)
[5.059s] -- Found ament_cmake_gtest: 1.3.11 (/opt/ros/humble/share/ament_cmake_gtest/cmake)
[5.068s] -- Found ros_testing: 0.4.0 (/opt/ros/humble/share/ros_testing/cmake)
[5.076s] -- Found launch_testing_ament_cmake: 1.0.8 (/opt/ros/humble/share/launch_testing_ament_cmake/cmake)
[5.082s] -- Found python_cmake_module: 0.10.0 (/opt/ros/humble/share/python_cmake_module/cmake)
[5.176s] -- Found PythonInterp: /usr/bin/python3 (found suitable version "3.10.12", minimum required is "3.6") 
[5.181s] -- Found PythonLibs: /usr/lib/x86_64-linux-gnu/libpython3.10.so (found suitable version "3.10.12", minimum required is "3.5") 
[5.181s] -- Using PYTHON_EXECUTABLE: /usr/bin/python3
[5.181s] -- Using PYTHON_INCLUDE_DIRS: /usr/include/python3.10
[5.181s] -- Using PYTHON_LIBRARIES: /usr/lib/x86_64-linux-gnu/libpython3.10.so
[5.269s] -- Found PythonExtra: .so  
[5.439s] -- Found gtest sources under '/opt/ros/humble/src/gtest_vendor': C++ tests using 'Google Test' will be built
[5.471s] -- Added test 'copyright' to check source files copyright and LICENSE
[5.476s] -- Added test 'lint_cmake' to check CMake code style
[5.480s] -- Added test 'pep257' to check Python code against some of the docstring style conventions in PEP 257
[5.484s] -- Added test 'xmllint' to check XML markup files
[5.492s] -- Configuring done
[5.582s] -- Generating done
[5.627s] -- Build files have been written to: /home/will/chess_robot_ws/build/rosparam_shortcuts
[5.655s] Invoked command in '/home/will/chess_robot_ws/build/rosparam_shortcuts' returned '0': CMAKE_PREFIX_PATH=${CMAKE_PREFIX_PATH}:/home/will/chess_robot_ws/install/chess_robot_simulation:/home/will/chess_robot_ws/install/moveit_configs_utils:/home/will/chess_robot_ws/install/launch_param_builder:/opt/ros/humble /usr/bin/cmake /home/will/chess_robot_ws/src/rosparam_shortcuts -DAMENT_CMAKE_SYMLINK_INSTALL=1 -DCMAKE_INSTALL_PREFIX=/home/will/chess_robot_ws/install/rosparam_shortcuts
[5.657s] Invoking command in '/home/will/chess_robot_ws/build/rosparam_shortcuts': CMAKE_PREFIX_PATH=${CMAKE_PREFIX_PATH}:/home/will/chess_robot_ws/install/chess_robot_simulation:/home/will/chess_robot_ws/install/moveit_configs_utils:/home/will/chess_robot_ws/install/launch_param_builder:/opt/ros/humble /usr/bin/cmake --build /home/will/chess_robot_ws/build/rosparam_shortcuts -- -j4 -l4
[5.929s] [  7%] [32mBuilding CXX object CMakeFiles/rosparam_shortcuts.dir/src/node_parameters.cpp.o[0m
[6.023s] [ 15%] [32mBuilding CXX object gtest/CMakeFiles/gtest.dir/src/gtest-all.cc.o[0m
[6.023s] [ 23%] [32mBuilding CXX object gtest/CMakeFiles/gtest_main.dir/src/gtest_main.cc.o[0m
[6.024s] [ 30%] [32mBuilding CXX object CMakeFiles/rosparam_shortcuts.dir/src/rosparam_shortcuts.cpp.o[0m
[10.486s] [ 38%] [32m[1mLinking CXX static library libgtest_main.a[0m
[11.341s] [ 38%] Built target gtest_main
[19.386s] [ 46%] [32m[1mLinking CXX static library libgtest.a[0m
[20.055s] [ 46%] Built target gtest
[28.380s] [ 53%] [32m[1mLinking CXX shared library librosparam_shortcuts.so[0m
[29.021s] [ 53%] Built target rosparam_shortcuts
[29.167s] [ 61%] [32mBuilding CXX object CMakeFiles/rosparam_shortcuts_example.dir/src/example.cpp.o[0m
[41.679s] [ 69%] [32m[1mLinking CXX executable example[0m
[42.234s] [ 69%] Built target rosparam_shortcuts_example
[42.456s] [ 76%] [32mBuilding CXX object CMakeFiles/test_node_parameters.dir/test/test_node_parameters.cpp.o[0m
[59.276s] [ 84%] [32m[1mLinking CXX executable test_node_parameters[0m
[60.193s] [ 84%] Built target test_node_parameters
[60.340s] [ 92%] [32mBuilding CXX object CMakeFiles/rosparam_shortcuts_node_parameters_example.dir/src/node_parameters_example.cpp.o[0m
[71.207s] [100%] [32m[1mLinking CXX executable node_parameters_example[0m
[71.842s] [100%] Built target rosparam_shortcuts_node_parameters_example
[71.963s] Invoked command in '/home/will/chess_robot_ws/build/rosparam_shortcuts' returned '0': CMAKE_PREFIX_PATH=${CMAKE_PREFIX_PATH}:/home/will/chess_robot_ws/install/chess_robot_simulation:/home/will/chess_robot_ws/install/moveit_configs_utils:/home/will/chess_robot_ws/install/launch_param_builder:/opt/ros/humble /usr/bin/cmake --build /home/will/chess_robot_ws/build/rosparam_shortcuts -- -j4 -l4
[72.028s] Invoking command in '/home/will/chess_robot_ws/build/rosparam_shortcuts': CMAKE_PREFIX_PATH=${CMAKE_PREFIX_PATH}:/home/will/chess_robot_ws/install/chess_robot_simulation:/home/will/chess_robot_ws/install/moveit_configs_utils:/home/will/chess_robot_ws/install/launch_param_builder:/opt/ros/humble /usr/bin/cmake --install /home/will/chess_robot_ws/build/rosparam_shortcuts
[72.072s] -- Install configuration: ""
[72.078s] -- Execute custom install script
[72.081s] -- Symlinking: /home/will/chess_robot_ws/install/rosparam_shortcuts/lib/rosparam_shortcuts/example
[72.125s] -- Symlinking: /home/will/chess_robot_ws/install/rosparam_shortcuts/lib/rosparam_shortcuts/node_parameters_example
[72.195s] -- Symlinking: /home/will/chess_robot_ws/install/rosparam_shortcuts/include/rosparam_shortcuts/node_parameters.h
[72.240s] -- Symlinking: /home/will/chess_robot_ws/install/rosparam_shortcuts/include/rosparam_shortcuts/rosparam_shortcuts.h
[72.300s] -- Symlinking: /home/will/chess_robot_ws/install/rosparam_shortcuts/share/rosparam_shortcuts/launch/example.launch.py
[72.353s] -- Symlinking: /home/will/chess_robot_ws/install/rosparam_shortcuts/share/rosparam_shortcuts/config/example.yaml
[72.414s] -- Symlinking: /home/will/chess_robot_ws/install/rosparam_shortcuts/share/rosparam_shortcuts/environment/library_path.sh
[72.471s] -- Symlinking: /home/will/chess_robot_ws/install/rosparam_shortcuts/share/rosparam_shortcuts/environment/library_path.dsv
[72.519s] -- Symlinking: /home/will/chess_robot_ws/install/rosparam_shortcuts/share/ament_index/resource_index/package_run_dependencies/rosparam_shortcuts
[72.561s] -- Symlinking: /home/will/chess_robot_ws/install/rosparam_shortcuts/share/ament_index/resource_index/parent_prefix_path/rosparam_shortcuts
[72.593s] -- Symlinking: /home/will/chess_robot_ws/install/rosparam_shortcuts/share/rosparam_shortcuts/environment/ament_prefix_path.sh
[72.628s] -- Symlinking: /home/will/chess_robot_ws/install/rosparam_shortcuts/share/rosparam_shortcuts/environment/ament_prefix_path.dsv
[72.656s] -- Symlinking: /home/will/chess_robot_ws/install/rosparam_shortcuts/share/rosparam_shortcuts/environment/path.sh
[72.691s] -- Symlinking: /home/will/chess_robot_ws/install/rosparam_shortcuts/share/rosparam_shortcuts/environment/path.dsv
[72.724s] -- Symlinking: /home/will/chess_robot_ws/install/rosparam_shortcuts/share/rosparam_shortcuts/local_setup.bash
[72.756s] -- Symlinking: /home/will/chess_robot_ws/install/rosparam_shortcuts/share/rosparam_shortcuts/local_setup.sh
[72.783s] -- Symlinking: /home/will/chess_robot_ws/install/rosparam_shortcuts/share/rosparam_shortcuts/local_setup.zsh
[72.810s] -- Symlinking: /home/will/chess_robot_ws/install/rosparam_shortcuts/share/rosparam_shortcuts/local_setup.dsv
[72.838s] -- Symlinking: /home/will/chess_robot_ws/install/rosparam_shortcuts/share/rosparam_shortcuts/package.dsv
[72.864s] -- Symlinking: /home/will/chess_robot_ws/install/rosparam_shortcuts/share/ament_index/resource_index/packages/rosparam_shortcuts
[72.891s] -- Symlinking: /home/will/chess_robot_ws/install/rosparam_shortcuts/share/rosparam_shortcuts/cmake/ament_cmake_export_targets-extras.cmake
[73.010s] -- Symlinking: /home/will/chess_robot_ws/install/rosparam_shortcuts/share/rosparam_shortcuts/cmake/ament_cmake_export_dependencies-extras.cmake
[73.073s] -- Symlinking: /home/will/chess_robot_ws/install/rosparam_shortcuts/share/rosparam_shortcuts/cmake/rosparam_shortcutsConfig.cmake
[73.144s] -- Symlinking: /home/will/chess_robot_ws/install/rosparam_shortcuts/share/rosparam_shortcuts/cmake/rosparam_shortcutsConfig-version.cmake
[73.204s] -- Symlinking: /home/will/chess_robot_ws/install/rosparam_shortcuts/share/rosparam_shortcuts/package.xml
[73.239s] -- Installing: /home/will/chess_robot_ws/install/rosparam_shortcuts/lib/librosparam_shortcuts.so
[73.252s] -- Set runtime path of "/home/will/chess_robot_ws/install/rosparam_shortcuts/lib/librosparam_shortcuts.so" to ""
[73.254s] -- Installing: /home/will/chess_robot_ws/install/rosparam_shortcuts/share/rosparam_shortcuts/cmake/export_rosparam_shortcutsExport.cmake
[73.255s] -- Installing: /home/will/chess_robot_ws/install/rosparam_shortcuts/share/rosparam_shortcuts/cmake/export_rosparam_shortcutsExport-noconfig.cmake
[73.290s] Invoked command in '/home/will/chess_robot_ws/build/rosparam_shortcuts' returned '0': CMAKE_PREFIX_PATH=${CMAKE_PREFIX_PATH}:/home/will/chess_robot_ws/install/chess_robot_simulation:/home/will/chess_robot_ws/install/moveit_configs_utils:/home/will/chess_robot_ws/install/launch_param_builder:/opt/ros/humble /usr/bin/cmake --install /home/will/chess_robot_ws/build/rosparam_shortcuts
