[0.068s] Invoking command in '/home/will/chess_robot_ws/build/moveit_resources_prbt_support': CMAKE_PREFIX_PATH=${CMAKE_PREFIX_PATH}:/home/will/chess_robot_ws/install/chess_robot_simulation:/home/will/chess_robot_ws/install/moveit_configs_utils:/home/will/chess_robot_ws/install/launch_param_builder:/opt/ros/humble /usr/bin/cmake /home/will/chess_robot_ws/src/moveit2/moveit_planners/test_configs/prbt_support -DAMENT_CMAKE_SYMLINK_INSTALL=1 -DCMAKE_INSTALL_PREFIX=/home/will/chess_robot_ws/install/moveit_resources_prbt_support
[0.292s] -- The C compiler identification is GNU 11.4.0
[0.487s] -- The CXX compiler identification is GNU 11.4.0
[0.514s] -- Detecting C compiler ABI info
[0.802s] -- Detecting C compiler ABI info - done
[0.814s] -- Check for working C compiler: /usr/bin/cc - skipped
[0.815s] -- Detecting C compile features
[0.819s] -- Detecting C compile features - done
[0.838s] -- Detecting CXX compiler ABI info
[1.191s] -- Detecting CXX compiler ABI info - done
[1.222s] -- Check for working CXX compiler: /usr/bin/c++ - skipped
[1.223s] -- Detecting CXX compile features
[1.230s] -- Detecting CXX compile features - done
[1.251s] -- Found ament_cmake: 1.3.11 (/opt/ros/humble/share/ament_cmake/cmake)
[1.812s] -- Found Python3: /usr/bin/python3 (found version "3.10.12") found components: Interpreter 
[2.076s] -- Override CMake install command with custom implementation using symlinks instead of copying resources
[2.628s] -- Configuring done
[2.652s] -- Generating done
[2.660s] -- Build files have been written to: /home/will/chess_robot_ws/build/moveit_resources_prbt_support
[2.715s] Invoked command in '/home/will/chess_robot_ws/build/moveit_resources_prbt_support' returned '0': CMAKE_PREFIX_PATH=${CMAKE_PREFIX_PATH}:/home/will/chess_robot_ws/install/chess_robot_simulation:/home/will/chess_robot_ws/install/moveit_configs_utils:/home/will/chess_robot_ws/install/launch_param_builder:/opt/ros/humble /usr/bin/cmake /home/will/chess_robot_ws/src/moveit2/moveit_planners/test_configs/prbt_support -DAMENT_CMAKE_SYMLINK_INSTALL=1 -DCMAKE_INSTALL_PREFIX=/home/will/chess_robot_ws/install/moveit_resources_prbt_support
[2.716s] Invoking command in '/home/will/chess_robot_ws/build/moveit_resources_prbt_support': CMAKE_PREFIX_PATH=${CMAKE_PREFIX_PATH}:/home/will/chess_robot_ws/install/chess_robot_simulation:/home/will/chess_robot_ws/install/moveit_configs_utils:/home/will/chess_robot_ws/install/launch_param_builder:/opt/ros/humble /usr/bin/cmake --build /home/will/chess_robot_ws/build/moveit_resources_prbt_support -- -j4 -l4
[3.025s] Invoked command in '/home/will/chess_robot_ws/build/moveit_resources_prbt_support' returned '0': CMAKE_PREFIX_PATH=${CMAKE_PREFIX_PATH}:/home/will/chess_robot_ws/install/chess_robot_simulation:/home/will/chess_robot_ws/install/moveit_configs_utils:/home/will/chess_robot_ws/install/launch_param_builder:/opt/ros/humble /usr/bin/cmake --build /home/will/chess_robot_ws/build/moveit_resources_prbt_support -- -j4 -l4
[3.026s] Invoking command in '/home/will/chess_robot_ws/build/moveit_resources_prbt_support': CMAKE_PREFIX_PATH=${CMAKE_PREFIX_PATH}:/home/will/chess_robot_ws/install/chess_robot_simulation:/home/will/chess_robot_ws/install/moveit_configs_utils:/home/will/chess_robot_ws/install/launch_param_builder:/opt/ros/humble /usr/bin/cmake --install /home/will/chess_robot_ws/build/moveit_resources_prbt_support
[3.103s] -- Install configuration: ""
[3.106s] -- Execute custom install script
[3.108s] -- Symlinking: /home/will/chess_robot_ws/install/moveit_resources_prbt_support/share/ament_index/resource_index/package_run_dependencies/moveit_resources_prbt_support
[3.164s] -- Symlinking: /home/will/chess_robot_ws/install/moveit_resources_prbt_support/share/ament_index/resource_index/parent_prefix_path/moveit_resources_prbt_support
[3.247s] -- Symlinking: /home/will/chess_robot_ws/install/moveit_resources_prbt_support/share/moveit_resources_prbt_support/environment/ament_prefix_path.sh
[3.298s] -- Symlinking: /home/will/chess_robot_ws/install/moveit_resources_prbt_support/share/moveit_resources_prbt_support/environment/ament_prefix_path.dsv
[3.352s] -- Symlinking: /home/will/chess_robot_ws/install/moveit_resources_prbt_support/share/moveit_resources_prbt_support/environment/path.sh
[3.420s] -- Symlinking: /home/will/chess_robot_ws/install/moveit_resources_prbt_support/share/moveit_resources_prbt_support/environment/path.dsv
[3.472s] -- Symlinking: /home/will/chess_robot_ws/install/moveit_resources_prbt_support/share/moveit_resources_prbt_support/local_setup.bash
[3.494s] -- Symlinking: /home/will/chess_robot_ws/install/moveit_resources_prbt_support/share/moveit_resources_prbt_support/local_setup.sh
[3.533s] -- Symlinking: /home/will/chess_robot_ws/install/moveit_resources_prbt_support/share/moveit_resources_prbt_support/local_setup.zsh
[3.579s] -- Symlinking: /home/will/chess_robot_ws/install/moveit_resources_prbt_support/share/moveit_resources_prbt_support/local_setup.dsv
[3.611s] -- Symlinking: /home/will/chess_robot_ws/install/moveit_resources_prbt_support/share/moveit_resources_prbt_support/package.dsv
[3.662s] -- Symlinking: /home/will/chess_robot_ws/install/moveit_resources_prbt_support/share/ament_index/resource_index/packages/moveit_resources_prbt_support
[3.679s] -- Symlinking: /home/will/chess_robot_ws/install/moveit_resources_prbt_support/share/moveit_resources_prbt_support/cmake/moveit_resources_prbt_supportConfig.cmake
[3.749s] -- Symlinking: /home/will/chess_robot_ws/install/moveit_resources_prbt_support/share/moveit_resources_prbt_support/cmake/moveit_resources_prbt_supportConfig-version.cmake
[3.834s] -- Symlinking: /home/will/chess_robot_ws/install/moveit_resources_prbt_support/share/moveit_resources_prbt_support/package.xml
[3.906s] -- Symlinking: /home/will/chess_robot_ws/install/moveit_resources_prbt_support/share/moveit_resources_prbt_support/urdf/prbt.ros2_control.xacro
[3.968s] -- Symlinking: /home/will/chess_robot_ws/install/moveit_resources_prbt_support/share/moveit_resources_prbt_support/urdf/prbt.xacro
[4.059s] -- Symlinking: /home/will/chess_robot_ws/install/moveit_resources_prbt_support/share/moveit_resources_prbt_support/urdf/prbt_macro.xacro
[4.172s] -- Symlinking: /home/will/chess_robot_ws/install/moveit_resources_prbt_support/share/moveit_resources_prbt_support/urdf/simple_gripper_brackets.urdf.xacro
[4.205s] -- Symlinking: /home/will/chess_robot_ws/install/moveit_resources_prbt_support/share/moveit_resources_prbt_support/meshes/flange.dae
[4.261s] -- Symlinking: /home/will/chess_robot_ws/install/moveit_resources_prbt_support/share/moveit_resources_prbt_support/meshes/flange.stl
[4.261s] -- Symlinking: /home/will/chess_robot_ws/install/moveit_resources_prbt_support/share/moveit_resources_prbt_support/meshes/foot.dae
[4.321s] -- Symlinking: /home/will/chess_robot_ws/install/moveit_resources_prbt_support/share/moveit_resources_prbt_support/meshes/foot.stl
[4.332s] -- Symlinking: /home/will/chess_robot_ws/install/moveit_resources_prbt_support/share/moveit_resources_prbt_support/meshes/link_1.dae
[4.360s] -- Symlinking: /home/will/chess_robot_ws/install/moveit_resources_prbt_support/share/moveit_resources_prbt_support/meshes/link_1.stl
[4.400s] -- Symlinking: /home/will/chess_robot_ws/install/moveit_resources_prbt_support/share/moveit_resources_prbt_support/meshes/link_2.dae
[4.439s] -- Symlinking: /home/will/chess_robot_ws/install/moveit_resources_prbt_support/share/moveit_resources_prbt_support/meshes/link_2.stl
[4.483s] -- Symlinking: /home/will/chess_robot_ws/install/moveit_resources_prbt_support/share/moveit_resources_prbt_support/meshes/link_3.dae
[4.525s] -- Symlinking: /home/will/chess_robot_ws/install/moveit_resources_prbt_support/share/moveit_resources_prbt_support/meshes/link_3.stl
[4.585s] -- Symlinking: /home/will/chess_robot_ws/install/moveit_resources_prbt_support/share/moveit_resources_prbt_support/meshes/link_4.dae
[4.641s] -- Symlinking: /home/will/chess_robot_ws/install/moveit_resources_prbt_support/share/moveit_resources_prbt_support/meshes/link_4.stl
[4.674s] -- Symlinking: /home/will/chess_robot_ws/install/moveit_resources_prbt_support/share/moveit_resources_prbt_support/meshes/link_5.dae
[4.720s] -- Symlinking: /home/will/chess_robot_ws/install/moveit_resources_prbt_support/share/moveit_resources_prbt_support/meshes/link_5.stl
[4.782s] -- Symlinking: /home/will/chess_robot_ws/install/moveit_resources_prbt_support/share/moveit_resources_prbt_support/config/manipulator_controller.yaml
[4.853s] -- Symlinking: /home/will/chess_robot_ws/install/moveit_resources_prbt_support/share/moveit_resources_prbt_support/config/manipulator_driver.yaml
[4.929s] -- Symlinking: /home/will/chess_robot_ws/install/moveit_resources_prbt_support/share/moveit_resources_prbt_support/config/prbt_0_1.dcf
[4.981s] Invoked command in '/home/will/chess_robot_ws/build/moveit_resources_prbt_support' returned '0': CMAKE_PREFIX_PATH=${CMAKE_PREFIX_PATH}:/home/will/chess_robot_ws/install/chess_robot_simulation:/home/will/chess_robot_ws/install/moveit_configs_utils:/home/will/chess_robot_ws/install/launch_param_builder:/opt/ros/humble /usr/bin/cmake --install /home/will/chess_robot_ws/build/moveit_resources_prbt_support
