/home/ros/chess_robot_ws/install/chess_robot_simulation/lib/python3.10/site-packages/chess_robot_simulation/minimal_node.py
/home/ros/chess_robot_ws/install/chess_robot_simulation/lib/python3.10/site-packages/chess_robot_simulation/minimal_publisher.py
/home/ros/chess_robot_ws/install/chess_robot_simulation/lib/python3.10/site-packages/chess_robot_simulation/chess_robot_node.py
/home/ros/chess_robot_ws/install/chess_robot_simulation/lib/python3.10/site-packages/chess_robot_simulation/__init__.py
/home/ros/chess_robot_ws/install/chess_robot_simulation/lib/python3.10/site-packages/chess_robot_simulation/__pycache__/minimal_node.cpython-310.pyc
/home/ros/chess_robot_ws/install/chess_robot_simulation/lib/python3.10/site-packages/chess_robot_simulation/__pycache__/minimal_publisher.cpython-310.pyc
/home/ros/chess_robot_ws/install/chess_robot_simulation/lib/python3.10/site-packages/chess_robot_simulation/__pycache__/chess_robot_node.cpython-310.pyc
/home/ros/chess_robot_ws/install/chess_robot_simulation/lib/python3.10/site-packages/chess_robot_simulation/__pycache__/__init__.cpython-310.pyc
/home/ros/chess_robot_ws/install/chess_robot_simulation/share/ament_index/resource_index/packages/chess_robot_simulation
/home/ros/chess_robot_ws/install/chess_robot_simulation/share/chess_robot_simulation/package.xml
/home/ros/chess_robot_ws/install/chess_robot_simulation/share/chess_robot_simulation/debug.launch.py
/home/ros/chess_robot_ws/install/chess_robot_simulation/share/chess_robot_simulation/chess_robot.launch.py
/home/ros/chess_robot_ws/install/chess_robot_simulation/lib/python3.10/site-packages/chess_robot_simulation-0.0.1-py3.10.egg-info/SOURCES.txt
/home/ros/chess_robot_ws/install/chess_robot_simulation/lib/python3.10/site-packages/chess_robot_simulation-0.0.1-py3.10.egg-info/PKG-INFO
/home/ros/chess_robot_ws/install/chess_robot_simulation/lib/python3.10/site-packages/chess_robot_simulation-0.0.1-py3.10.egg-info/dependency_links.txt
/home/ros/chess_robot_ws/install/chess_robot_simulation/lib/python3.10/site-packages/chess_robot_simulation-0.0.1-py3.10.egg-info/requires.txt
/home/ros/chess_robot_ws/install/chess_robot_simulation/lib/python3.10/site-packages/chess_robot_simulation-0.0.1-py3.10.egg-info/entry_points.txt
/home/ros/chess_robot_ws/install/chess_robot_simulation/lib/python3.10/site-packages/chess_robot_simulation-0.0.1-py3.10.egg-info/zip-safe
/home/ros/chess_robot_ws/install/chess_robot_simulation/lib/python3.10/site-packages/chess_robot_simulation-0.0.1-py3.10.egg-info/top_level.txt
/home/ros/chess_robot_ws/install/chess_robot_simulation/lib/chess_robot_simulation/chess_robot_node
/home/ros/chess_robot_ws/install/chess_robot_simulation/lib/chess_robot_simulation/minimal_node
/home/ros/chess_robot_ws/install/chess_robot_simulation/lib/chess_robot_simulation/minimal_publisher
