[0.665s] Invoking command in '/home/ros/chess_robot_ws/build/chess_robot_simulation': PYTHONPATH=/home/ros/chess_robot_ws/build/chess_robot_simulation/prefix_override:/usr/lib/python3/dist-packages/colcon_core/task/python/colcon_distutils_commands:/home/ros/chess_robot_ws/install/chess_robot_simulation/lib/python3.10/site-packages:${PYTHONPATH} /usr/bin/python3 -W ignore:setup.py install is deprecated -W ignore:easy_install command is deprecated setup.py develop --editable --build-directory /home/ros/chess_robot_ws/build/chess_robot_simulation/build --no-deps symlink_data
[0.913s] running develop
[1.078s] running egg_info
[1.078s] creating chess_robot_simulation.egg-info
[1.078s] writing chess_robot_simulation.egg-info/PKG-INFO
[1.079s] writing dependency_links to chess_robot_simulation.egg-info/dependency_links.txt
[1.079s] writing entry points to chess_robot_simulation.egg-info/entry_points.txt
[1.079s] writing requirements to chess_robot_simulation.egg-info/requires.txt
[1.079s] writing top-level names to chess_robot_simulation.egg-info/top_level.txt
[1.079s] writing manifest file 'chess_robot_simulation.egg-info/SOURCES.txt'
[1.081s] reading manifest file 'chess_robot_simulation.egg-info/SOURCES.txt'
[1.082s] writing manifest file 'chess_robot_simulation.egg-info/SOURCES.txt'
[1.083s] running build_ext
[1.083s] Creating /home/ros/chess_robot_ws/install/chess_robot_simulation/lib/python3.10/site-packages/chess-robot-simulation.egg-link (link to .)
[1.084s] Installing chess_robot_node script to /home/ros/chess_robot_ws/install/chess_robot_simulation/lib/chess_robot_simulation
[1.085s] 
[1.085s] Installed /home/ros/chess_robot_ws/build/chess_robot_simulation
[1.085s] running symlink_data
[1.085s] creating /home/ros/chess_robot_ws/install/chess_robot_simulation/share/ament_index
[1.085s] creating /home/ros/chess_robot_ws/install/chess_robot_simulation/share/ament_index/resource_index
[1.085s] creating /home/ros/chess_robot_ws/install/chess_robot_simulation/share/ament_index/resource_index/packages
[1.085s] symbolically linking /home/ros/chess_robot_ws/build/chess_robot_simulation/resource/chess_robot_simulation -> /home/ros/chess_robot_ws/install/chess_robot_simulation/share/ament_index/resource_index/packages
[1.085s] symbolically linking /home/ros/chess_robot_ws/build/chess_robot_simulation/package.xml -> /home/ros/chess_robot_ws/install/chess_robot_simulation/share/chess_robot_simulation
[1.086s] symbolically linking /home/ros/chess_robot_ws/build/chess_robot_simulation/launch/chess_robot.launch.py -> /home/ros/chess_robot_ws/install/chess_robot_simulation/share/chess_robot_simulation
[1.114s] Invoked command in '/home/ros/chess_robot_ws/build/chess_robot_simulation' returned '0': PYTHONPATH=/home/ros/chess_robot_ws/build/chess_robot_simulation/prefix_override:/usr/lib/python3/dist-packages/colcon_core/task/python/colcon_distutils_commands:/home/ros/chess_robot_ws/install/chess_robot_simulation/lib/python3.10/site-packages:${PYTHONPATH} /usr/bin/python3 -W ignore:setup.py install is deprecated -W ignore:easy_install command is deprecated setup.py develop --editable --build-directory /home/ros/chess_robot_ws/build/chess_robot_simulation/build --no-deps symlink_data
